[ 2017-03-27T11:18:50+08:00 ] 127.0.0.1 /DomainSystem/index.php/Admin/
INFO: [ app_init ] --START--
INFO: Run Behavior\BuildLiteBehavior [ RunTime:0.000007s ]
INFO: [ app_init ] --END-- [ RunTime:0.000049s ]
INFO: [ app_begin ] --START--
INFO: Run Behavior\ReadHtmlCacheBehavior [ RunTime:0.000038s ]
INFO: [ app_begin ] --END-- [ RunTime:0.000069s ]
INFO: [ view_parse ] --START--
INFO: [ template_filter ] --START--
INFO: Run Behavior\ContentReplaceBehavior [ RunTime:0.000030s ]
INFO: [ template_filter ] --END-- [ RunTime:0.000076s ]
INFO: Run Behavior\ParseTemplateBehavior [ RunTime:0.017980s ]
INFO: [ view_parse ] --END-- [ RunTime:0.018018s ]
INFO: [ view_filter ] --START--
INFO: Run Behavior\WriteHtmlCacheBehavior [ RunTime:0.000032s ]
INFO: [ view_filter ] --END-- [ RunTime:0.000043s ]
INFO: [ app_end ] --START--
INFO: Run Behavior\ShowPageTraceBehavior [ RunTime:0.000022s ]
INFO: [ app_end ] --END-- [ RunTime:0.000034s ]

[ 2017-03-27T11:18:54+08:00 ] 127.0.0.1 /DomainSystem/index.php/Admin/Login/checkLog
INFO: [ app_init ] --START--
INFO: Run Behavior\BuildLiteBehavior [ RunTime:0.000007s ]
INFO: [ app_init ] --END-- [ RunTime:0.000080s ]
INFO: [ app_begin ] --START--
INFO: Run Behavior\ReadHtmlCacheBehavior [ RunTime:0.000028s ]
INFO: [ app_begin ] --END-- [ RunTime:0.000051s ]
NOTIC: [8192] mysql_connect(): The mysql extension is deprecated and will be removed in the future: use mysqli or PDO instead /var/www/html/DomainSystem/ThinkPHP/Library/Think/Db/Driver/Mysql.class.php 第 52 行.
SQL: SHOW COLUMNS FROM `db_admins` [ RunTime:0.000456s ]
SQL: SELECT `uid`,`username`,`regtime` FROM `db_admins` WHERE `username` = 'root' AND `password` = 'root' LIMIT 1   [ RunTime:0.000253s ]
INFO: [ view_parse ] --START--
INFO: [ template_filter ] --START--
INFO: Run Behavior\ContentReplaceBehavior [ RunTime:0.000028s ]
INFO: [ template_filter ] --END-- [ RunTime:0.000054s ]
INFO: Run Behavior\ParseTemplateBehavior [ RunTime:0.001303s ]
INFO: [ view_parse ] --END-- [ RunTime:0.001333s ]
INFO: [ view_filter ] --START--
INFO: Run Behavior\WriteHtmlCacheBehavior [ RunTime:0.000035s ]
INFO: [ view_filter ] --END-- [ RunTime:0.000052s ]
INFO: [ app_end ] --START--
INFO: Run Behavior\ShowPageTraceBehavior [ RunTime:0.000025s ]
INFO: [ app_end ] --END-- [ RunTime:0.000042s ]

[ 2017-03-27T11:18:58+08:00 ] 127.0.0.1 /DomainSystem/index.php/Admin/Profile/index
INFO: [ app_init ] --START--
INFO: Run Behavior\BuildLiteBehavior [ RunTime:0.000023s ]
INFO: [ app_init ] --END-- [ RunTime:0.000217s ]
INFO: [ app_begin ] --START--
INFO: Run Behavior\ReadHtmlCacheBehavior [ RunTime:0.000151s ]
INFO: [ app_begin ] --END-- [ RunTime:0.000244s ]
NOTIC: [8192] mysql_connect(): The mysql extension is deprecated and will be removed in the future: use mysqli or PDO instead /var/www/html/DomainSystem/ThinkPHP/Library/Think/Db/Driver/Mysql.class.php 第 52 行.
SQL: SHOW COLUMNS FROM `db_admins` [ RunTime:0.000469s ]
SQL: SELECT * FROM `db_admins` WHERE `uid` = 1 LIMIT 1   [ RunTime:0.000219s ]
SQL: SHOW COLUMNS FROM `db_auth_group` [ RunTime:0.000363s ]
SQL: SELECT * FROM `db_auth_group` WHERE `id` = 5 LIMIT 1   [ RunTime:0.006591s ]
INFO: [ view_parse ] --START--
INFO: [ template_filter ] --START--
INFO: Run Behavior\ContentReplaceBehavior [ RunTime:0.000102s ]
INFO: [ template_filter ] --END-- [ RunTime:0.000150s ]
INFO: Run Behavior\ParseTemplateBehavior [ RunTime:0.060427s ]
INFO: [ view_parse ] --END-- [ RunTime:0.060476s ]
INFO: [ view_filter ] --START--
INFO: Run Behavior\WriteHtmlCacheBehavior [ RunTime:0.000072s ]
INFO: [ view_filter ] --END-- [ RunTime:0.000098s ]
INFO: [ app_end ] --START--
INFO: Run Behavior\ShowPageTraceBehavior [ RunTime:0.000046s ]
INFO: [ app_end ] --END-- [ RunTime:0.000077s ]

[ 2017-03-27T11:19:01+08:00 ] 127.0.0.1 /DomainSystem/index.php/Admin/Order/orderlist
INFO: [ app_init ] --START--
INFO: Run Behavior\BuildLiteBehavior [ RunTime:0.000007s ]
INFO: [ app_init ] --END-- [ RunTime:0.000049s ]
INFO: [ app_begin ] --START--
INFO: Run Behavior\ReadHtmlCacheBehavior [ RunTime:0.000023s ]
INFO: [ app_begin ] --END-- [ RunTime:0.000040s ]
NOTIC: [8192] mysql_connect(): The mysql extension is deprecated and will be removed in the future: use mysqli or PDO instead /var/www/html/DomainSystem/ThinkPHP/Library/Think/Db/Driver/Mysql.class.php 第 52 行.
SQL: SHOW COLUMNS FROM `db_order` [ RunTime:0.000313s ]
NOTIC: [8] Undefined index: limit /var/www/html/DomainSystem/ThinkPHP/Library/Think/Db.class.php 第 788 行.
SQL: SELECT * FROM `db_order` WHERE ( id>=0 ) ORDER BY issuedate desc LIMIT 0,20   [ RunTime:0.000214s ]
SQL: SELECT COUNT(*) AS tp_count FROM `db_order` WHERE ( id>=0 ) LIMIT 1   [ RunTime:0.000106s ]
INFO: [ view_parse ] --START--
INFO: [ template_filter ] --START--
INFO: Run Behavior\ContentReplaceBehavior [ RunTime:0.000087s ]
INFO: [ template_filter ] --END-- [ RunTime:0.000881s ]
INFO: Run Behavior\ParseTemplateBehavior [ RunTime:0.028418s ]
INFO: [ view_parse ] --END-- [ RunTime:0.028441s ]
INFO: [ view_filter ] --START--
INFO: Run Behavior\WriteHtmlCacheBehavior [ RunTime:0.000034s ]
INFO: [ view_filter ] --END-- [ RunTime:0.000047s ]
INFO: [ app_end ] --START--
INFO: Run Behavior\ShowPageTraceBehavior [ RunTime:0.000029s ]
INFO: [ app_end ] --END-- [ RunTime:0.000048s ]

[ 2017-03-27T11:19:03+08:00 ] 127.0.0.1 /DomainSystem/index.php/Admin/Order/orderdetail/orderid/1490584299
INFO: [ app_init ] --START--
INFO: Run Behavior\BuildLiteBehavior [ RunTime:0.000009s ]
INFO: [ app_init ] --END-- [ RunTime:0.000064s ]
INFO: [ app_begin ] --START--
INFO: Run Behavior\ReadHtmlCacheBehavior [ RunTime:0.000034s ]
INFO: [ app_begin ] --END-- [ RunTime:0.000064s ]
NOTIC: [8192] mysql_connect(): The mysql extension is deprecated and will be removed in the future: use mysqli or PDO instead /var/www/html/DomainSystem/ThinkPHP/Library/Think/Db/Driver/Mysql.class.php 第 52 行.
SQL: SHOW COLUMNS FROM `db_order` [ RunTime:0.000522s ]
SQL: SELECT * FROM `db_order` WHERE `orderID` = '1490584299' LIMIT 1   [ RunTime:0.000059s ]
SQL: SHOW COLUMNS FROM `db_transaction` [ RunTime:0.000358s ]
SQL: SELECT * FROM `db_transaction` WHERE `orderID` = '1490584299' LIMIT 1   [ RunTime:0.000047s ]
SQL: SHOW COLUMNS FROM `db_item` [ RunTime:0.000355s ]
SQL: SELECT * FROM `db_item` WHERE `orderID` = 1490584299  [ RunTime:0.000707s ]
INFO: [ view_parse ] --START--
INFO: [ template_filter ] --START--
INFO: Run Behavior\ContentReplaceBehavior [ RunTime:0.000119s ]
INFO: [ template_filter ] --END-- [ RunTime:0.000190s ]
NOTIC: [8] Undefined variable: orderid /var/www/html/DomainSystem/Application/Runtime/Cache/Admin/6dcf12ba6872a6af8ecf0dec4d527447.php 第 595 行.
INFO: Run Behavior\ParseTemplateBehavior [ RunTime:0.021031s ]
INFO: [ view_parse ] --END-- [ RunTime:0.021058s ]
INFO: [ view_filter ] --START--
INFO: Run Behavior\WriteHtmlCacheBehavior [ RunTime:0.000038s ]
INFO: [ view_filter ] --END-- [ RunTime:0.000052s ]
INFO: [ app_end ] --START--
INFO: Run Behavior\ShowPageTraceBehavior [ RunTime:0.000020s ]
INFO: [ app_end ] --END-- [ RunTime:0.000037s ]

[ 2017-03-27T11:21:07+08:00 ] 127.0.0.1 /DomainSystem/index.php/Admin/
INFO: [ app_init ] --START--
INFO: Run Behavior\BuildLiteBehavior [ RunTime:0.000006s ]
INFO: [ app_init ] --END-- [ RunTime:0.000047s ]
INFO: [ app_begin ] --START--
INFO: Run Behavior\ReadHtmlCacheBehavior [ RunTime:0.000018s ]
INFO: [ app_begin ] --END-- [ RunTime:0.000034s ]
INFO: [ view_parse ] --START--
INFO: [ template_filter ] --START--
INFO: Run Behavior\ContentReplaceBehavior [ RunTime:0.000025s ]
INFO: [ template_filter ] --END-- [ RunTime:0.000052s ]
INFO: Run Behavior\ParseTemplateBehavior [ RunTime:0.001888s ]
INFO: [ view_parse ] --END-- [ RunTime:0.001909s ]
INFO: [ view_filter ] --START--
INFO: Run Behavior\WriteHtmlCacheBehavior [ RunTime:0.000042s ]
INFO: [ view_filter ] --END-- [ RunTime:0.000056s ]
INFO: [ app_end ] --START--
INFO: Run Behavior\ShowPageTraceBehavior [ RunTime:0.000030s ]
INFO: [ app_end ] --END-- [ RunTime:0.000044s ]

[ 2017-03-27T11:21:12+08:00 ] 127.0.0.1 /DomainSystem/index.php/Admin/Login/checkLog
INFO: [ app_init ] --START--
INFO: Run Behavior\BuildLiteBehavior [ RunTime:0.000007s ]
INFO: [ app_init ] --END-- [ RunTime:0.000045s ]
INFO: [ app_begin ] --START--
INFO: Run Behavior\ReadHtmlCacheBehavior [ RunTime:0.000018s ]
INFO: [ app_begin ] --END-- [ RunTime:0.000034s ]
NOTIC: [8192] mysql_connect(): The mysql extension is deprecated and will be removed in the future: use mysqli or PDO instead /var/www/html/DomainSystem/ThinkPHP/Library/Think/Db/Driver/Mysql.class.php 第 52 行.
SQL: SHOW COLUMNS FROM `db_admins` [ RunTime:0.000277s ]
SQL: SELECT `uid`,`username`,`regtime` FROM `db_admins` WHERE `username` = 'root' AND `password` = 'root' LIMIT 1   [ RunTime:0.000065s ]
INFO: [ view_parse ] --START--
INFO: [ template_filter ] --START--
INFO: Run Behavior\ContentReplaceBehavior [ RunTime:0.000019s ]
INFO: [ template_filter ] --END-- [ RunTime:0.000036s ]
INFO: Run Behavior\ParseTemplateBehavior [ RunTime:0.001025s ]
INFO: [ view_parse ] --END-- [ RunTime:0.001044s ]
INFO: [ view_filter ] --START--
INFO: Run Behavior\WriteHtmlCacheBehavior [ RunTime:0.000023s ]
INFO: [ view_filter ] --END-- [ RunTime:0.000034s ]
INFO: [ app_end ] --START--
INFO: Run Behavior\ShowPageTraceBehavior [ RunTime:0.000017s ]
INFO: [ app_end ] --END-- [ RunTime:0.000029s ]

[ 2017-03-27T11:21:15+08:00 ] 127.0.0.1 /DomainSystem/index.php/Admin/Profile/index
INFO: [ app_init ] --START--
INFO: Run Behavior\BuildLiteBehavior [ RunTime:0.000023s ]
INFO: [ app_init ] --END-- [ RunTime:0.000217s ]
INFO: [ app_begin ] --START--
INFO: Run Behavior\ReadHtmlCacheBehavior [ RunTime:0.000087s ]
INFO: [ app_begin ] --END-- [ RunTime:0.000159s ]
NOTIC: [8192] mysql_connect(): The mysql extension is deprecated and will be removed in the future: use mysqli or PDO instead /var/www/html/DomainSystem/ThinkPHP/Library/Think/Db/Driver/Mysql.class.php 第 52 行.
SQL: SHOW COLUMNS FROM `db_admins` [ RunTime:0.001259s ]
SQL: SELECT * FROM `db_admins` WHERE `uid` = 1 LIMIT 1   [ RunTime:0.001634s ]
SQL: SHOW COLUMNS FROM `db_auth_group` [ RunTime:0.000955s ]
SQL: SELECT * FROM `db_auth_group` WHERE `id` = 5 LIMIT 1   [ RunTime:0.000136s ]
INFO: [ view_parse ] --START--
INFO: [ template_filter ] --START--
INFO: Run Behavior\ContentReplaceBehavior [ RunTime:0.000105s ]
INFO: [ template_filter ] --END-- [ RunTime:0.000175s ]
INFO: Run Behavior\ParseTemplateBehavior [ RunTime:0.020925s ]
INFO: [ view_parse ] --END-- [ RunTime:0.020978s ]
INFO: [ view_filter ] --START--
INFO: Run Behavior\WriteHtmlCacheBehavior [ RunTime:0.000051s ]
INFO: [ view_filter ] --END-- [ RunTime:0.000078s ]
INFO: [ app_end ] --START--
INFO: Run Behavior\ShowPageTraceBehavior [ RunTime:0.000045s ]
INFO: [ app_end ] --END-- [ RunTime:0.003617s ]

[ 2017-03-27T11:21:19+08:00 ] 127.0.0.1 /DomainSystem/index.php/Admin/Order/orderlist
INFO: [ app_init ] --START--
INFO: Run Behavior\BuildLiteBehavior [ RunTime:0.000007s ]
INFO: [ app_init ] --END-- [ RunTime:0.000057s ]
INFO: [ app_begin ] --START--
INFO: Run Behavior\ReadHtmlCacheBehavior [ RunTime:0.000024s ]
INFO: [ app_begin ] --END-- [ RunTime:0.000044s ]
NOTIC: [8192] mysql_connect(): The mysql extension is deprecated and will be removed in the future: use mysqli or PDO instead /var/www/html/DomainSystem/ThinkPHP/Library/Think/Db/Driver/Mysql.class.php 第 52 行.
SQL: SHOW COLUMNS FROM `db_order` [ RunTime:0.000363s ]
NOTIC: [8] Undefined index: limit /var/www/html/DomainSystem/ThinkPHP/Library/Think/Db.class.php 第 788 行.
SQL: SELECT * FROM `db_order` WHERE ( id>=0 ) ORDER BY issuedate desc LIMIT 0,20   [ RunTime:0.000047s ]
SQL: SELECT COUNT(*) AS tp_count FROM `db_order` WHERE ( id>=0 ) LIMIT 1   [ RunTime:0.000032s ]
INFO: [ view_parse ] --START--
INFO: [ template_filter ] --START--
INFO: Run Behavior\ContentReplaceBehavior [ RunTime:0.000091s ]
INFO: [ template_filter ] --END-- [ RunTime:0.000155s ]
INFO: Run Behavior\ParseTemplateBehavior [ RunTime:0.011231s ]
INFO: [ view_parse ] --END-- [ RunTime:0.011253s ]
INFO: [ view_filter ] --START--
INFO: Run Behavior\WriteHtmlCacheBehavior [ RunTime:0.000031s ]
INFO: [ view_filter ] --END-- [ RunTime:0.000043s ]
INFO: [ app_end ] --START--
INFO: Run Behavior\ShowPageTraceBehavior [ RunTime:0.000034s ]
INFO: [ app_end ] --END-- [ RunTime:0.000060s ]

[ 2017-03-27T11:21:38+08:00 ] 127.0.0.1 /DomainSystem/index.php/Admin/Order/orderdetail/orderid/1490584078
INFO: [ app_init ] --START--
INFO: Run Behavior\BuildLiteBehavior [ RunTime:0.000008s ]
INFO: [ app_init ] --END-- [ RunTime:0.000069s ]
INFO: [ app_begin ] --START--
INFO: Run Behavior\ReadHtmlCacheBehavior [ RunTime:0.000018s ]
INFO: [ app_begin ] --END-- [ RunTime:0.000034s ]
NOTIC: [8192] mysql_connect(): The mysql extension is deprecated and will be removed in the future: use mysqli or PDO instead /var/www/html/DomainSystem/ThinkPHP/Library/Think/Db/Driver/Mysql.class.php 第 52 行.
SQL: SHOW COLUMNS FROM `db_order` [ RunTime:0.000315s ]
SQL: SELECT * FROM `db_order` WHERE `orderID` = '1490584078' LIMIT 1   [ RunTime:0.000171s ]
SQL: SHOW COLUMNS FROM `db_transaction` [ RunTime:0.000230s ]
SQL: SELECT * FROM `db_transaction` WHERE `orderID` = '1490584078' LIMIT 1   [ RunTime:0.000087s ]
SQL: SHOW COLUMNS FROM `db_item` [ RunTime:0.000280s ]
SQL: SELECT * FROM `db_item` WHERE `orderID` = 1490584078  [ RunTime:0.000084s ]
INFO: [ view_parse ] --START--
INFO: [ template_filter ] --START--
INFO: Run Behavior\ContentReplaceBehavior [ RunTime:0.000110s ]
INFO: [ template_filter ] --END-- [ RunTime:0.000145s ]
NOTIC: [8] Undefined variable: orderid /var/www/html/DomainSystem/Application/Runtime/Cache/Admin/6dcf12ba6872a6af8ecf0dec4d527447.php 第 595 行.
INFO: Run Behavior\ParseTemplateBehavior [ RunTime:0.013365s ]
INFO: [ view_parse ] --END-- [ RunTime:0.013384s ]
INFO: [ view_filter ] --START--
INFO: Run Behavior\WriteHtmlCacheBehavior [ RunTime:0.000029s ]
INFO: [ view_filter ] --END-- [ RunTime:0.000043s ]
INFO: [ app_end ] --START--
INFO: Run Behavior\ShowPageTraceBehavior [ RunTime:0.000024s ]
INFO: [ app_end ] --END-- [ RunTime:0.000041s ]

[ 2017-03-27T11:21:45+08:00 ] 127.0.0.1 /DomainSystem/index.php/Admin/Order/orderaccept/orderid/1490584078
INFO: [ app_init ] --START--
INFO: Run Behavior\BuildLiteBehavior [ RunTime:0.000007s ]
INFO: [ app_init ] --END-- [ RunTime:0.000051s ]
INFO: [ app_begin ] --START--
INFO: Run Behavior\ReadHtmlCacheBehavior [ RunTime:0.000022s ]
INFO: [ app_begin ] --END-- [ RunTime:0.000040s ]
NOTIC: [8192] mysql_connect(): The mysql extension is deprecated and will be removed in the future: use mysqli or PDO instead /var/www/html/DomainSystem/ThinkPHP/Library/Think/Db/Driver/Mysql.class.php 第 52 行.
SQL: SHOW COLUMNS FROM `db_order` [ RunTime:0.000316s ]
SQL: SELECT * FROM `db_order` WHERE `orderID` = '1490584078' LIMIT 1   [ RunTime:0.000039s ]
SQL: UPDATE `db_order` SET `status`='active' WHERE `orderID` = '1490584078' [ RunTime:0.001940s ]
SQL: UPDATE `db_order` SET `duedate`='2017-03-27 11:21:44' WHERE `orderID` = '1490584078' [ RunTime:0.000977s ]
SQL: SHOW COLUMNS FROM `db_item` [ RunTime:0.000312s ]
SQL: SELECT * FROM `db_item` WHERE `orderID` = 1490584078  [ RunTime:0.000032s ]
SQL: SHOW COLUMNS FROM `db_domainmgr` [ RunTime:0.000288s ]
SQL: UPDATE `db_domainmgr` SET `status`='active' WHERE `domainname` = 'xcvddfdfdf.club' [ RunTime:0.000340s ]
SQL: UPDATE `db_domainmgr` SET `registrationdate`='2017-03-27 11:21:44' WHERE `domainname` = 'xcvddfdfdf.club' [ RunTime:0.000309s ]
SQL: UPDATE `db_domainmgr` SET `expirydate`='2019-03-27 11:21:44' WHERE `domainname` = 'xcvddfdfdf.club' [ RunTime:0.000487s ]
SQL: UPDATE `db_domainmgr` SET `nextduedate`='2019-03-27 11:07:58' WHERE `domainname` = 'xcvddfdfdf.club' [ RunTime:0.000765s ]
INFO: [ view_parse ] --START--
INFO: [ template_filter ] --START--
INFO: Run Behavior\ContentReplaceBehavior [ RunTime:0.000022s ]
INFO: [ template_filter ] --END-- [ RunTime:0.000041s ]
INFO: Run Behavior\ParseTemplateBehavior [ RunTime:0.001000s ]
INFO: [ view_parse ] --END-- [ RunTime:0.001023s ]
INFO: [ view_filter ] --START--
INFO: Run Behavior\WriteHtmlCacheBehavior [ RunTime:0.000026s ]
INFO: [ view_filter ] --END-- [ RunTime:0.000039s ]
INFO: [ app_end ] --START--
INFO: Run Behavior\ShowPageTraceBehavior [ RunTime:0.000019s ]
INFO: [ app_end ] --END-- [ RunTime:0.000032s ]

[ 2017-03-27T11:21:46+08:00 ] 127.0.0.1 /DomainSystem/index.php/Admin/Order/orderdetail/orderid/1490584078
INFO: [ app_init ] --START--
INFO: Run Behavior\BuildLiteBehavior [ RunTime:0.000010s ]
INFO: [ app_init ] --END-- [ RunTime:0.000059s ]
INFO: [ app_begin ] --START--
INFO: Run Behavior\ReadHtmlCacheBehavior [ RunTime:0.000025s ]
INFO: [ app_begin ] --END-- [ RunTime:0.000052s ]
NOTIC: [8192] mysql_connect(): The mysql extension is deprecated and will be removed in the future: use mysqli or PDO instead /var/www/html/DomainSystem/ThinkPHP/Library/Think/Db/Driver/Mysql.class.php 第 52 行.
SQL: SHOW COLUMNS FROM `db_order` [ RunTime:0.000443s ]
SQL: SELECT * FROM `db_order` WHERE `orderID` = '1490584078' LIMIT 1   [ RunTime:0.000180s ]
SQL: SHOW COLUMNS FROM `db_transaction` [ RunTime:0.000342s ]
SQL: SELECT * FROM `db_transaction` WHERE `orderID` = '1490584078' LIMIT 1   [ RunTime:0.000061s ]
SQL: SHOW COLUMNS FROM `db_item` [ RunTime:0.000301s ]
SQL: SELECT * FROM `db_item` WHERE `orderID` = 1490584078  [ RunTime:0.002048s ]
INFO: [ view_parse ] --START--
INFO: [ template_filter ] --START--
INFO: Run Behavior\ContentReplaceBehavior [ RunTime:0.000169s ]
INFO: [ template_filter ] --END-- [ RunTime:0.000217s ]
NOTIC: [8] Undefined variable: orderid /var/www/html/DomainSystem/Application/Runtime/Cache/Admin/6dcf12ba6872a6af8ecf0dec4d527447.php 第 595 行.
INFO: Run Behavior\ParseTemplateBehavior [ RunTime:0.026307s ]
INFO: [ view_parse ] --END-- [ RunTime:0.026956s ]
INFO: [ view_filter ] --START--
INFO: Run Behavior\WriteHtmlCacheBehavior [ RunTime:0.000036s ]
INFO: [ view_filter ] --END-- [ RunTime:0.000049s ]
INFO: [ app_end ] --START--
INFO: Run Behavior\ShowPageTraceBehavior [ RunTime:0.000029s ]
INFO: [ app_end ] --END-- [ RunTime:0.000048s ]

[ 2017-03-27T11:45:54+08:00 ] 127.0.0.1 /DomainSystem/index.php/Admin/
INFO: [ app_init ] --START--
INFO: Run Behavior\BuildLiteBehavior [ RunTime:0.000007s ]
INFO: [ app_init ] --END-- [ RunTime:0.000047s ]
INFO: [ app_begin ] --START--
INFO: Run Behavior\ReadHtmlCacheBehavior [ RunTime:0.000020s ]
INFO: [ app_begin ] --END-- [ RunTime:0.000036s ]
INFO: [ view_parse ] --START--
INFO: [ template_filter ] --START--
INFO: Run Behavior\ContentReplaceBehavior [ RunTime:0.000023s ]
INFO: [ template_filter ] --END-- [ RunTime:0.000043s ]
INFO: Run Behavior\ParseTemplateBehavior [ RunTime:0.001691s ]
INFO: [ view_parse ] --END-- [ RunTime:0.001709s ]
INFO: [ view_filter ] --START--
INFO: Run Behavior\WriteHtmlCacheBehavior [ RunTime:0.000033s ]
INFO: [ view_filter ] --END-- [ RunTime:0.000047s ]
INFO: [ app_end ] --START--
INFO: Run Behavior\ShowPageTraceBehavior [ RunTime:0.000017s ]
INFO: [ app_end ] --END-- [ RunTime:0.000029s ]

[ 2017-03-27T11:46:00+08:00 ] 127.0.0.1 /DomainSystem/index.php/Admin/Login/checkLog
INFO: [ app_init ] --START--
INFO: Run Behavior\BuildLiteBehavior [ RunTime:0.000007s ]
INFO: [ app_init ] --END-- [ RunTime:0.000047s ]
INFO: [ app_begin ] --START--
INFO: Run Behavior\ReadHtmlCacheBehavior [ RunTime:0.000020s ]
INFO: [ app_begin ] --END-- [ RunTime:0.000036s ]
NOTIC: [8192] mysql_connect(): The mysql extension is deprecated and will be removed in the future: use mysqli or PDO instead /var/www/html/DomainSystem/ThinkPHP/Library/Think/Db/Driver/Mysql.class.php 第 52 行.
SQL: SHOW COLUMNS FROM `db_admins` [ RunTime:0.000296s ]
SQL: SELECT `uid`,`username`,`regtime` FROM `db_admins` WHERE `username` = 'root' AND `password` = 'root' LIMIT 1   [ RunTime:0.000134s ]
INFO: [ view_parse ] --START--
INFO: [ template_filter ] --START--
INFO: Run Behavior\ContentReplaceBehavior [ RunTime:0.000028s ]
INFO: [ template_filter ] --END-- [ RunTime:0.000066s ]
INFO: Run Behavior\ParseTemplateBehavior [ RunTime:0.001315s ]
INFO: [ view_parse ] --END-- [ RunTime:0.001346s ]
INFO: [ view_filter ] --START--
INFO: Run Behavior\WriteHtmlCacheBehavior [ RunTime:0.000039s ]
INFO: [ view_filter ] --END-- [ RunTime:0.000054s ]
INFO: [ app_end ] --START--
INFO: Run Behavior\ShowPageTraceBehavior [ RunTime:0.000030s ]
INFO: [ app_end ] --END-- [ RunTime:0.000043s ]

[ 2017-03-27T11:46:03+08:00 ] 127.0.0.1 /DomainSystem/index.php/Admin/Profile/index
INFO: [ app_init ] --START--
INFO: Run Behavior\BuildLiteBehavior [ RunTime:0.000006s ]
INFO: [ app_init ] --END-- [ RunTime:0.000045s ]
INFO: [ app_begin ] --START--
INFO: Run Behavior\ReadHtmlCacheBehavior [ RunTime:0.000052s ]
INFO: [ app_begin ] --END-- [ RunTime:0.000068s ]
NOTIC: [8192] mysql_connect(): The mysql extension is deprecated and will be removed in the future: use mysqli or PDO instead /var/www/html/DomainSystem/ThinkPHP/Library/Think/Db/Driver/Mysql.class.php 第 52 行.
SQL: SHOW COLUMNS FROM `db_admins` [ RunTime:0.000332s ]
SQL: SELECT * FROM `db_admins` WHERE `uid` = 1 LIMIT 1   [ RunTime:0.000122s ]
SQL: SHOW COLUMNS FROM `db_auth_group` [ RunTime:0.000179s ]
SQL: SELECT * FROM `db_auth_group` WHERE `id` = 5 LIMIT 1   [ RunTime:0.000078s ]
INFO: [ view_parse ] --START--
INFO: [ template_filter ] --START--
INFO: Run Behavior\ContentReplaceBehavior [ RunTime:0.000060s ]
INFO: [ template_filter ] --END-- [ RunTime:0.000090s ]
INFO: Run Behavior\ParseTemplateBehavior [ RunTime:0.007740s ]
INFO: [ view_parse ] --END-- [ RunTime:0.007760s ]
INFO: [ view_filter ] --START--
INFO: Run Behavior\WriteHtmlCacheBehavior [ RunTime:0.000061s ]
INFO: [ view_filter ] --END-- [ RunTime:0.000075s ]
INFO: [ app_end ] --START--
INFO: Run Behavior\ShowPageTraceBehavior [ RunTime:0.000025s ]
INFO: [ app_end ] --END-- [ RunTime:0.000040s ]

[ 2017-03-27T11:46:06+08:00 ] 127.0.0.1 /DomainSystem/index.php/Admin/Domain/domainlist
INFO: [ app_init ] --START--
INFO: Run Behavior\BuildLiteBehavior [ RunTime:0.000008s ]
INFO: [ app_init ] --END-- [ RunTime:0.000056s ]
INFO: [ app_begin ] --START--
INFO: Run Behavior\ReadHtmlCacheBehavior [ RunTime:0.000024s ]
INFO: [ app_begin ] --END-- [ RunTime:0.000043s ]
NOTIC: [8192] mysql_connect(): The mysql extension is deprecated and will be removed in the future: use mysqli or PDO instead /var/www/html/DomainSystem/ThinkPHP/Library/Think/Db/Driver/Mysql.class.php 第 52 行.
SQL: SHOW COLUMNS FROM `db_domainmgr` [ RunTime:0.000434s ]
NOTIC: [8] Undefined index: limit /var/www/html/DomainSystem/ThinkPHP/Library/Think/Db.class.php 第 788 行.
SQL: SELECT * FROM `db_domainmgr` WHERE ( id>=0 ) ORDER BY id desc LIMIT 0,20   [ RunTime:0.000250s ]
SQL: SELECT COUNT(*) AS tp_count FROM `db_domainmgr` WHERE ( id>=0 ) LIMIT 1   [ RunTime:0.000106s ]
INFO: [ view_parse ] --START--
INFO: [ template_filter ] --START--
INFO: Run Behavior\ContentReplaceBehavior [ RunTime:0.000115s ]
INFO: [ template_filter ] --END-- [ RunTime:0.000149s ]
INFO: Run Behavior\ParseTemplateBehavior [ RunTime:0.024610s ]
INFO: [ view_parse ] --END-- [ RunTime:0.024632s ]
INFO: [ view_filter ] --START--
INFO: Run Behavior\WriteHtmlCacheBehavior [ RunTime:0.000032s ]
INFO: [ view_filter ] --END-- [ RunTime:0.000044s ]
INFO: [ app_end ] --START--
INFO: Run Behavior\ShowPageTraceBehavior [ RunTime:0.000025s ]
INFO: [ app_end ] --END-- [ RunTime:0.000041s ]

[ 2017-03-27T11:46:17+08:00 ] 127.0.0.1 /DomainSystem/index.php/Admin/Order/orderlist
INFO: [ app_init ] --START--
INFO: Run Behavior\BuildLiteBehavior [ RunTime:0.000007s ]
INFO: [ app_init ] --END-- [ RunTime:0.000086s ]
INFO: [ app_begin ] --START--
INFO: Run Behavior\ReadHtmlCacheBehavior [ RunTime:0.000019s ]
INFO: [ app_begin ] --END-- [ RunTime:0.000034s ]
NOTIC: [8192] mysql_connect(): The mysql extension is deprecated and will be removed in the future: use mysqli or PDO instead /var/www/html/DomainSystem/ThinkPHP/Library/Think/Db/Driver/Mysql.class.php 第 52 行.
SQL: SHOW COLUMNS FROM `db_order` [ RunTime:0.000348s ]
NOTIC: [8] Undefined index: limit /var/www/html/DomainSystem/ThinkPHP/Library/Think/Db.class.php 第 788 行.
SQL: SELECT * FROM `db_order` WHERE ( id>=0 ) ORDER BY issuedate desc LIMIT 0,20   [ RunTime:0.000181s ]
SQL: SELECT COUNT(*) AS tp_count FROM `db_order` WHERE ( id>=0 ) LIMIT 1   [ RunTime:0.000106s ]
INFO: [ view_parse ] --START--
INFO: [ template_filter ] --START--
INFO: Run Behavior\ContentReplaceBehavior [ RunTime:0.000073s ]
INFO: [ template_filter ] --END-- [ RunTime:0.000107s ]
INFO: Run Behavior\ParseTemplateBehavior [ RunTime:0.011533s ]
INFO: [ view_parse ] --END-- [ RunTime:0.011553s ]
INFO: [ view_filter ] --START--
INFO: Run Behavior\WriteHtmlCacheBehavior [ RunTime:0.000031s ]
INFO: [ view_filter ] --END-- [ RunTime:0.000043s ]
INFO: [ app_end ] --START--
INFO: Run Behavior\ShowPageTraceBehavior [ RunTime:0.000027s ]
INFO: [ app_end ] --END-- [ RunTime:0.000044s ]

[ 2017-03-27T11:46:19+08:00 ] 127.0.0.1 /DomainSystem/index.php/Admin/Order/orderdetail/orderid/1490586291
INFO: [ app_init ] --START--
INFO: Run Behavior\BuildLiteBehavior [ RunTime:0.000009s ]
INFO: [ app_init ] --END-- [ RunTime:0.000065s ]
INFO: [ app_begin ] --START--
INFO: Run Behavior\ReadHtmlCacheBehavior [ RunTime:0.000026s ]
INFO: [ app_begin ] --END-- [ RunTime:0.000055s ]
NOTIC: [8192] mysql_connect(): The mysql extension is deprecated and will be removed in the future: use mysqli or PDO instead /var/www/html/DomainSystem/ThinkPHP/Library/Think/Db/Driver/Mysql.class.php 第 52 行.
SQL: SHOW COLUMNS FROM `db_order` [ RunTime:0.000474s ]
SQL: SELECT * FROM `db_order` WHERE `orderID` = '1490586291' LIMIT 1   [ RunTime:0.000064s ]
SQL: SHOW COLUMNS FROM `db_transaction` [ RunTime:0.000373s ]
SQL: SELECT * FROM `db_transaction` WHERE `orderID` = '1490586291' LIMIT 1   [ RunTime:0.000051s ]
SQL: SHOW COLUMNS FROM `db_item` [ RunTime:0.000348s ]
SQL: SELECT * FROM `db_item` WHERE `orderID` = 1490586291  [ RunTime:0.000049s ]
INFO: [ view_parse ] --START--
INFO: [ template_filter ] --START--
INFO: Run Behavior\ContentReplaceBehavior [ RunTime:0.000098s ]
INFO: [ template_filter ] --END-- [ RunTime:0.000133s ]
NOTIC: [8] Undefined variable: orderid /var/www/html/DomainSystem/Application/Runtime/Cache/Admin/6dcf12ba6872a6af8ecf0dec4d527447.php 第 595 行.
INFO: Run Behavior\ParseTemplateBehavior [ RunTime:0.021605s ]
INFO: [ view_parse ] --END-- [ RunTime:0.021633s ]
INFO: [ view_filter ] --START--
INFO: Run Behavior\WriteHtmlCacheBehavior [ RunTime:0.000031s ]
INFO: [ view_filter ] --END-- [ RunTime:0.000044s ]
INFO: [ app_end ] --START--
INFO: Run Behavior\ShowPageTraceBehavior [ RunTime:0.000021s ]
INFO: [ app_end ] --END-- [ RunTime:0.000038s ]

[ 2017-03-27T11:46:21+08:00 ] 127.0.0.1 /DomainSystem/index.php/Admin/Order/orderaccept/orderid/1490586291
INFO: [ app_init ] --START--
INFO: Run Behavior\BuildLiteBehavior [ RunTime:0.000006s ]
INFO: [ app_init ] --END-- [ RunTime:0.000046s ]
INFO: [ app_begin ] --START--
INFO: Run Behavior\ReadHtmlCacheBehavior [ RunTime:0.000019s ]
INFO: [ app_begin ] --END-- [ RunTime:0.000034s ]
NOTIC: [8192] mysql_connect(): The mysql extension is deprecated and will be removed in the future: use mysqli or PDO instead /var/www/html/DomainSystem/ThinkPHP/Library/Think/Db/Driver/Mysql.class.php 第 52 行.
SQL: SHOW COLUMNS FROM `db_order` [ RunTime:0.000306s ]
SQL: SELECT * FROM `db_order` WHERE `orderID` = '1490586291' LIMIT 1   [ RunTime:0.000034s ]
SQL: UPDATE `db_order` SET `status`='active' WHERE `orderID` = '1490586291' [ RunTime:0.001613s ]
SQL: UPDATE `db_order` SET `duedate`='2017-03-27 11:46:21' WHERE `orderID` = '1490586291' [ RunTime:0.000340s ]
SQL: SHOW COLUMNS FROM `db_item` [ RunTime:0.000228s ]
SQL: SELECT * FROM `db_item` WHERE `orderID` = 1490586291  [ RunTime:0.000029s ]
SQL: SHOW COLUMNS FROM `db_domainmgr` [ RunTime:0.000237s ]
SQL: UPDATE `db_domainmgr` SET `status`='active' WHERE `domainname` = 'acdddfefe.club' [ RunTime:0.000746s ]
SQL: UPDATE `db_domainmgr` SET `registrationdate`='2017-03-27 11:46:21' WHERE `domainname` = 'acdddfefe.club' [ RunTime:0.000326s ]
SQL: UPDATE `db_domainmgr` SET `expirydate`='2019-03-27 11:46:21' WHERE `domainname` = 'acdddfefe.club' [ RunTime:0.000266s ]
SQL: UPDATE `db_domainmgr` SET `nextduedate`='2019-03-27 11:44:51' WHERE `domainname` = 'acdddfefe.club' [ RunTime:0.000259s ]
INFO: [ view_parse ] --START--
INFO: [ template_filter ] --START--
INFO: Run Behavior\ContentReplaceBehavior [ RunTime:0.000021s ]
INFO: [ template_filter ] --END-- [ RunTime:0.000038s ]
INFO: Run Behavior\ParseTemplateBehavior [ RunTime:0.000888s ]
INFO: [ view_parse ] --END-- [ RunTime:0.000917s ]
INFO: [ view_filter ] --START--
INFO: Run Behavior\WriteHtmlCacheBehavior [ RunTime:0.000022s ]
INFO: [ view_filter ] --END-- [ RunTime:0.000034s ]
INFO: [ app_end ] --START--
INFO: Run Behavior\ShowPageTraceBehavior [ RunTime:0.000021s ]
INFO: [ app_end ] --END-- [ RunTime:0.000033s ]

[ 2017-03-27T11:46:22+08:00 ] 127.0.0.1 /DomainSystem/index.php/Admin/Order/orderdetail/orderid/1490586291
INFO: [ app_init ] --START--
INFO: Run Behavior\BuildLiteBehavior [ RunTime:0.000007s ]
INFO: [ app_init ] --END-- [ RunTime:0.000040s ]
INFO: [ app_begin ] --START--
INFO: Run Behavior\ReadHtmlCacheBehavior [ RunTime:0.000016s ]
INFO: [ app_begin ] --END-- [ RunTime:0.000033s ]
NOTIC: [8192] mysql_connect(): The mysql extension is deprecated and will be removed in the future: use mysqli or PDO instead /var/www/html/DomainSystem/ThinkPHP/Library/Think/Db/Driver/Mysql.class.php 第 52 行.
SQL: SHOW COLUMNS FROM `db_order` [ RunTime:0.000298s ]
SQL: SELECT * FROM `db_order` WHERE `orderID` = '1490586291' LIMIT 1   [ RunTime:0.000122s ]
SQL: SHOW COLUMNS FROM `db_transaction` [ RunTime:0.000188s ]
SQL: SELECT * FROM `db_transaction` WHERE `orderID` = '1490586291' LIMIT 1   [ RunTime:0.000029s ]
SQL: SHOW COLUMNS FROM `db_item` [ RunTime:0.000177s ]
SQL: SELECT * FROM `db_item` WHERE `orderID` = 1490586291  [ RunTime:0.000026s ]
INFO: [ view_parse ] --START--
INFO: [ template_filter ] --START--
INFO: Run Behavior\ContentReplaceBehavior [ RunTime:0.000182s ]
INFO: [ template_filter ] --END-- [ RunTime:0.000229s ]
NOTIC: [8] Undefined variable: orderid /var/www/html/DomainSystem/Application/Runtime/Cache/Admin/6dcf12ba6872a6af8ecf0dec4d527447.php 第 595 行.
INFO: Run Behavior\ParseTemplateBehavior [ RunTime:0.014963s ]
INFO: [ view_parse ] --END-- [ RunTime:0.014996s ]
INFO: [ view_filter ] --START--
INFO: Run Behavior\WriteHtmlCacheBehavior [ RunTime:0.000061s ]
INFO: [ view_filter ] --END-- [ RunTime:0.000077s ]
INFO: [ app_end ] --START--
INFO: Run Behavior\ShowPageTraceBehavior [ RunTime:0.000021s ]
INFO: [ app_end ] --END-- [ RunTime:0.000038s ]

