[ 2017-04-20T09:23:42+08:00 ] 192.168.44.128 /DomainSystem/index.php/Admin
INFO: [ app_init ] --START--
INFO: Run Behavior\BuildLiteBehavior [ RunTime:0.000067s ]
INFO: [ app_init ] --END-- [ RunTime:0.000233s ]
INFO: [ app_begin ] --START--
INFO: Run Behavior\ReadHtmlCacheBehavior [ RunTime:0.000246s ]
INFO: [ app_begin ] --END-- [ RunTime:0.000415s ]
INFO: [ view_parse ] --START--
INFO: [ template_filter ] --START--
INFO: Run Behavior\ContentReplaceBehavior [ RunTime:0.000225s ]
INFO: [ template_filter ] --END-- [ RunTime:0.000438s ]
INFO: Run Behavior\ParseTemplateBehavior [ RunTime:0.038969s ]
INFO: [ view_parse ] --END-- [ RunTime:0.039115s ]
INFO: [ view_filter ] --START--
INFO: Run Behavior\WriteHtmlCacheBehavior [ RunTime:0.000202s ]
INFO: [ view_filter ] --END-- [ RunTime:0.000266s ]
INFO: [ app_end ] --START--
INFO: Run Behavior\ShowPageTraceBehavior [ RunTime:0.000597s ]
INFO: [ app_end ] --END-- [ RunTime:0.000676s ]

[ 2017-04-20T09:23:48+08:00 ] 192.168.44.128 /DomainSystem/index.php/Admin/Index/shop
INFO: [ app_init ] --START--
INFO: Run Behavior\BuildLiteBehavior [ RunTime:0.000016s ]
INFO: [ app_init ] --END-- [ RunTime:0.000125s ]
INFO: [ app_begin ] --START--
INFO: Run Behavior\ReadHtmlCacheBehavior [ RunTime:0.000063s ]
INFO: [ app_begin ] --END-- [ RunTime:0.000105s ]

[ 2017-04-20T09:44:12+08:00 ] 192.168.44.128 /DomainSystem/index.php/Admin
INFO: [ app_init ] --START--
INFO: Run Behavior\BuildLiteBehavior [ RunTime:0.000026s ]
INFO: [ app_init ] --END-- [ RunTime:0.000088s ]
INFO: [ app_begin ] --START--
INFO: Run Behavior\ReadHtmlCacheBehavior [ RunTime:0.000033s ]
INFO: [ app_begin ] --END-- [ RunTime:0.000073s ]
INFO: [ view_parse ] --START--
INFO: [ template_filter ] --START--
INFO: Run Behavior\ContentReplaceBehavior [ RunTime:0.000029s ]
INFO: [ template_filter ] --END-- [ RunTime:0.000069s ]
INFO: Run Behavior\ParseTemplateBehavior [ RunTime:0.002108s ]
INFO: [ view_parse ] --END-- [ RunTime:0.002139s ]
INFO: [ view_filter ] --START--
INFO: Run Behavior\WriteHtmlCacheBehavior [ RunTime:0.000027s ]
INFO: [ view_filter ] --END-- [ RunTime:0.000042s ]
INFO: [ app_end ] --START--
INFO: Run Behavior\ShowPageTraceBehavior [ RunTime:0.000050s ]
INFO: [ app_end ] --END-- [ RunTime:0.000070s ]

[ 2017-04-20T09:44:14+08:00 ] 192.168.44.128 /DomainSystem/index.php/Admin/Index/shop
INFO: [ app_init ] --START--
INFO: Run Behavior\BuildLiteBehavior [ RunTime:0.000008s ]
INFO: [ app_init ] --END-- [ RunTime:0.000054s ]
INFO: [ app_begin ] --START--
INFO: Run Behavior\ReadHtmlCacheBehavior [ RunTime:0.000022s ]
INFO: [ app_begin ] --END-- [ RunTime:0.000044s ]

[ 2017-04-20T09:44:17+08:00 ] 192.168.44.128 /DomainSystem/index.php/Admin/Index/shop
INFO: [ app_init ] --START--
INFO: Run Behavior\BuildLiteBehavior [ RunTime:0.000019s ]
INFO: [ app_init ] --END-- [ RunTime:0.000126s ]
INFO: [ app_begin ] --START--
INFO: Run Behavior\ReadHtmlCacheBehavior [ RunTime:0.000064s ]
INFO: [ app_begin ] --END-- [ RunTime:0.000121s ]

[ 2017-04-20T09:44:43+08:00 ] 192.168.44.128 /DomainSystem/index.php/Admin/Index/shop
INFO: [ app_init ] --START--
INFO: Run Behavior\BuildLiteBehavior [ RunTime:0.000022s ]
INFO: [ app_init ] --END-- [ RunTime:0.000219s ]
INFO: [ app_begin ] --START--
INFO: Run Behavior\ReadHtmlCacheBehavior [ RunTime:0.000072s ]
INFO: [ app_begin ] --END-- [ RunTime:0.000119s ]

[ 2017-04-20T10:29:37+08:00 ] 192.168.44.128 /DomainSystem/index.php/Admin
INFO: [ app_init ] --START--
INFO: Run Behavior\BuildLiteBehavior [ RunTime:0.000007s ]
INFO: [ app_init ] --END-- [ RunTime:0.000046s ]
INFO: [ app_begin ] --START--
INFO: Run Behavior\ReadHtmlCacheBehavior [ RunTime:0.000018s ]
INFO: [ app_begin ] --END-- [ RunTime:0.000035s ]
INFO: [ view_parse ] --START--
INFO: [ template_filter ] --START--
INFO: Run Behavior\ContentReplaceBehavior [ RunTime:0.000023s ]
INFO: [ template_filter ] --END-- [ RunTime:0.000043s ]
INFO: Run Behavior\ParseTemplateBehavior [ RunTime:0.001983s ]
INFO: [ view_parse ] --END-- [ RunTime:0.002005s ]
INFO: [ view_filter ] --START--
INFO: Run Behavior\WriteHtmlCacheBehavior [ RunTime:0.000024s ]
INFO: [ view_filter ] --END-- [ RunTime:0.000035s ]
INFO: [ app_end ] --START--
INFO: Run Behavior\ShowPageTraceBehavior [ RunTime:0.000017s ]
INFO: [ app_end ] --END-- [ RunTime:0.000029s ]

[ 2017-04-20T10:29:46+08:00 ] 192.168.44.128 /DomainSystem/index.php/Admin/Login/checkLog
INFO: [ app_init ] --START--
INFO: Run Behavior\BuildLiteBehavior [ RunTime:0.000023s ]
INFO: [ app_init ] --END-- [ RunTime:0.000162s ]
INFO: [ app_begin ] --START--
INFO: Run Behavior\ReadHtmlCacheBehavior [ RunTime:0.000070s ]
INFO: [ app_begin ] --END-- [ RunTime:0.000144s ]
NOTIC: [8192] mysql_connect(): The mysql extension is deprecated and will be removed in the future: use mysqli or PDO instead /var/www/html/DomainSystem/ThinkPHP/Library/Think/Db/Driver/Mysql.class.php 第 52 行.
SQL: SHOW COLUMNS FROM `db_admins` [ RunTime:0.000739s ]
SQL: SELECT `uid`,`username`,`regtime` FROM `db_admins` WHERE `username` = 'root' AND `password` = 'root' LIMIT 1   [ RunTime:0.000423s ]
INFO: [ view_parse ] --START--
INFO: [ template_filter ] --START--
INFO: Run Behavior\ContentReplaceBehavior [ RunTime:0.000039s ]
INFO: [ template_filter ] --END-- [ RunTime:0.000077s ]
INFO: Run Behavior\ParseTemplateBehavior [ RunTime:0.002102s ]
INFO: [ view_parse ] --END-- [ RunTime:0.002144s ]
INFO: [ view_filter ] --START--
INFO: Run Behavior\WriteHtmlCacheBehavior [ RunTime:0.000046s ]
INFO: [ view_filter ] --END-- [ RunTime:0.000071s ]
INFO: [ app_end ] --START--
INFO: Run Behavior\ShowPageTraceBehavior [ RunTime:0.000033s ]
INFO: [ app_end ] --END-- [ RunTime:0.000056s ]

[ 2017-04-20T10:29:49+08:00 ] 192.168.44.128 /DomainSystem/index.php/Admin/Profile/index
INFO: [ app_init ] --START--
INFO: Run Behavior\BuildLiteBehavior [ RunTime:0.000010s ]
INFO: [ app_init ] --END-- [ RunTime:0.000068s ]
INFO: [ app_begin ] --START--
INFO: Run Behavior\ReadHtmlCacheBehavior [ RunTime:0.000030s ]
INFO: [ app_begin ] --END-- [ RunTime:0.000061s ]
NOTIC: [8192] mysql_connect(): The mysql extension is deprecated and will be removed in the future: use mysqli or PDO instead /var/www/html/DomainSystem/ThinkPHP/Library/Think/Db/Driver/Mysql.class.php 第 52 行.
SQL: SHOW COLUMNS FROM `db_admins` [ RunTime:0.000496s ]
SQL: SELECT * FROM `db_admins` WHERE `uid` = 1 LIMIT 1   [ RunTime:0.000260s ]
SQL: SHOW COLUMNS FROM `db_auth_group` [ RunTime:0.011070s ]
SQL: SELECT * FROM `db_auth_group` WHERE `id` = 1 LIMIT 1   [ RunTime:0.034007s ]
INFO: [ view_parse ] --START--
INFO: [ template_filter ] --START--
INFO: Run Behavior\ContentReplaceBehavior [ RunTime:0.000261s ]
INFO: [ template_filter ] --END-- [ RunTime:0.000374s ]
INFO: Run Behavior\ParseTemplateBehavior [ RunTime:0.027518s ]
INFO: [ view_parse ] --END-- [ RunTime:0.027702s ]
INFO: [ view_filter ] --START--
INFO: Run Behavior\WriteHtmlCacheBehavior [ RunTime:0.000100s ]
INFO: [ view_filter ] --END-- [ RunTime:0.000158s ]
INFO: [ app_end ] --START--
INFO: Run Behavior\ShowPageTraceBehavior [ RunTime:0.000098s ]
INFO: [ app_end ] --END-- [ RunTime:0.000176s ]

[ 2017-04-20T10:29:56+08:00 ] 192.168.44.128 /DomainSystem/index.php/Admin/Customer/customerlist
INFO: [ app_init ] --START--
INFO: Run Behavior\BuildLiteBehavior [ RunTime:0.000024s ]
INFO: [ app_init ] --END-- [ RunTime:0.000218s ]
INFO: [ app_begin ] --START--
INFO: Run Behavior\ReadHtmlCacheBehavior [ RunTime:0.000099s ]
INFO: [ app_begin ] --END-- [ RunTime:0.000347s ]
NOTIC: [8192] mysql_connect(): The mysql extension is deprecated and will be removed in the future: use mysqli or PDO instead /var/www/html/DomainSystem/ThinkPHP/Library/Think/Db/Driver/Mysql.class.php 第 52 行.
SQL: SHOW COLUMNS FROM `db_users` [ RunTime:0.001124s ]
NOTIC: [8] Undefined index: limit /var/www/html/DomainSystem/ThinkPHP/Library/Think/Db.class.php 第 788 行.
SQL: SELECT * FROM `db_users` WHERE ( id>=0 ) ORDER BY regtime desc LIMIT 0,20   [ RunTime:0.015466s ]
SQL: SELECT COUNT(*) AS tp_count FROM `db_users` WHERE ( id>=0 ) LIMIT 1   [ RunTime:0.000377s ]
INFO: [ view_parse ] --START--
INFO: [ template_filter ] --START--
INFO: Run Behavior\ContentReplaceBehavior [ RunTime:0.000167s ]
INFO: [ template_filter ] --END-- [ RunTime:0.000245s ]
INFO: Run Behavior\ParseTemplateBehavior [ RunTime:0.017891s ]
INFO: [ view_parse ] --END-- [ RunTime:0.017967s ]
INFO: [ view_filter ] --START--
INFO: Run Behavior\WriteHtmlCacheBehavior [ RunTime:0.000081s ]
INFO: [ view_filter ] --END-- [ RunTime:0.000124s ]
INFO: [ app_end ] --START--
INFO: Run Behavior\ShowPageTraceBehavior [ RunTime:0.000077s ]
INFO: [ app_end ] --END-- [ RunTime:0.000137s ]

[ 2017-04-20T10:32:00+08:00 ] 192.168.44.128 /DomainSystem/index.php/Admin/Customer/customeradd
INFO: [ app_init ] --START--
INFO: Run Behavior\BuildLiteBehavior [ RunTime:0.000007s ]
INFO: [ app_init ] --END-- [ RunTime:0.000057s ]
INFO: [ app_begin ] --START--
INFO: Run Behavior\ReadHtmlCacheBehavior [ RunTime:0.000025s ]
INFO: [ app_begin ] --END-- [ RunTime:0.000048s ]
INFO: [ view_parse ] --START--
INFO: [ template_filter ] --START--
INFO: Run Behavior\ContentReplaceBehavior [ RunTime:0.000059s ]
INFO: [ template_filter ] --END-- [ RunTime:0.000085s ]
NOTIC: [8] Undefined variable: profiles /var/www/html/DomainSystem/Application/Runtime/Cache/Admin/db0e2e2ed88c95528c81a46db074c6a7.php 第 325 行.
NOTIC: [8] Undefined variable: profiles /var/www/html/DomainSystem/Application/Runtime/Cache/Admin/db0e2e2ed88c95528c81a46db074c6a7.php 第 327 行.
NOTIC: [8] Undefined variable: profiles /var/www/html/DomainSystem/Application/Runtime/Cache/Admin/db0e2e2ed88c95528c81a46db074c6a7.php 第 329 行.
NOTIC: [8] Undefined variable: profiles /var/www/html/DomainSystem/Application/Runtime/Cache/Admin/db0e2e2ed88c95528c81a46db074c6a7.php 第 331 行.
NOTIC: [8] Undefined variable: profiles /var/www/html/DomainSystem/Application/Runtime/Cache/Admin/db0e2e2ed88c95528c81a46db074c6a7.php 第 333 行.
NOTIC: [8] Undefined variable: profiles /var/www/html/DomainSystem/Application/Runtime/Cache/Admin/db0e2e2ed88c95528c81a46db074c6a7.php 第 335 行.
NOTIC: [8] Undefined variable: profiles /var/www/html/DomainSystem/Application/Runtime/Cache/Admin/db0e2e2ed88c95528c81a46db074c6a7.php 第 337 行.
NOTIC: [8] Undefined variable: profiles /var/www/html/DomainSystem/Application/Runtime/Cache/Admin/db0e2e2ed88c95528c81a46db074c6a7.php 第 339 行.
NOTIC: [8] Undefined variable: profiles /var/www/html/DomainSystem/Application/Runtime/Cache/Admin/db0e2e2ed88c95528c81a46db074c6a7.php 第 341 行.
NOTIC: [8] Undefined variable: profiles /var/www/html/DomainSystem/Application/Runtime/Cache/Admin/db0e2e2ed88c95528c81a46db074c6a7.php 第 343 行.
NOTIC: [8] Undefined variable: profiles /var/www/html/DomainSystem/Application/Runtime/Cache/Admin/db0e2e2ed88c95528c81a46db074c6a7.php 第 345 行.
NOTIC: [8] Undefined variable: profiles /var/www/html/DomainSystem/Application/Runtime/Cache/Admin/db0e2e2ed88c95528c81a46db074c6a7.php 第 347 行.
NOTIC: [8] Undefined variable: cusid /var/www/html/DomainSystem/Application/Runtime/Cache/Admin/db0e2e2ed88c95528c81a46db074c6a7.php 第 388 行.
INFO: Run Behavior\ParseTemplateBehavior [ RunTime:0.006026s ]
INFO: [ view_parse ] --END-- [ RunTime:0.006077s ]
INFO: [ view_filter ] --START--
INFO: Run Behavior\WriteHtmlCacheBehavior [ RunTime:0.000048s ]
INFO: [ view_filter ] --END-- [ RunTime:0.000065s ]
INFO: [ app_end ] --START--
INFO: Run Behavior\ShowPageTraceBehavior [ RunTime:0.000031s ]
INFO: [ app_end ] --END-- [ RunTime:0.000054s ]

[ 2017-04-20T10:35:23+08:00 ] 192.168.44.128 /DomainSystem/index.php/Admin/Customer/customeradd
INFO: [ app_init ] --START--
INFO: Run Behavior\BuildLiteBehavior [ RunTime:0.000007s ]
INFO: [ app_init ] --END-- [ RunTime:0.000068s ]
INFO: [ app_begin ] --START--
INFO: Run Behavior\ReadHtmlCacheBehavior [ RunTime:0.000040s ]
INFO: [ app_begin ] --END-- [ RunTime:0.000060s ]
INFO: [ view_parse ] --START--
INFO: [ template_filter ] --START--
INFO: Run Behavior\ContentReplaceBehavior [ RunTime:0.000054s ]
INFO: [ template_filter ] --END-- [ RunTime:0.000077s ]
NOTIC: [8] Undefined variable: profiles /var/www/html/DomainSystem/Application/Runtime/Cache/Admin/db0e2e2ed88c95528c81a46db074c6a7.php 第 325 行.
NOTIC: [8] Undefined variable: profiles /var/www/html/DomainSystem/Application/Runtime/Cache/Admin/db0e2e2ed88c95528c81a46db074c6a7.php 第 327 行.
NOTIC: [8] Undefined variable: profiles /var/www/html/DomainSystem/Application/Runtime/Cache/Admin/db0e2e2ed88c95528c81a46db074c6a7.php 第 329 行.
NOTIC: [8] Undefined variable: profiles /var/www/html/DomainSystem/Application/Runtime/Cache/Admin/db0e2e2ed88c95528c81a46db074c6a7.php 第 331 行.
NOTIC: [8] Undefined variable: profiles /var/www/html/DomainSystem/Application/Runtime/Cache/Admin/db0e2e2ed88c95528c81a46db074c6a7.php 第 333 行.
NOTIC: [8] Undefined variable: profiles /var/www/html/DomainSystem/Application/Runtime/Cache/Admin/db0e2e2ed88c95528c81a46db074c6a7.php 第 335 行.
NOTIC: [8] Undefined variable: profiles /var/www/html/DomainSystem/Application/Runtime/Cache/Admin/db0e2e2ed88c95528c81a46db074c6a7.php 第 337 行.
NOTIC: [8] Undefined variable: profiles /var/www/html/DomainSystem/Application/Runtime/Cache/Admin/db0e2e2ed88c95528c81a46db074c6a7.php 第 339 行.
NOTIC: [8] Undefined variable: profiles /var/www/html/DomainSystem/Application/Runtime/Cache/Admin/db0e2e2ed88c95528c81a46db074c6a7.php 第 341 行.
NOTIC: [8] Undefined variable: profiles /var/www/html/DomainSystem/Application/Runtime/Cache/Admin/db0e2e2ed88c95528c81a46db074c6a7.php 第 343 行.
NOTIC: [8] Undefined variable: profiles /var/www/html/DomainSystem/Application/Runtime/Cache/Admin/db0e2e2ed88c95528c81a46db074c6a7.php 第 345 行.
NOTIC: [8] Undefined variable: profiles /var/www/html/DomainSystem/Application/Runtime/Cache/Admin/db0e2e2ed88c95528c81a46db074c6a7.php 第 347 行.
NOTIC: [8] Undefined variable: cusid /var/www/html/DomainSystem/Application/Runtime/Cache/Admin/db0e2e2ed88c95528c81a46db074c6a7.php 第 388 行.
INFO: Run Behavior\ParseTemplateBehavior [ RunTime:0.005434s ]
INFO: [ view_parse ] --END-- [ RunTime:0.005455s ]
INFO: [ view_filter ] --START--
INFO: Run Behavior\WriteHtmlCacheBehavior [ RunTime:0.000050s ]
INFO: [ view_filter ] --END-- [ RunTime:0.000066s ]
INFO: [ app_end ] --START--
INFO: Run Behavior\ShowPageTraceBehavior [ RunTime:0.000027s ]
INFO: [ app_end ] --END-- [ RunTime:0.000048s ]

[ 2017-04-20T10:39:48+08:00 ] 192.168.44.128 /DomainSystem/index.php/Admin/Domain/domainlist
INFO: [ app_init ] --START--
INFO: Run Behavior\BuildLiteBehavior [ RunTime:0.000006s ]
INFO: [ app_init ] --END-- [ RunTime:0.000043s ]
INFO: [ app_begin ] --START--
INFO: Run Behavior\ReadHtmlCacheBehavior [ RunTime:0.000020s ]
INFO: [ app_begin ] --END-- [ RunTime:0.000037s ]
NOTIC: [8192] mysql_connect(): The mysql extension is deprecated and will be removed in the future: use mysqli or PDO instead /var/www/html/DomainSystem/ThinkPHP/Library/Think/Db/Driver/Mysql.class.php 第 52 行.
SQL: SHOW COLUMNS FROM `db_domainmgr` [ RunTime:0.000468s ]
NOTIC: [8] Undefined index: limit /var/www/html/DomainSystem/ThinkPHP/Library/Think/Db.class.php 第 788 行.
SQL: SELECT * FROM `db_domainmgr` WHERE ( id>=0 ) ORDER BY id desc LIMIT 0,20   [ RunTime:0.000291s ]
SQL: SELECT COUNT(*) AS tp_count FROM `db_domainmgr` WHERE ( id>=0 ) LIMIT 1   [ RunTime:0.000130s ]
SQL: SHOW COLUMNS FROM `db_users` [ RunTime:0.000269s ]
SQL: SELECT * FROM `db_users` WHERE `status` = 'active'  [ RunTime:0.000090s ]
SQL: SHOW COLUMNS FROM `db_paymethod` [ RunTime:0.000277s ]
SQL: SELECT `method` FROM `db_paymethod` WHERE `useable` = 'Y'  [ RunTime:0.000031s ]
INFO: [ view_parse ] --START--
INFO: [ template_filter ] --START--
INFO: Run Behavior\ContentReplaceBehavior [ RunTime:0.000055s ]
INFO: [ template_filter ] --END-- [ RunTime:0.000084s ]
INFO: Run Behavior\ParseTemplateBehavior [ RunTime:0.014492s ]
INFO: [ view_parse ] --END-- [ RunTime:0.014515s ]
INFO: [ view_filter ] --START--
INFO: Run Behavior\WriteHtmlCacheBehavior [ RunTime:0.000022s ]
INFO: [ view_filter ] --END-- [ RunTime:0.000056s ]
INFO: [ app_end ] --START--
INFO: Run Behavior\ShowPageTraceBehavior [ RunTime:0.000023s ]
INFO: [ app_end ] --END-- [ RunTime:0.000039s ]

[ 2017-04-20T10:40:25+08:00 ] 192.168.44.128 /DomainSystem/index.php/Admin/Domain/domaindetail/domainid/15
INFO: [ app_init ] --START--
INFO: Run Behavior\BuildLiteBehavior [ RunTime:0.000009s ]
INFO: [ app_init ] --END-- [ RunTime:0.000060s ]
INFO: [ app_begin ] --START--
INFO: Run Behavior\ReadHtmlCacheBehavior [ RunTime:0.000138s ]
INFO: [ app_begin ] --END-- [ RunTime:0.000168s ]
NOTIC: [8192] mysql_connect(): The mysql extension is deprecated and will be removed in the future: use mysqli or PDO instead /var/www/html/DomainSystem/ThinkPHP/Library/Think/Db/Driver/Mysql.class.php 第 52 行.
SQL: SHOW COLUMNS FROM `db_domainmgr` [ RunTime:0.000571s ]
SQL: SELECT * FROM `db_domainmgr` WHERE `id` = 15 LIMIT 1   [ RunTime:0.000324s ]
SQL: SHOW COLUMNS FROM `db_item` [ RunTime:0.000541s ]
SQL: SELECT * FROM `db_item` WHERE `domainname` = 'kdikefjai.cc' LIMIT 1   [ RunTime:0.000173s ]
NOTIC: [2] fsockopen(): unable to connect to whois.nic.cc:43 (Network is unreachable) /var/www/html/DomainSystem/ThinkPHP/Library/Vendor/PHPWhois/class.phpwhois.php 第 67 行.
SQL: SHOW COLUMNS FROM `db_registrar` [ RunTime:0.000872s ]
SQL: SELECT `registrar` FROM `db_registrar` WHERE `status` = 'Y'  [ RunTime:0.000595s ]
INFO: [ view_parse ] --START--
INFO: [ template_filter ] --START--
INFO: Run Behavior\ContentReplaceBehavior [ RunTime:0.000072s ]
INFO: [ template_filter ] --END-- [ RunTime:0.000108s ]
INFO: Run Behavior\ParseTemplateBehavior [ RunTime:0.009205s ]
INFO: [ view_parse ] --END-- [ RunTime:0.009243s ]
INFO: [ view_filter ] --START--
INFO: Run Behavior\WriteHtmlCacheBehavior [ RunTime:0.000048s ]
INFO: [ view_filter ] --END-- [ RunTime:0.000062s ]
INFO: [ app_end ] --START--
INFO: Run Behavior\ShowPageTraceBehavior [ RunTime:0.000038s ]
INFO: [ app_end ] --END-- [ RunTime:0.000060s ]

[ 2017-04-20T10:40:25+08:00 ] 192.168.44.128 /DomainSystem/index.php/Admin/Domain/domainlist
INFO: [ app_init ] --START--
INFO: Run Behavior\BuildLiteBehavior [ RunTime:0.000007s ]
INFO: [ app_init ] --END-- [ RunTime:0.000059s ]
INFO: [ app_begin ] --START--
INFO: Run Behavior\ReadHtmlCacheBehavior [ RunTime:0.000023s ]
INFO: [ app_begin ] --END-- [ RunTime:0.000044s ]
NOTIC: [8192] mysql_connect(): The mysql extension is deprecated and will be removed in the future: use mysqli or PDO instead /var/www/html/DomainSystem/ThinkPHP/Library/Think/Db/Driver/Mysql.class.php 第 52 行.
SQL: SHOW COLUMNS FROM `db_domainmgr` [ RunTime:0.000437s ]
NOTIC: [8] Undefined index: limit /var/www/html/DomainSystem/ThinkPHP/Library/Think/Db.class.php 第 788 行.
SQL: SELECT * FROM `db_domainmgr` WHERE ( id>=0 ) ORDER BY id desc LIMIT 0,20   [ RunTime:0.000051s ]
SQL: SELECT COUNT(*) AS tp_count FROM `db_domainmgr` WHERE ( id>=0 ) LIMIT 1   [ RunTime:0.000027s ]
SQL: SHOW COLUMNS FROM `db_users` [ RunTime:0.000303s ]
SQL: SELECT * FROM `db_users` WHERE `status` = 'active'  [ RunTime:0.000037s ]
SQL: SHOW COLUMNS FROM `db_paymethod` [ RunTime:0.000263s ]
SQL: SELECT `method` FROM `db_paymethod` WHERE `useable` = 'Y'  [ RunTime:0.000031s ]
INFO: [ view_parse ] --START--
INFO: [ template_filter ] --START--
INFO: Run Behavior\ContentReplaceBehavior [ RunTime:0.000062s ]
INFO: [ template_filter ] --END-- [ RunTime:0.000098s ]
INFO: Run Behavior\ParseTemplateBehavior [ RunTime:0.006947s ]
INFO: [ view_parse ] --END-- [ RunTime:0.006985s ]
INFO: [ view_filter ] --START--
INFO: Run Behavior\WriteHtmlCacheBehavior [ RunTime:0.000039s ]
INFO: [ view_filter ] --END-- [ RunTime:0.000052s ]
INFO: [ app_end ] --START--
INFO: Run Behavior\ShowPageTraceBehavior [ RunTime:0.000031s ]
INFO: [ app_end ] --END-- [ RunTime:0.000052s ]

[ 2017-04-20T10:40:32+08:00 ] 192.168.44.128 /DomainSystem/index.php/Admin/Domain/domaindetail/domainid/15
INFO: [ app_init ] --START--
INFO: Run Behavior\BuildLiteBehavior [ RunTime:0.000006s ]
INFO: [ app_init ] --END-- [ RunTime:0.000045s ]
INFO: [ app_begin ] --START--
INFO: Run Behavior\ReadHtmlCacheBehavior [ RunTime:0.000020s ]
INFO: [ app_begin ] --END-- [ RunTime:0.000038s ]
NOTIC: [8192] mysql_connect(): The mysql extension is deprecated and will be removed in the future: use mysqli or PDO instead /var/www/html/DomainSystem/ThinkPHP/Library/Think/Db/Driver/Mysql.class.php 第 52 行.
SQL: SHOW COLUMNS FROM `db_domainmgr` [ RunTime:0.000422s ]
SQL: SELECT * FROM `db_domainmgr` WHERE `id` = 15 LIMIT 1   [ RunTime:0.000045s ]
SQL: SHOW COLUMNS FROM `db_item` [ RunTime:0.000204s ]
SQL: SELECT * FROM `db_item` WHERE `domainname` = 'kdikefjai.cc' LIMIT 1   [ RunTime:0.000030s ]
NOTIC: [2] fsockopen(): php_network_getaddresses: getaddrinfo failed: Name or service not known /var/www/html/DomainSystem/ThinkPHP/Library/Vendor/PHPWhois/class.phpwhois.php 第 67 行.
NOTIC: [2] fsockopen(): unable to connect to whois.nic.cc:43 (php_network_getaddresses: getaddrinfo failed: Name or service not known) /var/www/html/DomainSystem/ThinkPHP/Library/Vendor/PHPWhois/class.phpwhois.php 第 67 行.
NOTIC: [2] fsockopen(): php_network_getaddresses: getaddrinfo failed: Name or service not known /var/www/html/DomainSystem/ThinkPHP/Library/Vendor/PHPWhois/class.phpwhois.php 第 67 行.
NOTIC: [2] fsockopen(): unable to connect to whois.nic.cc:43 (php_network_getaddresses: getaddrinfo failed: Name or service not known) /var/www/html/DomainSystem/ThinkPHP/Library/Vendor/PHPWhois/class.phpwhois.php 第 67 行.
SQL: SHOW COLUMNS FROM `db_registrar` [ RunTime:0.000334s ]
SQL: SELECT `registrar` FROM `db_registrar` WHERE `status` = 'Y'  [ RunTime:0.000031s ]
INFO: [ view_parse ] --START--
INFO: [ template_filter ] --START--
INFO: Run Behavior\ContentReplaceBehavior [ RunTime:0.000069s ]
INFO: [ template_filter ] --END-- [ RunTime:0.000104s ]
INFO: Run Behavior\ParseTemplateBehavior [ RunTime:0.011565s ]
INFO: [ view_parse ] --END-- [ RunTime:0.011607s ]
INFO: [ view_filter ] --START--
INFO: Run Behavior\WriteHtmlCacheBehavior [ RunTime:0.000040s ]
INFO: [ view_filter ] --END-- [ RunTime:0.000052s ]
INFO: [ app_end ] --START--
INFO: Run Behavior\ShowPageTraceBehavior [ RunTime:0.000024s ]
INFO: [ app_end ] --END-- [ RunTime:0.000040s ]

[ 2017-04-20T10:51:57+08:00 ] 192.168.44.128 /DomainSystem/index.php/Admin/Order/orderlist
INFO: [ app_init ] --START--
INFO: Run Behavior\BuildLiteBehavior [ RunTime:0.000007s ]
INFO: [ app_init ] --END-- [ RunTime:0.000062s ]
INFO: [ app_begin ] --START--
INFO: Run Behavior\ReadHtmlCacheBehavior [ RunTime:0.000046s ]
INFO: [ app_begin ] --END-- [ RunTime:0.000089s ]
NOTIC: [8192] mysql_connect(): The mysql extension is deprecated and will be removed in the future: use mysqli or PDO instead /var/www/html/DomainSystem/ThinkPHP/Library/Think/Db/Driver/Mysql.class.php 第 52 行.
SQL: SHOW COLUMNS FROM `db_order` [ RunTime:0.000495s ]
NOTIC: [8] Undefined index: limit /var/www/html/DomainSystem/ThinkPHP/Library/Think/Db.class.php 第 788 行.
SQL: SELECT * FROM `db_order` WHERE ( id>=0 ) ORDER BY issuedate desc LIMIT 0,20   [ RunTime:0.018272s ]
SQL: SELECT COUNT(*) AS tp_count FROM `db_order` WHERE ( id>=0 ) LIMIT 1   [ RunTime:0.000164s ]
INFO: [ view_parse ] --START--
INFO: [ template_filter ] --START--
INFO: Run Behavior\ContentReplaceBehavior [ RunTime:0.000058s ]
INFO: [ template_filter ] --END-- [ RunTime:0.000089s ]
INFO: Run Behavior\ParseTemplateBehavior [ RunTime:0.014955s ]
INFO: [ view_parse ] --END-- [ RunTime:0.014980s ]
INFO: [ view_filter ] --START--
INFO: Run Behavior\WriteHtmlCacheBehavior [ RunTime:0.000027s ]
INFO: [ view_filter ] --END-- [ RunTime:0.000039s ]
INFO: [ app_end ] --START--
INFO: Run Behavior\ShowPageTraceBehavior [ RunTime:0.000024s ]
INFO: [ app_end ] --END-- [ RunTime:0.000041s ]

[ 2017-04-20T10:51:59+08:00 ] 192.168.44.128 /DomainSystem/index.php/Admin/Order/orderdetail/orderid/1491814605
INFO: [ app_init ] --START--
INFO: Run Behavior\BuildLiteBehavior [ RunTime:0.000012s ]
INFO: [ app_init ] --END-- [ RunTime:0.000080s ]
INFO: [ app_begin ] --START--
INFO: Run Behavior\ReadHtmlCacheBehavior [ RunTime:0.000037s ]
INFO: [ app_begin ] --END-- [ RunTime:0.000076s ]
NOTIC: [8192] mysql_connect(): The mysql extension is deprecated and will be removed in the future: use mysqli or PDO instead /var/www/html/DomainSystem/ThinkPHP/Library/Think/Db/Driver/Mysql.class.php 第 52 行.
SQL: SHOW COLUMNS FROM `db_order` [ RunTime:0.000998s ]
SQL: SELECT * FROM `db_order` WHERE `orderID` = '1491814605' LIMIT 1   [ RunTime:0.000650s ]
SQL: SHOW COLUMNS FROM `db_transaction` [ RunTime:0.000636s ]
SQL: SELECT * FROM `db_transaction` WHERE `orderID` = '1491814605' LIMIT 1   [ RunTime:0.000220s ]
SQL: SHOW COLUMNS FROM `db_item` [ RunTime:0.000511s ]
SQL: SELECT * FROM `db_item` WHERE `orderID` = 1491814605  [ RunTime:0.000195s ]
INFO: [ view_parse ] --START--
INFO: [ template_filter ] --START--
INFO: Run Behavior\ContentReplaceBehavior [ RunTime:0.000129s ]
INFO: [ template_filter ] --END-- [ RunTime:0.000177s ]
NOTIC: [8] Undefined variable: orderid /var/www/html/DomainSystem/Application/Runtime/Cache/Admin/6dcf12ba6872a6af8ecf0dec4d527447.php 第 309 行.
INFO: Run Behavior\ParseTemplateBehavior [ RunTime:0.015218s ]
INFO: [ view_parse ] --END-- [ RunTime:0.015265s ]
INFO: [ view_filter ] --START--
INFO: Run Behavior\WriteHtmlCacheBehavior [ RunTime:0.000049s ]
INFO: [ view_filter ] --END-- [ RunTime:0.000076s ]
INFO: [ app_end ] --START--
INFO: Run Behavior\ShowPageTraceBehavior [ RunTime:0.000048s ]
INFO: [ app_end ] --END-- [ RunTime:0.000091s ]

[ 2017-04-20T10:53:43+08:00 ] 192.168.44.128 /DomainSystem/index.php/Admin/Transaction/translist
INFO: [ app_init ] --START--
INFO: Run Behavior\BuildLiteBehavior [ RunTime:0.000010s ]
INFO: [ app_init ] --END-- [ RunTime:0.000075s ]
INFO: [ app_begin ] --START--
INFO: Run Behavior\ReadHtmlCacheBehavior [ RunTime:0.000040s ]
INFO: [ app_begin ] --END-- [ RunTime:0.000098s ]
NOTIC: [8192] mysql_connect(): The mysql extension is deprecated and will be removed in the future: use mysqli or PDO instead /var/www/html/DomainSystem/ThinkPHP/Library/Think/Db/Driver/Mysql.class.php 第 52 行.
SQL: SHOW COLUMNS FROM `db_transaction` [ RunTime:0.001244s ]
NOTIC: [8] Undefined index: limit /var/www/html/DomainSystem/ThinkPHP/Library/Think/Db.class.php 第 788 行.
SQL: SELECT * FROM `db_transaction` WHERE ( id>=0 ) ORDER BY paydate desc LIMIT 0,20   [ RunTime:0.000885s ]
SQL: SELECT COUNT(*) AS tp_count FROM `db_transaction` WHERE ( id>=0 ) LIMIT 1   [ RunTime:0.000389s ]
INFO: [ view_parse ] --START--
INFO: [ template_filter ] --START--
INFO: Run Behavior\ContentReplaceBehavior [ RunTime:0.000105s ]
INFO: [ template_filter ] --END-- [ RunTime:0.000165s ]
INFO: Run Behavior\ParseTemplateBehavior [ RunTime:0.026631s ]
INFO: [ view_parse ] --END-- [ RunTime:0.026694s ]
INFO: [ view_filter ] --START--
INFO: Run Behavior\WriteHtmlCacheBehavior [ RunTime:0.000054s ]
INFO: [ view_filter ] --END-- [ RunTime:0.000084s ]
INFO: [ app_end ] --START--
INFO: Run Behavior\ShowPageTraceBehavior [ RunTime:0.000080s ]
INFO: [ app_end ] --END-- [ RunTime:0.000121s ]

[ 2017-04-20T10:53:45+08:00 ] 192.168.44.128 /DomainSystem/index.php/Admin/Transaction/transdetail/transid/1491814706
INFO: [ app_init ] --START--
INFO: Run Behavior\BuildLiteBehavior [ RunTime:0.000013s ]
INFO: [ app_init ] --END-- [ RunTime:0.000117s ]
INFO: [ app_begin ] --START--
INFO: Run Behavior\ReadHtmlCacheBehavior [ RunTime:0.000040s ]
INFO: [ app_begin ] --END-- [ RunTime:0.000082s ]
NOTIC: [8192] mysql_connect(): The mysql extension is deprecated and will be removed in the future: use mysqli or PDO instead /var/www/html/DomainSystem/ThinkPHP/Library/Think/Db/Driver/Mysql.class.php 第 52 行.
SQL: SHOW COLUMNS FROM `db_transaction` [ RunTime:0.000755s ]
SQL: SELECT * FROM `db_transaction` WHERE `transactionID` = '1491814706' LIMIT 1   [ RunTime:0.000442s ]
INFO: [ view_parse ] --START--
INFO: [ template_filter ] --START--
INFO: Run Behavior\ContentReplaceBehavior [ RunTime:0.000148s ]
INFO: [ template_filter ] --END-- [ RunTime:0.000214s ]
INFO: Run Behavior\ParseTemplateBehavior [ RunTime:0.013415s ]
INFO: [ view_parse ] --END-- [ RunTime:0.013460s ]
INFO: [ view_filter ] --START--
INFO: Run Behavior\WriteHtmlCacheBehavior [ RunTime:0.000038s ]
INFO: [ view_filter ] --END-- [ RunTime:0.000059s ]
INFO: [ app_end ] --START--
INFO: Run Behavior\ShowPageTraceBehavior [ RunTime:0.000033s ]
INFO: [ app_end ] --END-- [ RunTime:0.000062s ]

[ 2017-04-20T11:10:44+08:00 ] 192.168.44.128 /DomainSystem/index.php/Admin/Transaction/transdetail/transid/1491814706
INFO: [ app_init ] --START--
INFO: Run Behavior\BuildLiteBehavior [ RunTime:0.000015s ]
INFO: [ app_init ] --END-- [ RunTime:0.000102s ]
INFO: [ app_begin ] --START--
INFO: Run Behavior\ReadHtmlCacheBehavior [ RunTime:0.000055s ]
INFO: [ app_begin ] --END-- [ RunTime:0.000100s ]
NOTIC: [8192] mysql_connect(): The mysql extension is deprecated and will be removed in the future: use mysqli or PDO instead /var/www/html/DomainSystem/ThinkPHP/Library/Think/Db/Driver/Mysql.class.php 第 52 行.
SQL: SHOW COLUMNS FROM `db_transaction` [ RunTime:0.001157s ]
SQL: SELECT * FROM `db_transaction` WHERE `transactionID` = '1491814706' LIMIT 1   [ RunTime:0.000211s ]
INFO: [ view_parse ] --START--
INFO: [ template_filter ] --START--
INFO: Run Behavior\ContentReplaceBehavior [ RunTime:0.000125s ]
INFO: [ template_filter ] --END-- [ RunTime:0.000189s ]
INFO: Run Behavior\ParseTemplateBehavior [ RunTime:0.014704s ]
INFO: [ view_parse ] --END-- [ RunTime:0.014754s ]
INFO: [ view_filter ] --START--
INFO: Run Behavior\WriteHtmlCacheBehavior [ RunTime:0.000061s ]
INFO: [ view_filter ] --END-- [ RunTime:0.000093s ]
INFO: [ app_end ] --START--
INFO: Run Behavior\ShowPageTraceBehavior [ RunTime:0.000057s ]
INFO: [ app_end ] --END-- [ RunTime:0.000099s ]

[ 2017-04-20T11:10:46+08:00 ] 192.168.44.128 /DomainSystem/index.php/Admin/Domain/domainlist
INFO: [ app_init ] --START--
INFO: Run Behavior\BuildLiteBehavior [ RunTime:0.000014s ]
INFO: [ app_init ] --END-- [ RunTime:0.000093s ]
INFO: [ app_begin ] --START--
INFO: Run Behavior\ReadHtmlCacheBehavior [ RunTime:0.000141s ]
INFO: [ app_begin ] --END-- [ RunTime:0.000188s ]
NOTIC: [8192] mysql_connect(): The mysql extension is deprecated and will be removed in the future: use mysqli or PDO instead /var/www/html/DomainSystem/ThinkPHP/Library/Think/Db/Driver/Mysql.class.php 第 52 行.
SQL: SHOW COLUMNS FROM `db_domainmgr` [ RunTime:0.001105s ]
NOTIC: [8] Undefined index: limit /var/www/html/DomainSystem/ThinkPHP/Library/Think/Db.class.php 第 788 行.
SQL: SELECT * FROM `db_domainmgr` WHERE ( id>=0 ) ORDER BY id desc LIMIT 0,20   [ RunTime:0.000060s ]
SQL: SELECT COUNT(*) AS tp_count FROM `db_domainmgr` WHERE ( id>=0 ) LIMIT 1   [ RunTime:0.000037s ]
SQL: SHOW COLUMNS FROM `db_users` [ RunTime:0.000330s ]
SQL: SELECT * FROM `db_users` WHERE `status` = 'active'  [ RunTime:0.000044s ]
SQL: SHOW COLUMNS FROM `db_paymethod` [ RunTime:0.000249s ]
SQL: SELECT `method` FROM `db_paymethod` WHERE `useable` = 'Y'  [ RunTime:0.000038s ]
INFO: [ view_parse ] --START--
INFO: [ template_filter ] --START--
INFO: Run Behavior\ContentReplaceBehavior [ RunTime:0.000121s ]
INFO: [ template_filter ] --END-- [ RunTime:0.000163s ]
INFO: Run Behavior\ParseTemplateBehavior [ RunTime:0.008395s ]
INFO: [ view_parse ] --END-- [ RunTime:0.008427s ]
INFO: [ view_filter ] --START--
INFO: Run Behavior\WriteHtmlCacheBehavior [ RunTime:0.000032s ]
INFO: [ view_filter ] --END-- [ RunTime:0.000049s ]
INFO: [ app_end ] --START--
INFO: Run Behavior\ShowPageTraceBehavior [ RunTime:0.000029s ]
INFO: [ app_end ] --END-- [ RunTime:0.000056s ]

[ 2017-04-20T11:30:05+08:00 ] 192.168.44.128 /DomainSystem/index.php/Admin/Domain/domainlist
INFO: [ app_init ] --START--
INFO: Run Behavior\BuildLiteBehavior [ RunTime:0.000006s ]
INFO: [ app_init ] --END-- [ RunTime:0.000043s ]
INFO: [ app_begin ] --START--
INFO: Run Behavior\ReadHtmlCacheBehavior [ RunTime:0.000031s ]
INFO: [ app_begin ] --END-- [ RunTime:0.000049s ]
NOTIC: [8192] mysql_connect(): The mysql extension is deprecated and will be removed in the future: use mysqli or PDO instead /var/www/html/DomainSystem/ThinkPHP/Library/Think/Db/Driver/Mysql.class.php 第 52 行.
SQL: SHOW COLUMNS FROM `db_domainmgr` [ RunTime:0.000420s ]
NOTIC: [8] Undefined index: limit /var/www/html/DomainSystem/ThinkPHP/Library/Think/Db.class.php 第 788 行.
SQL: SELECT * FROM `db_domainmgr` WHERE ( id>=0 ) ORDER BY id desc LIMIT 0,20   [ RunTime:0.000045s ]
SQL: SELECT COUNT(*) AS tp_count FROM `db_domainmgr` WHERE ( id>=0 ) LIMIT 1   [ RunTime:0.000026s ]
SQL: SHOW COLUMNS FROM `db_users` [ RunTime:0.000289s ]
SQL: SELECT * FROM `db_users` WHERE `status` = 'active'  [ RunTime:0.000032s ]
SQL: SHOW COLUMNS FROM `db_paymethod` [ RunTime:0.000175s ]
SQL: SELECT `method` FROM `db_paymethod` WHERE `useable` = 'Y'  [ RunTime:0.000041s ]
INFO: [ view_parse ] --START--
INFO: [ template_filter ] --START--
INFO: Run Behavior\ContentReplaceBehavior [ RunTime:0.000801s ]
INFO: [ template_filter ] --END-- [ RunTime:0.000833s ]
INFO: Run Behavior\ParseTemplateBehavior [ RunTime:0.007967s ]
INFO: [ view_parse ] --END-- [ RunTime:0.008029s ]
INFO: [ view_filter ] --START--
INFO: Run Behavior\WriteHtmlCacheBehavior [ RunTime:0.000026s ]
INFO: [ view_filter ] --END-- [ RunTime:0.000039s ]
INFO: [ app_end ] --START--
INFO: Run Behavior\ShowPageTraceBehavior [ RunTime:0.000035s ]
INFO: [ app_end ] --END-- [ RunTime:0.000102s ]

[ 2017-04-20T11:33:30+08:00 ] 192.168.44.128 /DomainSystem/index.php/Admin/Domain/domainlist
INFO: [ app_init ] --START--
INFO: Run Behavior\BuildLiteBehavior [ RunTime:0.000007s ]
INFO: [ app_init ] --END-- [ RunTime:0.000116s ]
INFO: [ app_begin ] --START--
INFO: Run Behavior\ReadHtmlCacheBehavior [ RunTime:0.000034s ]
INFO: [ app_begin ] --END-- [ RunTime:0.000054s ]
NOTIC: [8192] mysql_connect(): The mysql extension is deprecated and will be removed in the future: use mysqli or PDO instead /var/www/html/DomainSystem/ThinkPHP/Library/Think/Db/Driver/Mysql.class.php 第 52 行.
SQL: SHOW COLUMNS FROM `db_domainmgr` [ RunTime:0.000723s ]
NOTIC: [8] Undefined index: limit /var/www/html/DomainSystem/ThinkPHP/Library/Think/Db.class.php 第 788 行.
SQL: SELECT * FROM `db_domainmgr` WHERE ( id>=0 ) ORDER BY id desc LIMIT 0,20   [ RunTime:0.000079s ]
SQL: SELECT COUNT(*) AS tp_count FROM `db_domainmgr` WHERE ( id>=0 ) LIMIT 1   [ RunTime:0.000029s ]
SQL: SHOW COLUMNS FROM `db_users` [ RunTime:0.000228s ]
SQL: SELECT * FROM `db_users` WHERE `status` = 'active'  [ RunTime:0.000031s ]
SQL: SHOW COLUMNS FROM `db_paymethod` [ RunTime:0.000176s ]
SQL: SELECT `method` FROM `db_paymethod` WHERE `useable` = 'Y'  [ RunTime:0.000027s ]
INFO: [ view_parse ] --START--
INFO: [ template_filter ] --START--
INFO: Run Behavior\ContentReplaceBehavior [ RunTime:0.000116s ]
INFO: [ template_filter ] --END-- [ RunTime:0.000140s ]
INFO: Run Behavior\ParseTemplateBehavior [ RunTime:0.006822s ]
INFO: [ view_parse ] --END-- [ RunTime:0.006884s ]
INFO: [ view_filter ] --START--
INFO: Run Behavior\WriteHtmlCacheBehavior [ RunTime:0.000024s ]
INFO: [ view_filter ] --END-- [ RunTime:0.000037s ]
INFO: [ app_end ] --START--
INFO: Run Behavior\ShowPageTraceBehavior [ RunTime:0.000020s ]
INFO: [ app_end ] --END-- [ RunTime:0.000035s ]

[ 2017-04-20T11:34:19+08:00 ] 192.168.44.128 /DomainSystem/index.php/Admin/Login/logout
INFO: [ app_init ] --START--
INFO: Run Behavior\BuildLiteBehavior [ RunTime:0.000007s ]
INFO: [ app_init ] --END-- [ RunTime:0.000044s ]
INFO: [ app_begin ] --START--
INFO: Run Behavior\ReadHtmlCacheBehavior [ RunTime:0.000031s ]
INFO: [ app_begin ] --END-- [ RunTime:0.000065s ]
INFO: [ view_parse ] --START--
INFO: [ template_filter ] --START--
INFO: Run Behavior\ContentReplaceBehavior [ RunTime:0.000024s ]
INFO: [ template_filter ] --END-- [ RunTime:0.000072s ]
INFO: Run Behavior\ParseTemplateBehavior [ RunTime:0.002055s ]
INFO: [ view_parse ] --END-- [ RunTime:0.002075s ]
INFO: [ view_filter ] --START--
INFO: Run Behavior\WriteHtmlCacheBehavior [ RunTime:0.000021s ]
INFO: [ view_filter ] --END-- [ RunTime:0.000032s ]
INFO: [ app_end ] --START--
INFO: Run Behavior\ShowPageTraceBehavior [ RunTime:0.000016s ]
INFO: [ app_end ] --END-- [ RunTime:0.000027s ]

