[ 2017-03-29T23:13:38+08:00 ] 127.0.0.1 /DomainSystem/index.php/Admin/
INFO: [ app_init ] --START--
INFO: Run Behavior\BuildLiteBehavior [ RunTime:0.000018s ]
INFO: [ app_init ] --END-- [ RunTime:0.000159s ]
INFO: [ app_begin ] --START--
INFO: Run Behavior\ReadHtmlCacheBehavior [ RunTime:0.000039s ]
INFO: [ app_begin ] --END-- [ RunTime:0.000074s ]
INFO: [ view_parse ] --START--
INFO: [ template_filter ] --START--
INFO: Run Behavior\ContentReplaceBehavior [ RunTime:0.000116s ]
INFO: [ template_filter ] --END-- [ RunTime:0.000237s ]
INFO: Run Behavior\ParseTemplateBehavior [ RunTime:0.011992s ]
INFO: [ view_parse ] --END-- [ RunTime:0.012032s ]
INFO: [ view_filter ] --START--
INFO: Run Behavior\WriteHtmlCacheBehavior [ RunTime:0.000039s ]
INFO: [ view_filter ] --END-- [ RunTime:0.000054s ]
INFO: [ app_end ] --START--
INFO: Run Behavior\ShowPageTraceBehavior [ RunTime:0.000024s ]
INFO: [ app_end ] --END-- [ RunTime:0.000038s ]

[ 2017-03-29T23:13:47+08:00 ] 127.0.0.1 /DomainSystem/index.php/Admin/Login/checkLog
INFO: [ app_init ] --START--
INFO: Run Behavior\BuildLiteBehavior [ RunTime:0.000008s ]
INFO: [ app_init ] --END-- [ RunTime:0.000121s ]
INFO: [ app_begin ] --START--
INFO: Run Behavior\ReadHtmlCacheBehavior [ RunTime:0.000022s ]
INFO: [ app_begin ] --END-- [ RunTime:0.000043s ]
NOTIC: [8192] mysql_connect(): The mysql extension is deprecated and will be removed in the future: use mysqli or PDO instead /var/www/html/DomainSystem/ThinkPHP/Library/Think/Db/Driver/Mysql.class.php 第 52 行.
SQL: SHOW COLUMNS FROM `db_admins` [ RunTime:0.000759s ]
SQL: SELECT `uid`,`username`,`regtime` FROM `db_admins` WHERE `username` = 'root' AND `password` = 'root' LIMIT 1   [ RunTime:0.000944s ]
INFO: [ view_parse ] --START--
INFO: [ template_filter ] --START--
INFO: Run Behavior\ContentReplaceBehavior [ RunTime:0.000024s ]
INFO: [ template_filter ] --END-- [ RunTime:0.000045s ]
INFO: Run Behavior\ParseTemplateBehavior [ RunTime:0.001737s ]
INFO: [ view_parse ] --END-- [ RunTime:0.001762s ]
INFO: [ view_filter ] --START--
INFO: Run Behavior\WriteHtmlCacheBehavior [ RunTime:0.000031s ]
INFO: [ view_filter ] --END-- [ RunTime:0.000046s ]
INFO: [ app_end ] --START--
INFO: Run Behavior\ShowPageTraceBehavior [ RunTime:0.000023s ]
INFO: [ app_end ] --END-- [ RunTime:0.000037s ]

[ 2017-03-29T23:13:50+08:00 ] 127.0.0.1 /DomainSystem/index.php/Admin/Profile/index
INFO: [ app_init ] --START--
INFO: Run Behavior\BuildLiteBehavior [ RunTime:0.000010s ]
INFO: [ app_init ] --END-- [ RunTime:0.000276s ]
INFO: [ app_begin ] --START--
INFO: Run Behavior\ReadHtmlCacheBehavior [ RunTime:0.000039s ]
INFO: [ app_begin ] --END-- [ RunTime:0.000071s ]
NOTIC: [8192] mysql_connect(): The mysql extension is deprecated and will be removed in the future: use mysqli or PDO instead /var/www/html/DomainSystem/ThinkPHP/Library/Think/Db/Driver/Mysql.class.php 第 52 行.
SQL: SHOW COLUMNS FROM `db_admins` [ RunTime:0.000542s ]
SQL: SELECT * FROM `db_admins` WHERE `uid` = 1 LIMIT 1   [ RunTime:0.000189s ]
SQL: SHOW COLUMNS FROM `db_auth_group` [ RunTime:0.000559s ]
SQL: SELECT * FROM `db_auth_group` WHERE `id` = 5 LIMIT 1   [ RunTime:0.000452s ]
INFO: [ view_parse ] --START--
INFO: [ template_filter ] --START--
INFO: Run Behavior\ContentReplaceBehavior [ RunTime:0.000074s ]
INFO: [ template_filter ] --END-- [ RunTime:0.000115s ]
INFO: Run Behavior\ParseTemplateBehavior [ RunTime:0.031563s ]
INFO: [ view_parse ] --END-- [ RunTime:0.031612s ]
INFO: [ view_filter ] --START--
INFO: Run Behavior\WriteHtmlCacheBehavior [ RunTime:0.000037s ]
INFO: [ view_filter ] --END-- [ RunTime:0.000053s ]
INFO: [ app_end ] --START--
INFO: Run Behavior\ShowPageTraceBehavior [ RunTime:0.000074s ]
INFO: [ app_end ] --END-- [ RunTime:0.000154s ]

[ 2017-03-29T23:32:58+08:00 ] 127.0.0.1 /DomainSystem/index.php/Admin/Profile/index
INFO: [ app_init ] --START--
INFO: Run Behavior\BuildLiteBehavior [ RunTime:0.000010s ]
INFO: [ app_init ] --END-- [ RunTime:0.000241s ]
INFO: [ app_begin ] --START--
INFO: Run Behavior\ReadHtmlCacheBehavior [ RunTime:0.000033s ]
INFO: [ app_begin ] --END-- [ RunTime:0.000068s ]
NOTIC: [8192] mysql_connect(): The mysql extension is deprecated and will be removed in the future: use mysqli or PDO instead /var/www/html/DomainSystem/ThinkPHP/Library/Think/Db/Driver/Mysql.class.php 第 52 行.
SQL: SHOW COLUMNS FROM `db_admins` [ RunTime:0.001358s ]
SQL: SELECT * FROM `db_admins` WHERE `uid` = 1 LIMIT 1   [ RunTime:0.000235s ]
SQL: SHOW COLUMNS FROM `db_auth_group` [ RunTime:0.000263s ]
SQL: SELECT * FROM `db_auth_group` WHERE `id` = 5 LIMIT 1   [ RunTime:0.000039s ]
INFO: [ view_parse ] --START--
INFO: [ template_filter ] --START--
INFO: Run Behavior\ContentReplaceBehavior [ RunTime:0.000105s ]
INFO: [ template_filter ] --END-- [ RunTime:0.000146s ]
INFO: Run Behavior\ParseTemplateBehavior [ RunTime:0.016062s ]
INFO: [ view_parse ] --END-- [ RunTime:0.016096s ]
INFO: [ view_filter ] --START--
INFO: Run Behavior\WriteHtmlCacheBehavior [ RunTime:0.002699s ]
INFO: [ view_filter ] --END-- [ RunTime:0.002753s ]
INFO: [ app_end ] --START--
INFO: Run Behavior\ShowPageTraceBehavior [ RunTime:0.000053s ]
INFO: [ app_end ] --END-- [ RunTime:0.000088s ]

[ 2017-03-29T23:34:43+08:00 ] 127.0.0.1 /DomainSystem/index.php/Admin/Customer/customeradd
INFO: [ app_init ] --START--
INFO: Run Behavior\BuildLiteBehavior [ RunTime:0.000010s ]
INFO: [ app_init ] --END-- [ RunTime:0.000250s ]
INFO: [ app_begin ] --START--
INFO: Run Behavior\ReadHtmlCacheBehavior [ RunTime:0.000718s ]
INFO: [ app_begin ] --END-- [ RunTime:0.000745s ]
INFO: [ view_parse ] --START--
INFO: [ template_filter ] --START--
INFO: Run Behavior\ContentReplaceBehavior [ RunTime:0.000193s ]
INFO: [ template_filter ] --END-- [ RunTime:0.000254s ]
NOTIC: [8] Undefined variable: profiles /var/www/html/DomainSystem/Application/Runtime/Cache/Admin/db0e2e2ed88c95528c81a46db074c6a7.php 第 426 行.
NOTIC: [8] Undefined variable: profiles /var/www/html/DomainSystem/Application/Runtime/Cache/Admin/db0e2e2ed88c95528c81a46db074c6a7.php 第 428 行.
NOTIC: [8] Undefined variable: profiles /var/www/html/DomainSystem/Application/Runtime/Cache/Admin/db0e2e2ed88c95528c81a46db074c6a7.php 第 430 行.
NOTIC: [8] Undefined variable: profiles /var/www/html/DomainSystem/Application/Runtime/Cache/Admin/db0e2e2ed88c95528c81a46db074c6a7.php 第 432 行.
NOTIC: [8] Undefined variable: profiles /var/www/html/DomainSystem/Application/Runtime/Cache/Admin/db0e2e2ed88c95528c81a46db074c6a7.php 第 442 行.
NOTIC: [8] Undefined variable: profiles /var/www/html/DomainSystem/Application/Runtime/Cache/Admin/db0e2e2ed88c95528c81a46db074c6a7.php 第 444 行.
NOTIC: [8] Undefined variable: profiles /var/www/html/DomainSystem/Application/Runtime/Cache/Admin/db0e2e2ed88c95528c81a46db074c6a7.php 第 447 行.
NOTIC: [8] Undefined variable: profiles /var/www/html/DomainSystem/Application/Runtime/Cache/Admin/db0e2e2ed88c95528c81a46db074c6a7.php 第 449 行.
NOTIC: [8] Undefined variable: profiles /var/www/html/DomainSystem/Application/Runtime/Cache/Admin/db0e2e2ed88c95528c81a46db074c6a7.php 第 451 行.
NOTIC: [8] Undefined variable: profiles /var/www/html/DomainSystem/Application/Runtime/Cache/Admin/db0e2e2ed88c95528c81a46db074c6a7.php 第 453 行.
NOTIC: [8] Undefined variable: profiles /var/www/html/DomainSystem/Application/Runtime/Cache/Admin/db0e2e2ed88c95528c81a46db074c6a7.php 第 455 行.
NOTIC: [8] Undefined variable: profiles /var/www/html/DomainSystem/Application/Runtime/Cache/Admin/db0e2e2ed88c95528c81a46db074c6a7.php 第 457 行.
NOTIC: [8] Undefined variable: cusid /var/www/html/DomainSystem/Application/Runtime/Cache/Admin/db0e2e2ed88c95528c81a46db074c6a7.php 第 497 行.
INFO: Run Behavior\ParseTemplateBehavior [ RunTime:0.011271s ]
INFO: [ view_parse ] --END-- [ RunTime:0.011308s ]
INFO: [ view_filter ] --START--
INFO: Run Behavior\WriteHtmlCacheBehavior [ RunTime:0.000090s ]
INFO: [ view_filter ] --END-- [ RunTime:0.000108s ]
INFO: [ app_end ] --START--
INFO: Run Behavior\ShowPageTraceBehavior [ RunTime:0.000076s ]
INFO: [ app_end ] --END-- [ RunTime:0.000109s ]

[ 2017-03-29T23:36:27+08:00 ] 127.0.0.1 /DomainSystem/index.php/Admin/Customer/customerlist
INFO: [ app_init ] --START--
INFO: Run Behavior\BuildLiteBehavior [ RunTime:0.000197s ]
INFO: [ app_init ] --END-- [ RunTime:0.000558s ]
INFO: [ app_begin ] --START--
INFO: Run Behavior\ReadHtmlCacheBehavior [ RunTime:0.000102s ]
INFO: [ app_begin ] --END-- [ RunTime:0.000196s ]
NOTIC: [8192] mysql_connect(): The mysql extension is deprecated and will be removed in the future: use mysqli or PDO instead /var/www/html/DomainSystem/ThinkPHP/Library/Think/Db/Driver/Mysql.class.php 第 52 行.
SQL: SHOW COLUMNS FROM `db_users` [ RunTime:0.004472s ]
NOTIC: [8] Undefined index: limit /var/www/html/DomainSystem/ThinkPHP/Library/Think/Db.class.php 第 788 行.
SQL: SELECT * FROM `db_users` WHERE ( id>=0 ) ORDER BY regtime desc LIMIT 0,20   [ RunTime:0.002912s ]
SQL: SELECT COUNT(*) AS tp_count FROM `db_users` WHERE ( id>=0 ) LIMIT 1   [ RunTime:0.001526s ]
INFO: [ view_parse ] --START--
INFO: [ template_filter ] --START--
INFO: Run Behavior\ContentReplaceBehavior [ RunTime:0.000176s ]
INFO: [ template_filter ] --END-- [ RunTime:0.000323s ]
INFO: Run Behavior\ParseTemplateBehavior [ RunTime:0.021683s ]
INFO: [ view_parse ] --END-- [ RunTime:0.021737s ]
INFO: [ view_filter ] --START--
INFO: Run Behavior\WriteHtmlCacheBehavior [ RunTime:0.000051s ]
INFO: [ view_filter ] --END-- [ RunTime:0.000072s ]
INFO: [ app_end ] --START--
INFO: Run Behavior\ShowPageTraceBehavior [ RunTime:0.000045s ]
INFO: [ app_end ] --END-- [ RunTime:0.000077s ]

[ 2017-03-29T23:36:30+08:00 ] 127.0.0.1 /DomainSystem/index.php/Admin/Customer/customeradd
INFO: [ app_init ] --START--
INFO: Run Behavior\BuildLiteBehavior [ RunTime:0.000009s ]
INFO: [ app_init ] --END-- [ RunTime:0.000058s ]
INFO: [ app_begin ] --START--
INFO: Run Behavior\ReadHtmlCacheBehavior [ RunTime:0.000024s ]
INFO: [ app_begin ] --END-- [ RunTime:0.000043s ]
INFO: [ view_parse ] --START--
INFO: [ template_filter ] --START--
INFO: Run Behavior\ContentReplaceBehavior [ RunTime:0.000072s ]
INFO: [ template_filter ] --END-- [ RunTime:0.000101s ]
NOTIC: [8] Undefined variable: profiles /var/www/html/DomainSystem/Application/Runtime/Cache/Admin/db0e2e2ed88c95528c81a46db074c6a7.php 第 426 行.
NOTIC: [8] Undefined variable: profiles /var/www/html/DomainSystem/Application/Runtime/Cache/Admin/db0e2e2ed88c95528c81a46db074c6a7.php 第 428 行.
NOTIC: [8] Undefined variable: profiles /var/www/html/DomainSystem/Application/Runtime/Cache/Admin/db0e2e2ed88c95528c81a46db074c6a7.php 第 430 行.
NOTIC: [8] Undefined variable: profiles /var/www/html/DomainSystem/Application/Runtime/Cache/Admin/db0e2e2ed88c95528c81a46db074c6a7.php 第 432 行.
NOTIC: [8] Undefined variable: profiles /var/www/html/DomainSystem/Application/Runtime/Cache/Admin/db0e2e2ed88c95528c81a46db074c6a7.php 第 442 行.
NOTIC: [8] Undefined variable: profiles /var/www/html/DomainSystem/Application/Runtime/Cache/Admin/db0e2e2ed88c95528c81a46db074c6a7.php 第 444 行.
NOTIC: [8] Undefined variable: profiles /var/www/html/DomainSystem/Application/Runtime/Cache/Admin/db0e2e2ed88c95528c81a46db074c6a7.php 第 447 行.
NOTIC: [8] Undefined variable: profiles /var/www/html/DomainSystem/Application/Runtime/Cache/Admin/db0e2e2ed88c95528c81a46db074c6a7.php 第 449 行.
NOTIC: [8] Undefined variable: profiles /var/www/html/DomainSystem/Application/Runtime/Cache/Admin/db0e2e2ed88c95528c81a46db074c6a7.php 第 451 行.
NOTIC: [8] Undefined variable: profiles /var/www/html/DomainSystem/Application/Runtime/Cache/Admin/db0e2e2ed88c95528c81a46db074c6a7.php 第 453 行.
NOTIC: [8] Undefined variable: profiles /var/www/html/DomainSystem/Application/Runtime/Cache/Admin/db0e2e2ed88c95528c81a46db074c6a7.php 第 455 行.
NOTIC: [8] Undefined variable: profiles /var/www/html/DomainSystem/Application/Runtime/Cache/Admin/db0e2e2ed88c95528c81a46db074c6a7.php 第 457 行.
NOTIC: [8] Undefined variable: cusid /var/www/html/DomainSystem/Application/Runtime/Cache/Admin/db0e2e2ed88c95528c81a46db074c6a7.php 第 497 行.
INFO: Run Behavior\ParseTemplateBehavior [ RunTime:0.012523s ]
INFO: [ view_parse ] --END-- [ RunTime:0.012548s ]
INFO: [ view_filter ] --START--
INFO: Run Behavior\WriteHtmlCacheBehavior [ RunTime:0.000041s ]
INFO: [ view_filter ] --END-- [ RunTime:0.000056s ]
INFO: [ app_end ] --START--
INFO: Run Behavior\ShowPageTraceBehavior [ RunTime:0.000027s ]
INFO: [ app_end ] --END-- [ RunTime:0.000046s ]

[ 2017-03-29T23:36:32+08:00 ] 127.0.0.1 /DomainSystem/index.php/Admin/Customer/customerlist
INFO: [ app_init ] --START--
INFO: Run Behavior\BuildLiteBehavior [ RunTime:0.000007s ]
INFO: [ app_init ] --END-- [ RunTime:0.000049s ]
INFO: [ app_begin ] --START--
INFO: Run Behavior\ReadHtmlCacheBehavior [ RunTime:0.000019s ]
INFO: [ app_begin ] --END-- [ RunTime:0.000037s ]
NOTIC: [8192] mysql_connect(): The mysql extension is deprecated and will be removed in the future: use mysqli or PDO instead /var/www/html/DomainSystem/ThinkPHP/Library/Think/Db/Driver/Mysql.class.php 第 52 行.
SQL: SHOW COLUMNS FROM `db_users` [ RunTime:0.000666s ]
NOTIC: [8] Undefined index: limit /var/www/html/DomainSystem/ThinkPHP/Library/Think/Db.class.php 第 788 行.
SQL: SELECT * FROM `db_users` WHERE ( id>=0 ) ORDER BY regtime desc LIMIT 0,20   [ RunTime:0.000049s ]
SQL: SELECT COUNT(*) AS tp_count FROM `db_users` WHERE ( id>=0 ) LIMIT 1   [ RunTime:0.000029s ]
INFO: [ view_parse ] --START--
INFO: [ template_filter ] --START--
INFO: Run Behavior\ContentReplaceBehavior [ RunTime:0.000136s ]
INFO: [ template_filter ] --END-- [ RunTime:0.000183s ]
INFO: Run Behavior\ParseTemplateBehavior [ RunTime:0.014394s ]
INFO: [ view_parse ] --END-- [ RunTime:0.014450s ]
INFO: [ view_filter ] --START--
INFO: Run Behavior\WriteHtmlCacheBehavior [ RunTime:0.000163s ]
INFO: [ view_filter ] --END-- [ RunTime:0.000185s ]
INFO: [ app_end ] --START--
INFO: Run Behavior\ShowPageTraceBehavior [ RunTime:0.000024s ]
INFO: [ app_end ] --END-- [ RunTime:0.000052s ]

[ 2017-03-29T23:38:33+08:00 ] 127.0.0.1 /DomainSystem/index.php/Admin/Customer/customerlist
INFO: [ app_init ] --START--
INFO: Run Behavior\BuildLiteBehavior [ RunTime:0.000017s ]
INFO: [ app_init ] --END-- [ RunTime:0.000258s ]
INFO: [ app_begin ] --START--
INFO: Run Behavior\ReadHtmlCacheBehavior [ RunTime:0.000047s ]
INFO: [ app_begin ] --END-- [ RunTime:0.000089s ]
NOTIC: [8192] mysql_connect(): The mysql extension is deprecated and will be removed in the future: use mysqli or PDO instead /var/www/html/DomainSystem/ThinkPHP/Library/Think/Db/Driver/Mysql.class.php 第 52 行.
SQL: SHOW COLUMNS FROM `db_users` [ RunTime:0.000350s ]
NOTIC: [8] Undefined index: limit /var/www/html/DomainSystem/ThinkPHP/Library/Think/Db.class.php 第 788 行.
SQL: SELECT * FROM `db_users` WHERE ( id>=0 ) ORDER BY regtime desc LIMIT 0,20   [ RunTime:0.000045s ]
SQL: SELECT COUNT(*) AS tp_count FROM `db_users` WHERE ( id>=0 ) LIMIT 1   [ RunTime:0.000030s ]
INFO: [ view_parse ] --START--
INFO: [ template_filter ] --START--
INFO: Run Behavior\ContentReplaceBehavior [ RunTime:0.000084s ]
INFO: [ template_filter ] --END-- [ RunTime:0.000120s ]
INFO: Run Behavior\ParseTemplateBehavior [ RunTime:0.009331s ]
INFO: [ view_parse ] --END-- [ RunTime:0.009361s ]
INFO: [ view_filter ] --START--
INFO: Run Behavior\WriteHtmlCacheBehavior [ RunTime:0.000031s ]
INFO: [ view_filter ] --END-- [ RunTime:0.000046s ]
INFO: [ app_end ] --START--
INFO: Run Behavior\ShowPageTraceBehavior [ RunTime:0.000037s ]
INFO: [ app_end ] --END-- [ RunTime:0.000060s ]

[ 2017-03-29T23:38:36+08:00 ] 127.0.0.1 /DomainSystem/index.php/Admin/Customer/customeradd
INFO: [ app_init ] --START--
INFO: Run Behavior\BuildLiteBehavior [ RunTime:0.000007s ]
INFO: [ app_init ] --END-- [ RunTime:0.000048s ]
INFO: [ app_begin ] --START--
INFO: Run Behavior\ReadHtmlCacheBehavior [ RunTime:0.000020s ]
INFO: [ app_begin ] --END-- [ RunTime:0.000037s ]
INFO: [ view_parse ] --START--
INFO: [ template_filter ] --START--
INFO: Run Behavior\ContentReplaceBehavior [ RunTime:0.000191s ]
INFO: [ template_filter ] --END-- [ RunTime:0.000230s ]
NOTIC: [8] Undefined variable: profiles /var/www/html/DomainSystem/Application/Runtime/Cache/Admin/db0e2e2ed88c95528c81a46db074c6a7.php 第 426 行.
NOTIC: [8] Undefined variable: profiles /var/www/html/DomainSystem/Application/Runtime/Cache/Admin/db0e2e2ed88c95528c81a46db074c6a7.php 第 428 行.
NOTIC: [8] Undefined variable: profiles /var/www/html/DomainSystem/Application/Runtime/Cache/Admin/db0e2e2ed88c95528c81a46db074c6a7.php 第 430 行.
NOTIC: [8] Undefined variable: profiles /var/www/html/DomainSystem/Application/Runtime/Cache/Admin/db0e2e2ed88c95528c81a46db074c6a7.php 第 432 行.
NOTIC: [8] Undefined variable: profiles /var/www/html/DomainSystem/Application/Runtime/Cache/Admin/db0e2e2ed88c95528c81a46db074c6a7.php 第 442 行.
NOTIC: [8] Undefined variable: profiles /var/www/html/DomainSystem/Application/Runtime/Cache/Admin/db0e2e2ed88c95528c81a46db074c6a7.php 第 444 行.
NOTIC: [8] Undefined variable: profiles /var/www/html/DomainSystem/Application/Runtime/Cache/Admin/db0e2e2ed88c95528c81a46db074c6a7.php 第 447 行.
NOTIC: [8] Undefined variable: profiles /var/www/html/DomainSystem/Application/Runtime/Cache/Admin/db0e2e2ed88c95528c81a46db074c6a7.php 第 449 行.
NOTIC: [8] Undefined variable: profiles /var/www/html/DomainSystem/Application/Runtime/Cache/Admin/db0e2e2ed88c95528c81a46db074c6a7.php 第 451 行.
NOTIC: [8] Undefined variable: profiles /var/www/html/DomainSystem/Application/Runtime/Cache/Admin/db0e2e2ed88c95528c81a46db074c6a7.php 第 453 行.
NOTIC: [8] Undefined variable: profiles /var/www/html/DomainSystem/Application/Runtime/Cache/Admin/db0e2e2ed88c95528c81a46db074c6a7.php 第 455 行.
NOTIC: [8] Undefined variable: profiles /var/www/html/DomainSystem/Application/Runtime/Cache/Admin/db0e2e2ed88c95528c81a46db074c6a7.php 第 457 行.
NOTIC: [8] Undefined variable: cusid /var/www/html/DomainSystem/Application/Runtime/Cache/Admin/db0e2e2ed88c95528c81a46db074c6a7.php 第 497 行.
INFO: Run Behavior\ParseTemplateBehavior [ RunTime:0.011957s ]
INFO: [ view_parse ] --END-- [ RunTime:0.011978s ]
INFO: [ view_filter ] --START--
INFO: Run Behavior\WriteHtmlCacheBehavior [ RunTime:0.000029s ]
INFO: [ view_filter ] --END-- [ RunTime:0.000043s ]
INFO: [ app_end ] --START--
INFO: Run Behavior\ShowPageTraceBehavior [ RunTime:0.000027s ]
INFO: [ app_end ] --END-- [ RunTime:0.000048s ]

[ 2017-03-29T23:38:38+08:00 ] 127.0.0.1 /DomainSystem/index.php/Admin/Customer/customerlist
INFO: [ app_init ] --START--
INFO: Run Behavior\BuildLiteBehavior [ RunTime:0.000007s ]
INFO: [ app_init ] --END-- [ RunTime:0.000049s ]
INFO: [ app_begin ] --START--
INFO: Run Behavior\ReadHtmlCacheBehavior [ RunTime:0.000019s ]
INFO: [ app_begin ] --END-- [ RunTime:0.000038s ]
NOTIC: [8192] mysql_connect(): The mysql extension is deprecated and will be removed in the future: use mysqli or PDO instead /var/www/html/DomainSystem/ThinkPHP/Library/Think/Db/Driver/Mysql.class.php 第 52 行.
SQL: SHOW COLUMNS FROM `db_users` [ RunTime:0.000361s ]
NOTIC: [8] Undefined index: limit /var/www/html/DomainSystem/ThinkPHP/Library/Think/Db.class.php 第 788 行.
SQL: SELECT * FROM `db_users` WHERE ( id>=0 ) ORDER BY regtime desc LIMIT 0,20   [ RunTime:0.000150s ]
SQL: SELECT COUNT(*) AS tp_count FROM `db_users` WHERE ( id>=0 ) LIMIT 1   [ RunTime:0.000031s ]
INFO: [ view_parse ] --START--
INFO: [ template_filter ] --START--
INFO: Run Behavior\ContentReplaceBehavior [ RunTime:0.000070s ]
INFO: [ template_filter ] --END-- [ RunTime:0.000105s ]
INFO: Run Behavior\ParseTemplateBehavior [ RunTime:0.012340s ]
INFO: [ view_parse ] --END-- [ RunTime:0.012372s ]
INFO: [ view_filter ] --START--
INFO: Run Behavior\WriteHtmlCacheBehavior [ RunTime:0.000030s ]
INFO: [ view_filter ] --END-- [ RunTime:0.000044s ]
INFO: [ app_end ] --START--
INFO: Run Behavior\ShowPageTraceBehavior [ RunTime:0.000024s ]
INFO: [ app_end ] --END-- [ RunTime:0.000047s ]

[ 2017-03-29T23:38:58+08:00 ] 127.0.0.1 /DomainSystem/index.php/Admin/Order/orderlist
INFO: [ app_init ] --START--
INFO: Run Behavior\BuildLiteBehavior [ RunTime:0.000007s ]
INFO: [ app_init ] --END-- [ RunTime:0.000051s ]
INFO: [ app_begin ] --START--
INFO: Run Behavior\ReadHtmlCacheBehavior [ RunTime:0.000021s ]
INFO: [ app_begin ] --END-- [ RunTime:0.000041s ]
NOTIC: [8192] mysql_connect(): The mysql extension is deprecated and will be removed in the future: use mysqli or PDO instead /var/www/html/DomainSystem/ThinkPHP/Library/Think/Db/Driver/Mysql.class.php 第 52 行.
SQL: SHOW COLUMNS FROM `db_order` [ RunTime:0.000933s ]
NOTIC: [8] Undefined index: limit /var/www/html/DomainSystem/ThinkPHP/Library/Think/Db.class.php 第 788 行.
SQL: SELECT * FROM `db_order` WHERE ( id>=0 ) ORDER BY issuedate desc LIMIT 0,20   [ RunTime:0.001311s ]
SQL: SELECT COUNT(*) AS tp_count FROM `db_order` WHERE ( id>=0 ) LIMIT 1   [ RunTime:0.000266s ]
INFO: [ view_parse ] --START--
INFO: [ template_filter ] --START--
INFO: Run Behavior\ContentReplaceBehavior [ RunTime:0.000135s ]
INFO: [ template_filter ] --END-- [ RunTime:0.000205s ]
INFO: Run Behavior\ParseTemplateBehavior [ RunTime:0.011986s ]
INFO: [ view_parse ] --END-- [ RunTime:0.012019s ]
INFO: [ view_filter ] --START--
INFO: Run Behavior\WriteHtmlCacheBehavior [ RunTime:0.000043s ]
INFO: [ view_filter ] --END-- [ RunTime:0.000059s ]
INFO: [ app_end ] --START--
INFO: Run Behavior\ShowPageTraceBehavior [ RunTime:0.000239s ]
INFO: [ app_end ] --END-- [ RunTime:0.000268s ]

[ 2017-03-29T23:38:59+08:00 ] 127.0.0.1 /DomainSystem/index.php/Admin/Profile/index
INFO: [ app_init ] --START--
INFO: Run Behavior\BuildLiteBehavior [ RunTime:0.000008s ]
INFO: [ app_init ] --END-- [ RunTime:0.000049s ]
INFO: [ app_begin ] --START--
INFO: Run Behavior\ReadHtmlCacheBehavior [ RunTime:0.000019s ]
INFO: [ app_begin ] --END-- [ RunTime:0.000039s ]
NOTIC: [8192] mysql_connect(): The mysql extension is deprecated and will be removed in the future: use mysqli or PDO instead /var/www/html/DomainSystem/ThinkPHP/Library/Think/Db/Driver/Mysql.class.php 第 52 行.
SQL: SHOW COLUMNS FROM `db_admins` [ RunTime:0.000316s ]
SQL: SELECT * FROM `db_admins` WHERE `uid` = 1 LIMIT 1   [ RunTime:0.000046s ]
SQL: SHOW COLUMNS FROM `db_auth_group` [ RunTime:0.000217s ]
SQL: SELECT * FROM `db_auth_group` WHERE `id` = 5 LIMIT 1   [ RunTime:0.000033s ]
INFO: [ view_parse ] --START--
INFO: [ template_filter ] --START--
INFO: Run Behavior\ContentReplaceBehavior [ RunTime:0.000169s ]
INFO: [ template_filter ] --END-- [ RunTime:0.000209s ]
INFO: Run Behavior\ParseTemplateBehavior [ RunTime:0.011732s ]
INFO: [ view_parse ] --END-- [ RunTime:0.011793s ]
INFO: [ view_filter ] --START--
INFO: Run Behavior\WriteHtmlCacheBehavior [ RunTime:0.000053s ]
INFO: [ view_filter ] --END-- [ RunTime:0.000083s ]
INFO: [ app_end ] --START--
INFO: Run Behavior\ShowPageTraceBehavior [ RunTime:0.000082s ]
INFO: [ app_end ] --END-- [ RunTime:0.000106s ]

[ 2017-03-29T23:39:03+08:00 ] 127.0.0.1 /DomainSystem/index.php/Admin/Order/orderlist
INFO: [ app_init ] --START--
INFO: Run Behavior\BuildLiteBehavior [ RunTime:0.000007s ]
INFO: [ app_init ] --END-- [ RunTime:0.000051s ]
INFO: [ app_begin ] --START--
INFO: Run Behavior\ReadHtmlCacheBehavior [ RunTime:0.000021s ]
INFO: [ app_begin ] --END-- [ RunTime:0.000040s ]
NOTIC: [8192] mysql_connect(): The mysql extension is deprecated and will be removed in the future: use mysqli or PDO instead /var/www/html/DomainSystem/ThinkPHP/Library/Think/Db/Driver/Mysql.class.php 第 52 行.
SQL: SHOW COLUMNS FROM `db_order` [ RunTime:0.000417s ]
NOTIC: [8] Undefined index: limit /var/www/html/DomainSystem/ThinkPHP/Library/Think/Db.class.php 第 788 行.
SQL: SELECT * FROM `db_order` WHERE ( id>=0 ) ORDER BY issuedate desc LIMIT 0,20   [ RunTime:0.000043s ]
SQL: SELECT COUNT(*) AS tp_count FROM `db_order` WHERE ( id>=0 ) LIMIT 1   [ RunTime:0.000030s ]
INFO: [ view_parse ] --START--
INFO: [ template_filter ] --START--
INFO: Run Behavior\ContentReplaceBehavior [ RunTime:0.000090s ]
INFO: [ template_filter ] --END-- [ RunTime:0.000121s ]
INFO: Run Behavior\ParseTemplateBehavior [ RunTime:0.009576s ]
INFO: [ view_parse ] --END-- [ RunTime:0.009600s ]
INFO: [ view_filter ] --START--
INFO: Run Behavior\WriteHtmlCacheBehavior [ RunTime:0.000027s ]
INFO: [ view_filter ] --END-- [ RunTime:0.000041s ]
INFO: [ app_end ] --START--
INFO: Run Behavior\ShowPageTraceBehavior [ RunTime:0.000077s ]
INFO: [ app_end ] --END-- [ RunTime:0.000098s ]

[ 2017-03-29T23:39:04+08:00 ] 127.0.0.1 /DomainSystem/index.php/Admin/Order/orderadd
INFO: [ app_init ] --START--
INFO: Run Behavior\BuildLiteBehavior [ RunTime:0.000007s ]
INFO: [ app_init ] --END-- [ RunTime:0.000045s ]
INFO: [ app_begin ] --START--
INFO: Run Behavior\ReadHtmlCacheBehavior [ RunTime:0.000018s ]
INFO: [ app_begin ] --END-- [ RunTime:0.000037s ]
ERR: Illegal Action:orderadd

[ 2017-03-29T23:39:15+08:00 ] 127.0.0.1 /DomainSystem/index.php/Admin/Order/orderdetail/orderid/1490795848
INFO: [ app_init ] --START--
INFO: Run Behavior\BuildLiteBehavior [ RunTime:0.000007s ]
INFO: [ app_init ] --END-- [ RunTime:0.000056s ]
INFO: [ app_begin ] --START--
INFO: Run Behavior\ReadHtmlCacheBehavior [ RunTime:0.000025s ]
INFO: [ app_begin ] --END-- [ RunTime:0.000046s ]
NOTIC: [8192] mysql_connect(): The mysql extension is deprecated and will be removed in the future: use mysqli or PDO instead /var/www/html/DomainSystem/ThinkPHP/Library/Think/Db/Driver/Mysql.class.php 第 52 行.
SQL: SHOW COLUMNS FROM `db_order` [ RunTime:0.000650s ]
SQL: SELECT * FROM `db_order` WHERE `orderID` = '1490795848' LIMIT 1   [ RunTime:0.000046s ]
SQL: SHOW COLUMNS FROM `db_transaction` [ RunTime:0.000297s ]
SQL: SELECT * FROM `db_transaction` WHERE `orderID` = '1490795848' LIMIT 1   [ RunTime:0.000033s ]
SQL: SHOW COLUMNS FROM `db_item` [ RunTime:0.000201s ]
SQL: SELECT * FROM `db_item` WHERE `orderID` = 1490795848  [ RunTime:0.000032s ]
INFO: [ view_parse ] --START--
INFO: [ template_filter ] --START--
INFO: Run Behavior\ContentReplaceBehavior [ RunTime:0.000111s ]
INFO: [ template_filter ] --END-- [ RunTime:0.000149s ]
NOTIC: [8] Undefined variable: orderid /var/www/html/DomainSystem/Application/Runtime/Cache/Admin/6dcf12ba6872a6af8ecf0dec4d527447.php 第 595 行.
INFO: Run Behavior\ParseTemplateBehavior [ RunTime:0.021217s ]
INFO: [ view_parse ] --END-- [ RunTime:0.021243s ]
INFO: [ view_filter ] --START--
INFO: Run Behavior\WriteHtmlCacheBehavior [ RunTime:0.000259s ]
INFO: [ view_filter ] --END-- [ RunTime:0.000279s ]
INFO: [ app_end ] --START--
INFO: Run Behavior\ShowPageTraceBehavior [ RunTime:0.000035s ]
INFO: [ app_end ] --END-- [ RunTime:0.000058s ]

[ 2017-03-29T23:39:26+08:00 ] 127.0.0.1 /DomainSystem/index.php/Admin/Order/orderadd
INFO: [ app_init ] --START--
INFO: Run Behavior\BuildLiteBehavior [ RunTime:0.000008s ]
INFO: [ app_init ] --END-- [ RunTime:0.000055s ]
INFO: [ app_begin ] --START--
INFO: Run Behavior\ReadHtmlCacheBehavior [ RunTime:0.000031s ]
INFO: [ app_begin ] --END-- [ RunTime:0.000124s ]
ERR: Illegal Action:orderadd

[ 2017-03-29T23:43:27+08:00 ] 127.0.0.1 /DomainSystem/index.php/Admin/Profile/index
INFO: [ app_init ] --START--
INFO: Run Behavior\BuildLiteBehavior [ RunTime:0.000008s ]
INFO: [ app_init ] --END-- [ RunTime:0.000060s ]
INFO: [ app_begin ] --START--
INFO: Run Behavior\ReadHtmlCacheBehavior [ RunTime:0.000028s ]
INFO: [ app_begin ] --END-- [ RunTime:0.000050s ]
NOTIC: [8192] mysql_connect(): The mysql extension is deprecated and will be removed in the future: use mysqli or PDO instead /var/www/html/DomainSystem/ThinkPHP/Library/Think/Db/Driver/Mysql.class.php 第 52 行.
SQL: SHOW COLUMNS FROM `db_admins` [ RunTime:0.000642s ]
SQL: SELECT * FROM `db_admins` WHERE `uid` = 1 LIMIT 1   [ RunTime:0.000044s ]
SQL: SHOW COLUMNS FROM `db_auth_group` [ RunTime:0.000211s ]
SQL: SELECT * FROM `db_auth_group` WHERE `id` = 5 LIMIT 1   [ RunTime:0.000035s ]
INFO: [ view_parse ] --START--
INFO: [ template_filter ] --START--
INFO: Run Behavior\ContentReplaceBehavior [ RunTime:0.000629s ]
INFO: [ template_filter ] --END-- [ RunTime:0.000701s ]
INFO: Run Behavior\ParseTemplateBehavior [ RunTime:0.015105s ]
INFO: [ view_parse ] --END-- [ RunTime:0.015146s ]
INFO: [ view_filter ] --START--
INFO: Run Behavior\WriteHtmlCacheBehavior [ RunTime:0.000046s ]
INFO: [ view_filter ] --END-- [ RunTime:0.000067s ]
INFO: [ app_end ] --START--
INFO: Run Behavior\ShowPageTraceBehavior [ RunTime:0.000077s ]
INFO: [ app_end ] --END-- [ RunTime:0.000108s ]

[ 2017-03-29T23:43:31+08:00 ] 127.0.0.1 /DomainSystem/index.php/Admin/Order/orderlist
INFO: [ app_init ] --START--
INFO: Run Behavior\BuildLiteBehavior [ RunTime:0.000007s ]
INFO: [ app_init ] --END-- [ RunTime:0.000054s ]
INFO: [ app_begin ] --START--
INFO: Run Behavior\ReadHtmlCacheBehavior [ RunTime:0.000031s ]
INFO: [ app_begin ] --END-- [ RunTime:0.000109s ]
NOTIC: [8192] mysql_connect(): The mysql extension is deprecated and will be removed in the future: use mysqli or PDO instead /var/www/html/DomainSystem/ThinkPHP/Library/Think/Db/Driver/Mysql.class.php 第 52 行.
SQL: SHOW COLUMNS FROM `db_order` [ RunTime:0.000510s ]
NOTIC: [8] Undefined index: limit /var/www/html/DomainSystem/ThinkPHP/Library/Think/Db.class.php 第 788 行.
SQL: SELECT * FROM `db_order` WHERE ( id>=0 ) ORDER BY issuedate desc LIMIT 0,20   [ RunTime:0.000044s ]
SQL: SELECT COUNT(*) AS tp_count FROM `db_order` WHERE ( id>=0 ) LIMIT 1   [ RunTime:0.000030s ]
INFO: [ view_parse ] --START--
INFO: [ template_filter ] --START--
INFO: Run Behavior\ContentReplaceBehavior [ RunTime:0.000087s ]
INFO: [ template_filter ] --END-- [ RunTime:0.000125s ]
INFO: Run Behavior\ParseTemplateBehavior [ RunTime:0.012880s ]
INFO: [ view_parse ] --END-- [ RunTime:0.012904s ]
INFO: [ view_filter ] --START--
INFO: Run Behavior\WriteHtmlCacheBehavior [ RunTime:0.000036s ]
INFO: [ view_filter ] --END-- [ RunTime:0.000055s ]
INFO: [ app_end ] --START--
INFO: Run Behavior\ShowPageTraceBehavior [ RunTime:0.000042s ]
INFO: [ app_end ] --END-- [ RunTime:0.000063s ]

[ 2017-03-29T23:44:24+08:00 ] 127.0.0.1 /DomainSystem/index.php/Admin/Profile/index
INFO: [ app_init ] --START--
INFO: Run Behavior\BuildLiteBehavior [ RunTime:0.000008s ]
INFO: [ app_init ] --END-- [ RunTime:0.000055s ]
INFO: [ app_begin ] --START--
INFO: Run Behavior\ReadHtmlCacheBehavior [ RunTime:0.000084s ]
INFO: [ app_begin ] --END-- [ RunTime:0.000105s ]
NOTIC: [8192] mysql_connect(): The mysql extension is deprecated and will be removed in the future: use mysqli or PDO instead /var/www/html/DomainSystem/ThinkPHP/Library/Think/Db/Driver/Mysql.class.php 第 52 行.
SQL: SHOW COLUMNS FROM `db_admins` [ RunTime:0.000457s ]
SQL: SELECT * FROM `db_admins` WHERE `uid` = 1 LIMIT 1   [ RunTime:0.000045s ]
SQL: SHOW COLUMNS FROM `db_auth_group` [ RunTime:0.000315s ]
SQL: SELECT * FROM `db_auth_group` WHERE `id` = 5 LIMIT 1   [ RunTime:0.000722s ]
INFO: [ view_parse ] --START--
INFO: [ template_filter ] --START--
INFO: Run Behavior\ContentReplaceBehavior [ RunTime:0.000081s ]
INFO: [ template_filter ] --END-- [ RunTime:0.000126s ]
INFO: Run Behavior\ParseTemplateBehavior [ RunTime:0.011869s ]
INFO: [ view_parse ] --END-- [ RunTime:0.011895s ]
INFO: [ view_filter ] --START--
INFO: Run Behavior\WriteHtmlCacheBehavior [ RunTime:0.000115s ]
INFO: [ view_filter ] --END-- [ RunTime:0.000131s ]
INFO: [ app_end ] --START--
INFO: Run Behavior\ShowPageTraceBehavior [ RunTime:0.000057s ]
INFO: [ app_end ] --END-- [ RunTime:0.000085s ]

[ 2017-03-29T23:44:27+08:00 ] 127.0.0.1 /DomainSystem/index.php/Admin/Transaction/translist
INFO: [ app_init ] --START--
INFO: Run Behavior\BuildLiteBehavior [ RunTime:0.000007s ]
INFO: [ app_init ] --END-- [ RunTime:0.000054s ]
INFO: [ app_begin ] --START--
INFO: Run Behavior\ReadHtmlCacheBehavior [ RunTime:0.000024s ]
INFO: [ app_begin ] --END-- [ RunTime:0.000043s ]
NOTIC: [8192] mysql_connect(): The mysql extension is deprecated and will be removed in the future: use mysqli or PDO instead /var/www/html/DomainSystem/ThinkPHP/Library/Think/Db/Driver/Mysql.class.php 第 52 行.
SQL: SHOW COLUMNS FROM `db_transaction` [ RunTime:0.000384s ]
NOTIC: [8] Undefined index: limit /var/www/html/DomainSystem/ThinkPHP/Library/Think/Db.class.php 第 788 行.
SQL: SELECT * FROM `db_transaction` WHERE ( id>=0 ) ORDER BY paydate desc LIMIT 0,20   [ RunTime:0.000829s ]
SQL: SELECT COUNT(*) AS tp_count FROM `db_transaction` WHERE ( id>=0 ) LIMIT 1   [ RunTime:0.000368s ]
INFO: [ view_parse ] --START--
INFO: [ template_filter ] --START--
INFO: Run Behavior\ContentReplaceBehavior [ RunTime:0.000239s ]
INFO: [ template_filter ] --END-- [ RunTime:0.000359s ]
INFO: Run Behavior\ParseTemplateBehavior [ RunTime:0.013660s ]
INFO: [ view_parse ] --END-- [ RunTime:0.013688s ]
INFO: [ view_filter ] --START--
INFO: Run Behavior\WriteHtmlCacheBehavior [ RunTime:0.000040s ]
INFO: [ view_filter ] --END-- [ RunTime:0.000111s ]
INFO: [ app_end ] --START--
INFO: Run Behavior\ShowPageTraceBehavior [ RunTime:0.000056s ]
INFO: [ app_end ] --END-- [ RunTime:0.000082s ]

[ 2017-03-29T23:44:33+08:00 ] 127.0.0.1 /DomainSystem/index.php/Admin/Profile/index
INFO: [ app_init ] --START--
INFO: Run Behavior\BuildLiteBehavior [ RunTime:0.000074s ]
INFO: [ app_init ] --END-- [ RunTime:0.000228s ]
INFO: [ app_begin ] --START--
INFO: Run Behavior\ReadHtmlCacheBehavior [ RunTime:0.000024s ]
INFO: [ app_begin ] --END-- [ RunTime:0.000046s ]
NOTIC: [8192] mysql_connect(): The mysql extension is deprecated and will be removed in the future: use mysqli or PDO instead /var/www/html/DomainSystem/ThinkPHP/Library/Think/Db/Driver/Mysql.class.php 第 52 行.
SQL: SHOW COLUMNS FROM `db_admins` [ RunTime:0.000502s ]
SQL: SELECT * FROM `db_admins` WHERE `uid` = 1 LIMIT 1   [ RunTime:0.000045s ]
SQL: SHOW COLUMNS FROM `db_auth_group` [ RunTime:0.000274s ]
SQL: SELECT * FROM `db_auth_group` WHERE `id` = 5 LIMIT 1   [ RunTime:0.000033s ]
INFO: [ view_parse ] --START--
INFO: [ template_filter ] --START--
INFO: Run Behavior\ContentReplaceBehavior [ RunTime:0.000321s ]
INFO: [ template_filter ] --END-- [ RunTime:0.000365s ]
INFO: Run Behavior\ParseTemplateBehavior [ RunTime:0.012822s ]
INFO: [ view_parse ] --END-- [ RunTime:0.012847s ]
INFO: [ view_filter ] --START--
INFO: Run Behavior\WriteHtmlCacheBehavior [ RunTime:0.000035s ]
INFO: [ view_filter ] --END-- [ RunTime:0.000050s ]
INFO: [ app_end ] --START--
INFO: Run Behavior\ShowPageTraceBehavior [ RunTime:0.000026s ]
INFO: [ app_end ] --END-- [ RunTime:0.000047s ]

[ 2017-03-29T23:45:21+08:00 ] 127.0.0.1 /DomainSystem/index.php/Admin/Profile/index
INFO: [ app_init ] --START--
INFO: Run Behavior\BuildLiteBehavior [ RunTime:0.000012s ]
INFO: [ app_init ] --END-- [ RunTime:0.000091s ]
INFO: [ app_begin ] --START--
INFO: Run Behavior\ReadHtmlCacheBehavior [ RunTime:0.000053s ]
INFO: [ app_begin ] --END-- [ RunTime:0.000190s ]
NOTIC: [8192] mysql_connect(): The mysql extension is deprecated and will be removed in the future: use mysqli or PDO instead /var/www/html/DomainSystem/ThinkPHP/Library/Think/Db/Driver/Mysql.class.php 第 52 行.
SQL: SHOW COLUMNS FROM `db_admins` [ RunTime:0.000668s ]
SQL: SELECT * FROM `db_admins` WHERE `uid` = 1 LIMIT 1   [ RunTime:0.000079s ]
SQL: SHOW COLUMNS FROM `db_auth_group` [ RunTime:0.000402s ]
SQL: SELECT * FROM `db_auth_group` WHERE `id` = 5 LIMIT 1   [ RunTime:0.000067s ]
INFO: [ view_parse ] --START--
INFO: [ template_filter ] --START--
INFO: Run Behavior\ContentReplaceBehavior [ RunTime:0.000108s ]
INFO: [ template_filter ] --END-- [ RunTime:0.000142s ]
INFO: Run Behavior\ParseTemplateBehavior [ RunTime:0.015827s ]
INFO: [ view_parse ] --END-- [ RunTime:0.015865s ]
INFO: [ view_filter ] --START--
INFO: Run Behavior\WriteHtmlCacheBehavior [ RunTime:0.000042s ]
INFO: [ view_filter ] --END-- [ RunTime:0.000057s ]
INFO: [ app_end ] --START--
INFO: Run Behavior\ShowPageTraceBehavior [ RunTime:0.000206s ]
INFO: [ app_end ] --END-- [ RunTime:0.000229s ]

[ 2017-03-29T23:45:27+08:00 ] 127.0.0.1 /DomainSystem/index.php/Admin/Transaction/translist
INFO: [ app_init ] --START--
INFO: Run Behavior\BuildLiteBehavior [ RunTime:0.000008s ]
INFO: [ app_init ] --END-- [ RunTime:0.000217s ]
INFO: [ app_begin ] --START--
INFO: Run Behavior\ReadHtmlCacheBehavior [ RunTime:0.000027s ]
INFO: [ app_begin ] --END-- [ RunTime:0.000049s ]
NOTIC: [8192] mysql_connect(): The mysql extension is deprecated and will be removed in the future: use mysqli or PDO instead /var/www/html/DomainSystem/ThinkPHP/Library/Think/Db/Driver/Mysql.class.php 第 52 行.
SQL: SHOW COLUMNS FROM `db_transaction` [ RunTime:0.000323s ]
NOTIC: [8] Undefined index: limit /var/www/html/DomainSystem/ThinkPHP/Library/Think/Db.class.php 第 788 行.
SQL: SELECT * FROM `db_transaction` WHERE ( id>=0 ) ORDER BY paydate desc LIMIT 0,20   [ RunTime:0.000042s ]
SQL: SELECT COUNT(*) AS tp_count FROM `db_transaction` WHERE ( id>=0 ) LIMIT 1   [ RunTime:0.000033s ]
INFO: [ view_parse ] --START--
INFO: [ template_filter ] --START--
INFO: Run Behavior\ContentReplaceBehavior [ RunTime:0.000089s ]
INFO: [ template_filter ] --END-- [ RunTime:0.000129s ]
INFO: Run Behavior\ParseTemplateBehavior [ RunTime:0.015779s ]
INFO: [ view_parse ] --END-- [ RunTime:0.015816s ]
INFO: [ view_filter ] --START--
INFO: Run Behavior\WriteHtmlCacheBehavior [ RunTime:0.000069s ]
INFO: [ view_filter ] --END-- [ RunTime:0.000095s ]
INFO: [ app_end ] --START--
INFO: Run Behavior\ShowPageTraceBehavior [ RunTime:0.000039s ]
INFO: [ app_end ] --END-- [ RunTime:0.000065s ]

[ 2017-03-29T23:45:45+08:00 ] 127.0.0.1 /DomainSystem/index.php/Admin/Profile/index
INFO: [ app_init ] --START--
INFO: Run Behavior\BuildLiteBehavior [ RunTime:0.000009s ]
INFO: [ app_init ] --END-- [ RunTime:0.000123s ]
INFO: [ app_begin ] --START--
INFO: Run Behavior\ReadHtmlCacheBehavior [ RunTime:0.000027s ]
INFO: [ app_begin ] --END-- [ RunTime:0.000047s ]
NOTIC: [8192] mysql_connect(): The mysql extension is deprecated and will be removed in the future: use mysqli or PDO instead /var/www/html/DomainSystem/ThinkPHP/Library/Think/Db/Driver/Mysql.class.php 第 52 行.
SQL: SHOW COLUMNS FROM `db_admins` [ RunTime:0.000382s ]
SQL: SELECT * FROM `db_admins` WHERE `uid` = 1 LIMIT 1   [ RunTime:0.000043s ]
SQL: SHOW COLUMNS FROM `db_auth_group` [ RunTime:0.000212s ]
SQL: SELECT * FROM `db_auth_group` WHERE `id` = 5 LIMIT 1   [ RunTime:0.000033s ]
INFO: [ view_parse ] --START--
INFO: [ template_filter ] --START--
INFO: Run Behavior\ContentReplaceBehavior [ RunTime:0.000082s ]
INFO: [ template_filter ] --END-- [ RunTime:0.000136s ]
INFO: Run Behavior\ParseTemplateBehavior [ RunTime:0.016220s ]
INFO: [ view_parse ] --END-- [ RunTime:0.016256s ]
INFO: [ view_filter ] --START--
INFO: Run Behavior\WriteHtmlCacheBehavior [ RunTime:0.000044s ]
INFO: [ view_filter ] --END-- [ RunTime:0.000060s ]
INFO: [ app_end ] --START--
INFO: Run Behavior\ShowPageTraceBehavior [ RunTime:0.000029s ]
INFO: [ app_end ] --END-- [ RunTime:0.000048s ]

[ 2017-03-29T23:46:47+08:00 ] 127.0.0.1 /DomainSystem/index.php/Admin/Profile/index
INFO: [ app_init ] --START--
INFO: Run Behavior\BuildLiteBehavior [ RunTime:0.000012s ]
INFO: [ app_init ] --END-- [ RunTime:0.000196s ]
INFO: [ app_begin ] --START--
INFO: Run Behavior\ReadHtmlCacheBehavior [ RunTime:0.000123s ]
INFO: [ app_begin ] --END-- [ RunTime:0.000157s ]
NOTIC: [8192] mysql_connect(): The mysql extension is deprecated and will be removed in the future: use mysqli or PDO instead /var/www/html/DomainSystem/ThinkPHP/Library/Think/Db/Driver/Mysql.class.php 第 52 行.
SQL: SHOW COLUMNS FROM `db_admins` [ RunTime:0.000576s ]
SQL: SELECT * FROM `db_admins` WHERE `uid` = 1 LIMIT 1   [ RunTime:0.001025s ]
SQL: SHOW COLUMNS FROM `db_auth_group` [ RunTime:0.000360s ]
SQL: SELECT * FROM `db_auth_group` WHERE `id` = 5 LIMIT 1   [ RunTime:0.000052s ]
INFO: [ view_parse ] --START--
INFO: [ template_filter ] --START--
INFO: Run Behavior\ContentReplaceBehavior [ RunTime:0.000072s ]
INFO: [ template_filter ] --END-- [ RunTime:0.000107s ]
INFO: Run Behavior\ParseTemplateBehavior [ RunTime:0.016400s ]
INFO: [ view_parse ] --END-- [ RunTime:0.016442s ]
INFO: [ view_filter ] --START--
INFO: Run Behavior\WriteHtmlCacheBehavior [ RunTime:0.000035s ]
INFO: [ view_filter ] --END-- [ RunTime:0.000050s ]
INFO: [ app_end ] --START--
INFO: Run Behavior\ShowPageTraceBehavior [ RunTime:0.000028s ]
INFO: [ app_end ] --END-- [ RunTime:0.000049s ]

[ 2017-03-29T23:46:50+08:00 ] 127.0.0.1 /DomainSystem/index.php/Admin/Domain/domainlist
INFO: [ app_init ] --START--
INFO: Run Behavior\BuildLiteBehavior [ RunTime:0.000007s ]
INFO: [ app_init ] --END-- [ RunTime:0.000055s ]
INFO: [ app_begin ] --START--
INFO: Run Behavior\ReadHtmlCacheBehavior [ RunTime:0.000026s ]
INFO: [ app_begin ] --END-- [ RunTime:0.000047s ]
NOTIC: [8192] mysql_connect(): The mysql extension is deprecated and will be removed in the future: use mysqli or PDO instead /var/www/html/DomainSystem/ThinkPHP/Library/Think/Db/Driver/Mysql.class.php 第 52 行.
SQL: SHOW COLUMNS FROM `db_domainmgr` [ RunTime:0.000373s ]
NOTIC: [8] Undefined index: limit /var/www/html/DomainSystem/ThinkPHP/Library/Think/Db.class.php 第 788 行.
SQL: SELECT * FROM `db_domainmgr` WHERE ( id>=0 ) ORDER BY id desc LIMIT 0,20   [ RunTime:0.000389s ]
SQL: SELECT COUNT(*) AS tp_count FROM `db_domainmgr` WHERE ( id>=0 ) LIMIT 1   [ RunTime:0.000236s ]
INFO: [ view_parse ] --START--
INFO: [ template_filter ] --START--
INFO: Run Behavior\ContentReplaceBehavior [ RunTime:0.000101s ]
INFO: [ template_filter ] --END-- [ RunTime:0.000141s ]
INFO: Run Behavior\ParseTemplateBehavior [ RunTime:0.017418s ]
INFO: [ view_parse ] --END-- [ RunTime:0.017443s ]
INFO: [ view_filter ] --START--
INFO: Run Behavior\WriteHtmlCacheBehavior [ RunTime:0.000036s ]
INFO: [ view_filter ] --END-- [ RunTime:0.000050s ]
INFO: [ app_end ] --START--
INFO: Run Behavior\ShowPageTraceBehavior [ RunTime:0.000028s ]
INFO: [ app_end ] --END-- [ RunTime:0.000047s ]

[ 2017-03-29T23:46:52+08:00 ] 127.0.0.1 /DomainSystem/index.php/Admin/Profile/index
INFO: [ app_init ] --START--
INFO: Run Behavior\BuildLiteBehavior [ RunTime:0.000007s ]
INFO: [ app_init ] --END-- [ RunTime:0.000049s ]
INFO: [ app_begin ] --START--
INFO: Run Behavior\ReadHtmlCacheBehavior [ RunTime:0.000018s ]
INFO: [ app_begin ] --END-- [ RunTime:0.000038s ]
NOTIC: [8192] mysql_connect(): The mysql extension is deprecated and will be removed in the future: use mysqli or PDO instead /var/www/html/DomainSystem/ThinkPHP/Library/Think/Db/Driver/Mysql.class.php 第 52 行.
SQL: SHOW COLUMNS FROM `db_admins` [ RunTime:0.000413s ]
SQL: SELECT * FROM `db_admins` WHERE `uid` = 1 LIMIT 1   [ RunTime:0.000041s ]
SQL: SHOW COLUMNS FROM `db_auth_group` [ RunTime:0.000213s ]
SQL: SELECT * FROM `db_auth_group` WHERE `id` = 5 LIMIT 1   [ RunTime:0.000033s ]
INFO: [ view_parse ] --START--
INFO: [ template_filter ] --START--
INFO: Run Behavior\ContentReplaceBehavior [ RunTime:0.000069s ]
INFO: [ template_filter ] --END-- [ RunTime:0.000097s ]
INFO: Run Behavior\ParseTemplateBehavior [ RunTime:0.010978s ]
INFO: [ view_parse ] --END-- [ RunTime:0.011013s ]
INFO: [ view_filter ] --START--
INFO: Run Behavior\WriteHtmlCacheBehavior [ RunTime:0.000034s ]
INFO: [ view_filter ] --END-- [ RunTime:0.000050s ]
INFO: [ app_end ] --START--
INFO: Run Behavior\ShowPageTraceBehavior [ RunTime:0.000026s ]
INFO: [ app_end ] --END-- [ RunTime:0.000048s ]

[ 2017-03-29T23:47:32+08:00 ] 127.0.0.1 /DomainSystem/index.php/Admin/Profile/index
INFO: [ app_init ] --START--
INFO: Run Behavior\BuildLiteBehavior [ RunTime:0.000011s ]
INFO: [ app_init ] --END-- [ RunTime:0.000075s ]
INFO: [ app_begin ] --START--
INFO: Run Behavior\ReadHtmlCacheBehavior [ RunTime:0.000032s ]
INFO: [ app_begin ] --END-- [ RunTime:0.000063s ]
NOTIC: [8192] mysql_connect(): The mysql extension is deprecated and will be removed in the future: use mysqli or PDO instead /var/www/html/DomainSystem/ThinkPHP/Library/Think/Db/Driver/Mysql.class.php 第 52 行.
SQL: SHOW COLUMNS FROM `db_admins` [ RunTime:0.000623s ]
SQL: SELECT * FROM `db_admins` WHERE `uid` = 1 LIMIT 1   [ RunTime:0.000621s ]
SQL: SHOW COLUMNS FROM `db_auth_group` [ RunTime:0.000347s ]
SQL: SELECT * FROM `db_auth_group` WHERE `id` = 5 LIMIT 1   [ RunTime:0.002903s ]
INFO: [ view_parse ] --START--
INFO: [ template_filter ] --START--
INFO: Run Behavior\ContentReplaceBehavior [ RunTime:0.000069s ]
INFO: [ template_filter ] --END-- [ RunTime:0.000111s ]
INFO: Run Behavior\ParseTemplateBehavior [ RunTime:0.015884s ]
INFO: [ view_parse ] --END-- [ RunTime:0.015928s ]
INFO: [ view_filter ] --START--
INFO: Run Behavior\WriteHtmlCacheBehavior [ RunTime:0.000037s ]
INFO: [ view_filter ] --END-- [ RunTime:0.000053s ]
INFO: [ app_end ] --START--
INFO: Run Behavior\ShowPageTraceBehavior [ RunTime:0.000149s ]
INFO: [ app_end ] --END-- [ RunTime:0.000333s ]

[ 2017-03-29T23:47:34+08:00 ] 127.0.0.1 /DomainSystem/index.php/Admin/Order/orderlist
INFO: [ app_init ] --START--
INFO: Run Behavior\BuildLiteBehavior [ RunTime:0.000007s ]
INFO: [ app_init ] --END-- [ RunTime:0.000050s ]
INFO: [ app_begin ] --START--
INFO: Run Behavior\ReadHtmlCacheBehavior [ RunTime:0.000018s ]
INFO: [ app_begin ] --END-- [ RunTime:0.000038s ]
NOTIC: [8192] mysql_connect(): The mysql extension is deprecated and will be removed in the future: use mysqli or PDO instead /var/www/html/DomainSystem/ThinkPHP/Library/Think/Db/Driver/Mysql.class.php 第 52 行.
SQL: SHOW COLUMNS FROM `db_order` [ RunTime:0.000505s ]
NOTIC: [8] Undefined index: limit /var/www/html/DomainSystem/ThinkPHP/Library/Think/Db.class.php 第 788 行.
SQL: SELECT * FROM `db_order` WHERE ( id>=0 ) ORDER BY issuedate desc LIMIT 0,20   [ RunTime:0.000045s ]
SQL: SELECT COUNT(*) AS tp_count FROM `db_order` WHERE ( id>=0 ) LIMIT 1   [ RunTime:0.000030s ]
INFO: [ view_parse ] --START--
INFO: [ template_filter ] --START--
INFO: Run Behavior\ContentReplaceBehavior [ RunTime:0.000085s ]
INFO: [ template_filter ] --END-- [ RunTime:0.000122s ]
INFO: Run Behavior\ParseTemplateBehavior [ RunTime:0.031068s ]
INFO: [ view_parse ] --END-- [ RunTime:0.031108s ]
INFO: [ view_filter ] --START--
INFO: Run Behavior\WriteHtmlCacheBehavior [ RunTime:0.000036s ]
INFO: [ view_filter ] --END-- [ RunTime:0.000052s ]
INFO: [ app_end ] --START--
INFO: Run Behavior\ShowPageTraceBehavior [ RunTime:0.000047s ]
INFO: [ app_end ] --END-- [ RunTime:0.000076s ]

[ 2017-03-29T23:47:36+08:00 ] 127.0.0.1 /DomainSystem/index.php/Admin/Profile/index
INFO: [ app_init ] --START--
INFO: Run Behavior\BuildLiteBehavior [ RunTime:0.000007s ]
INFO: [ app_init ] --END-- [ RunTime:0.000053s ]
INFO: [ app_begin ] --START--
INFO: Run Behavior\ReadHtmlCacheBehavior [ RunTime:0.000031s ]
INFO: [ app_begin ] --END-- [ RunTime:0.000209s ]
NOTIC: [8192] mysql_connect(): The mysql extension is deprecated and will be removed in the future: use mysqli or PDO instead /var/www/html/DomainSystem/ThinkPHP/Library/Think/Db/Driver/Mysql.class.php 第 52 行.
SQL: SHOW COLUMNS FROM `db_admins` [ RunTime:0.000417s ]
SQL: SELECT * FROM `db_admins` WHERE `uid` = 1 LIMIT 1   [ RunTime:0.000040s ]
SQL: SHOW COLUMNS FROM `db_auth_group` [ RunTime:0.000201s ]
SQL: SELECT * FROM `db_auth_group` WHERE `id` = 5 LIMIT 1   [ RunTime:0.000031s ]
INFO: [ view_parse ] --START--
INFO: [ template_filter ] --START--
INFO: Run Behavior\ContentReplaceBehavior [ RunTime:0.000066s ]
INFO: [ template_filter ] --END-- [ RunTime:0.000097s ]
INFO: Run Behavior\ParseTemplateBehavior [ RunTime:0.010731s ]
INFO: [ view_parse ] --END-- [ RunTime:0.010761s ]
INFO: [ view_filter ] --START--
INFO: Run Behavior\WriteHtmlCacheBehavior [ RunTime:0.000038s ]
INFO: [ view_filter ] --END-- [ RunTime:0.000051s ]
INFO: [ app_end ] --START--
INFO: Run Behavior\ShowPageTraceBehavior [ RunTime:0.000418s ]
INFO: [ app_end ] --END-- [ RunTime:0.000443s ]

[ 2017-03-29T23:48:02+08:00 ] 127.0.0.1 /DomainSystem/index.php/Admin/Configure/domainregistrar
INFO: [ app_init ] --START--
INFO: Run Behavior\BuildLiteBehavior [ RunTime:0.000008s ]
INFO: [ app_init ] --END-- [ RunTime:0.000062s ]
INFO: [ app_begin ] --START--
INFO: Run Behavior\ReadHtmlCacheBehavior [ RunTime:0.000024s ]
INFO: [ app_begin ] --END-- [ RunTime:0.000044s ]
NOTIC: [8192] mysql_connect(): The mysql extension is deprecated and will be removed in the future: use mysqli or PDO instead /var/www/html/DomainSystem/ThinkPHP/Library/Think/Db/Driver/Mysql.class.php 第 52 行.
SQL: SHOW COLUMNS FROM `db_registrar` [ RunTime:0.000387s ]
SQL: SELECT * FROM `db_registrar`  [ RunTime:0.000271s ]
INFO: [ view_parse ] --START--
INFO: [ template_filter ] --START--
INFO: Run Behavior\ContentReplaceBehavior [ RunTime:0.000090s ]
INFO: [ template_filter ] --END-- [ RunTime:0.000128s ]
NOTIC: [8] Undefined variable: page /var/www/html/DomainSystem/Application/Runtime/Cache/Admin/4551da3d4d559563270bb162dc8861b3.php 第 767 行.
INFO: Run Behavior\ParseTemplateBehavior [ RunTime:0.031815s ]
INFO: [ view_parse ] --END-- [ RunTime:0.031839s ]
INFO: [ view_filter ] --START--
INFO: Run Behavior\WriteHtmlCacheBehavior [ RunTime:0.000034s ]
INFO: [ view_filter ] --END-- [ RunTime:0.000050s ]
INFO: [ app_end ] --START--
INFO: Run Behavior\ShowPageTraceBehavior [ RunTime:0.000146s ]
INFO: [ app_end ] --END-- [ RunTime:0.000169s ]

[ 2017-03-29T23:48:07+08:00 ] 127.0.0.1 /DomainSystem/index.php/Admin/Profile/index
INFO: [ app_init ] --START--
INFO: Run Behavior\BuildLiteBehavior [ RunTime:0.000008s ]
INFO: [ app_init ] --END-- [ RunTime:0.000053s ]
INFO: [ app_begin ] --START--
INFO: Run Behavior\ReadHtmlCacheBehavior [ RunTime:0.000025s ]
INFO: [ app_begin ] --END-- [ RunTime:0.000046s ]
NOTIC: [8192] mysql_connect(): The mysql extension is deprecated and will be removed in the future: use mysqli or PDO instead /var/www/html/DomainSystem/ThinkPHP/Library/Think/Db/Driver/Mysql.class.php 第 52 行.
SQL: SHOW COLUMNS FROM `db_admins` [ RunTime:0.000353s ]
SQL: SELECT * FROM `db_admins` WHERE `uid` = 1 LIMIT 1   [ RunTime:0.000051s ]
SQL: SHOW COLUMNS FROM `db_auth_group` [ RunTime:0.000209s ]
SQL: SELECT * FROM `db_auth_group` WHERE `id` = 5 LIMIT 1   [ RunTime:0.000033s ]
INFO: [ view_parse ] --START--
INFO: [ template_filter ] --START--
INFO: Run Behavior\ContentReplaceBehavior [ RunTime:0.000067s ]
INFO: [ template_filter ] --END-- [ RunTime:0.000099s ]
INFO: Run Behavior\ParseTemplateBehavior [ RunTime:0.013277s ]
INFO: [ view_parse ] --END-- [ RunTime:0.013311s ]
INFO: [ view_filter ] --START--
INFO: Run Behavior\WriteHtmlCacheBehavior [ RunTime:0.000037s ]
INFO: [ view_filter ] --END-- [ RunTime:0.000052s ]
INFO: [ app_end ] --START--
INFO: Run Behavior\ShowPageTraceBehavior [ RunTime:0.000123s ]
INFO: [ app_end ] --END-- [ RunTime:0.000143s ]

[ 2017-03-29T23:48:16+08:00 ] 127.0.0.1 /DomainSystem/index.php/Admin/Order/orderlist
INFO: [ app_init ] --START--
INFO: Run Behavior\BuildLiteBehavior [ RunTime:0.000013s ]
INFO: [ app_init ] --END-- [ RunTime:0.000086s ]
INFO: [ app_begin ] --START--
INFO: Run Behavior\ReadHtmlCacheBehavior [ RunTime:0.000036s ]
INFO: [ app_begin ] --END-- [ RunTime:0.000062s ]
NOTIC: [8192] mysql_connect(): The mysql extension is deprecated and will be removed in the future: use mysqli or PDO instead /var/www/html/DomainSystem/ThinkPHP/Library/Think/Db/Driver/Mysql.class.php 第 52 行.
SQL: SHOW COLUMNS FROM `db_order` [ RunTime:0.000411s ]
NOTIC: [8] Undefined index: limit /var/www/html/DomainSystem/ThinkPHP/Library/Think/Db.class.php 第 788 行.
SQL: SELECT * FROM `db_order` WHERE ( id>=0 ) ORDER BY issuedate desc LIMIT 0,20   [ RunTime:0.000159s ]
SQL: SELECT COUNT(*) AS tp_count FROM `db_order` WHERE ( id>=0 ) LIMIT 1   [ RunTime:0.001451s ]
INFO: [ view_parse ] --START--
INFO: [ template_filter ] --START--
INFO: Run Behavior\ContentReplaceBehavior [ RunTime:0.000088s ]
INFO: [ template_filter ] --END-- [ RunTime:0.000118s ]
INFO: Run Behavior\ParseTemplateBehavior [ RunTime:0.010506s ]
INFO: [ view_parse ] --END-- [ RunTime:0.010549s ]
INFO: [ view_filter ] --START--
INFO: Run Behavior\WriteHtmlCacheBehavior [ RunTime:0.000039s ]
INFO: [ view_filter ] --END-- [ RunTime:0.000056s ]
INFO: [ app_end ] --START--
INFO: Run Behavior\ShowPageTraceBehavior [ RunTime:0.000040s ]
INFO: [ app_end ] --END-- [ RunTime:0.000064s ]

[ 2017-03-29T23:48:17+08:00 ] 127.0.0.1 /DomainSystem/index.php/Admin/Profile/index
INFO: [ app_init ] --START--
INFO: Run Behavior\BuildLiteBehavior [ RunTime:0.000007s ]
INFO: [ app_init ] --END-- [ RunTime:0.000049s ]
INFO: [ app_begin ] --START--
INFO: Run Behavior\ReadHtmlCacheBehavior [ RunTime:0.000019s ]
INFO: [ app_begin ] --END-- [ RunTime:0.000038s ]
NOTIC: [8192] mysql_connect(): The mysql extension is deprecated and will be removed in the future: use mysqli or PDO instead /var/www/html/DomainSystem/ThinkPHP/Library/Think/Db/Driver/Mysql.class.php 第 52 行.
SQL: SHOW COLUMNS FROM `db_admins` [ RunTime:0.000310s ]
SQL: SELECT * FROM `db_admins` WHERE `uid` = 1 LIMIT 1   [ RunTime:0.000043s ]
SQL: SHOW COLUMNS FROM `db_auth_group` [ RunTime:0.000277s ]
SQL: SELECT * FROM `db_auth_group` WHERE `id` = 5 LIMIT 1   [ RunTime:0.000031s ]
INFO: [ view_parse ] --START--
INFO: [ template_filter ] --START--
INFO: Run Behavior\ContentReplaceBehavior [ RunTime:0.000069s ]
INFO: [ template_filter ] --END-- [ RunTime:0.000152s ]
INFO: Run Behavior\ParseTemplateBehavior [ RunTime:0.008195s ]
INFO: [ view_parse ] --END-- [ RunTime:0.008222s ]
INFO: [ view_filter ] --START--
INFO: Run Behavior\WriteHtmlCacheBehavior [ RunTime:0.000031s ]
INFO: [ view_filter ] --END-- [ RunTime:0.000046s ]
INFO: [ app_end ] --START--
INFO: Run Behavior\ShowPageTraceBehavior [ RunTime:0.000051s ]
INFO: [ app_end ] --END-- [ RunTime:0.000097s ]

[ 2017-03-29T23:51:37+08:00 ] 127.0.0.1 /DomainSystem/index.php/Admin/Profile/index
INFO: [ app_init ] --START--
INFO: Run Behavior\BuildLiteBehavior [ RunTime:0.000008s ]
INFO: [ app_init ] --END-- [ RunTime:0.000060s ]
INFO: [ app_begin ] --START--
INFO: Run Behavior\ReadHtmlCacheBehavior [ RunTime:0.000023s ]
INFO: [ app_begin ] --END-- [ RunTime:0.000043s ]
NOTIC: [8192] mysql_connect(): The mysql extension is deprecated and will be removed in the future: use mysqli or PDO instead /var/www/html/DomainSystem/ThinkPHP/Library/Think/Db/Driver/Mysql.class.php 第 52 行.
SQL: SHOW COLUMNS FROM `db_admins` [ RunTime:0.000987s ]
SQL: SELECT * FROM `db_admins` WHERE `uid` = 1 LIMIT 1   [ RunTime:0.000046s ]
SQL: SHOW COLUMNS FROM `db_auth_group` [ RunTime:0.000284s ]
SQL: SELECT * FROM `db_auth_group` WHERE `id` = 5 LIMIT 1   [ RunTime:0.000034s ]
INFO: [ view_parse ] --START--
INFO: [ template_filter ] --START--
INFO: Run Behavior\ContentReplaceBehavior [ RunTime:0.000083s ]
INFO: [ template_filter ] --END-- [ RunTime:0.000121s ]
INFO: Run Behavior\ParseTemplateBehavior [ RunTime:0.014075s ]
INFO: [ view_parse ] --END-- [ RunTime:0.014108s ]
INFO: [ view_filter ] --START--
INFO: Run Behavior\WriteHtmlCacheBehavior [ RunTime:0.000038s ]
INFO: [ view_filter ] --END-- [ RunTime:0.000055s ]
INFO: [ app_end ] --START--
INFO: Run Behavior\ShowPageTraceBehavior [ RunTime:0.000027s ]
INFO: [ app_end ] --END-- [ RunTime:0.000046s ]

[ 2017-03-29T23:51:40+08:00 ] 127.0.0.1 /DomainSystem/index.php/Admin/Order/orderlist
INFO: [ app_init ] --START--
INFO: Run Behavior\BuildLiteBehavior [ RunTime:0.000007s ]
INFO: [ app_init ] --END-- [ RunTime:0.000050s ]
INFO: [ app_begin ] --START--
INFO: Run Behavior\ReadHtmlCacheBehavior [ RunTime:0.000020s ]
INFO: [ app_begin ] --END-- [ RunTime:0.000040s ]
NOTIC: [8192] mysql_connect(): The mysql extension is deprecated and will be removed in the future: use mysqli or PDO instead /var/www/html/DomainSystem/ThinkPHP/Library/Think/Db/Driver/Mysql.class.php 第 52 行.
SQL: SHOW COLUMNS FROM `db_order` [ RunTime:0.000425s ]
NOTIC: [8] Undefined index: limit /var/www/html/DomainSystem/ThinkPHP/Library/Think/Db.class.php 第 788 行.
SQL: SELECT * FROM `db_order` WHERE ( id>=0 ) ORDER BY issuedate desc LIMIT 0,20   [ RunTime:0.000044s ]
SQL: SELECT COUNT(*) AS tp_count FROM `db_order` WHERE ( id>=0 ) LIMIT 1   [ RunTime:0.000030s ]
INFO: [ view_parse ] --START--
INFO: [ template_filter ] --START--
INFO: Run Behavior\ContentReplaceBehavior [ RunTime:0.000079s ]
INFO: [ template_filter ] --END-- [ RunTime:0.000115s ]
INFO: Run Behavior\ParseTemplateBehavior [ RunTime:0.013976s ]
INFO: [ view_parse ] --END-- [ RunTime:0.014010s ]
INFO: [ view_filter ] --START--
INFO: Run Behavior\WriteHtmlCacheBehavior [ RunTime:0.000035s ]
INFO: [ view_filter ] --END-- [ RunTime:0.000052s ]
INFO: [ app_end ] --START--
INFO: Run Behavior\ShowPageTraceBehavior [ RunTime:0.000159s ]
INFO: [ app_end ] --END-- [ RunTime:0.000186s ]

[ 2017-03-29T23:51:42+08:00 ] 127.0.0.1 /DomainSystem/index.php/Admin/Order/orderdetail/orderid/1490795848
INFO: [ app_init ] --START--
INFO: Run Behavior\BuildLiteBehavior [ RunTime:0.000007s ]
INFO: [ app_init ] --END-- [ RunTime:0.000049s ]
INFO: [ app_begin ] --START--
INFO: Run Behavior\ReadHtmlCacheBehavior [ RunTime:0.000024s ]
INFO: [ app_begin ] --END-- [ RunTime:0.000101s ]
NOTIC: [8192] mysql_connect(): The mysql extension is deprecated and will be removed in the future: use mysqli or PDO instead /var/www/html/DomainSystem/ThinkPHP/Library/Think/Db/Driver/Mysql.class.php 第 52 行.
SQL: SHOW COLUMNS FROM `db_order` [ RunTime:0.000320s ]
SQL: SELECT * FROM `db_order` WHERE `orderID` = '1490795848' LIMIT 1   [ RunTime:0.000046s ]
SQL: SHOW COLUMNS FROM `db_transaction` [ RunTime:0.000229s ]
SQL: SELECT * FROM `db_transaction` WHERE `orderID` = '1490795848' LIMIT 1   [ RunTime:0.000035s ]
SQL: SHOW COLUMNS FROM `db_item` [ RunTime:0.000215s ]
SQL: SELECT * FROM `db_item` WHERE `orderID` = 1490795848  [ RunTime:0.000035s ]
INFO: [ view_parse ] --START--
INFO: [ template_filter ] --START--
INFO: Run Behavior\ContentReplaceBehavior [ RunTime:0.000092s ]
INFO: [ template_filter ] --END-- [ RunTime:0.000129s ]
NOTIC: [8] Undefined variable: orderid /var/www/html/DomainSystem/Application/Runtime/Cache/Admin/6dcf12ba6872a6af8ecf0dec4d527447.php 第 385 行.
INFO: Run Behavior\ParseTemplateBehavior [ RunTime:0.022671s ]
INFO: [ view_parse ] --END-- [ RunTime:0.022695s ]
INFO: [ view_filter ] --START--
INFO: Run Behavior\WriteHtmlCacheBehavior [ RunTime:0.000029s ]
INFO: [ view_filter ] --END-- [ RunTime:0.000042s ]
INFO: [ app_end ] --START--
INFO: Run Behavior\ShowPageTraceBehavior [ RunTime:0.000024s ]
INFO: [ app_end ] --END-- [ RunTime:0.000044s ]

[ 2017-03-29T23:51:47+08:00 ] 127.0.0.1 /DomainSystem/index.php/Admin/Customer/customerlist
INFO: [ app_init ] --START--
INFO: Run Behavior\BuildLiteBehavior [ RunTime:0.000007s ]
INFO: [ app_init ] --END-- [ RunTime:0.000057s ]
INFO: [ app_begin ] --START--
INFO: Run Behavior\ReadHtmlCacheBehavior [ RunTime:0.000026s ]
INFO: [ app_begin ] --END-- [ RunTime:0.000047s ]
NOTIC: [8192] mysql_connect(): The mysql extension is deprecated and will be removed in the future: use mysqli or PDO instead /var/www/html/DomainSystem/ThinkPHP/Library/Think/Db/Driver/Mysql.class.php 第 52 行.
SQL: SHOW COLUMNS FROM `db_users` [ RunTime:0.000347s ]
NOTIC: [8] Undefined index: limit /var/www/html/DomainSystem/ThinkPHP/Library/Think/Db.class.php 第 788 行.
SQL: SELECT * FROM `db_users` WHERE ( id>=0 ) ORDER BY regtime desc LIMIT 0,20   [ RunTime:0.000047s ]
SQL: SELECT COUNT(*) AS tp_count FROM `db_users` WHERE ( id>=0 ) LIMIT 1   [ RunTime:0.000028s ]
INFO: [ view_parse ] --START--
INFO: [ template_filter ] --START--
INFO: Run Behavior\ContentReplaceBehavior [ RunTime:0.000071s ]
INFO: [ template_filter ] --END-- [ RunTime:0.000107s ]
INFO: Run Behavior\ParseTemplateBehavior [ RunTime:0.014105s ]
INFO: [ view_parse ] --END-- [ RunTime:0.014129s ]
INFO: [ view_filter ] --START--
INFO: Run Behavior\WriteHtmlCacheBehavior [ RunTime:0.000033s ]
INFO: [ view_filter ] --END-- [ RunTime:0.000048s ]
INFO: [ app_end ] --START--
INFO: Run Behavior\ShowPageTraceBehavior [ RunTime:0.000031s ]
INFO: [ app_end ] --END-- [ RunTime:0.000052s ]

[ 2017-03-29T23:51:49+08:00 ] 127.0.0.1 /DomainSystem/index.php/Admin/Customer/customeradd
INFO: [ app_init ] --START--
INFO: Run Behavior\BuildLiteBehavior [ RunTime:0.000008s ]
INFO: [ app_init ] --END-- [ RunTime:0.000144s ]
INFO: [ app_begin ] --START--
INFO: Run Behavior\ReadHtmlCacheBehavior [ RunTime:0.000019s ]
INFO: [ app_begin ] --END-- [ RunTime:0.000038s ]
INFO: [ view_parse ] --START--
INFO: [ template_filter ] --START--
INFO: Run Behavior\ContentReplaceBehavior [ RunTime:0.000077s ]
INFO: [ template_filter ] --END-- [ RunTime:0.000115s ]
NOTIC: [8] Undefined variable: profiles /var/www/html/DomainSystem/Application/Runtime/Cache/Admin/db0e2e2ed88c95528c81a46db074c6a7.php 第 401 行.
NOTIC: [8] Undefined variable: profiles /var/www/html/DomainSystem/Application/Runtime/Cache/Admin/db0e2e2ed88c95528c81a46db074c6a7.php 第 403 行.
NOTIC: [8] Undefined variable: profiles /var/www/html/DomainSystem/Application/Runtime/Cache/Admin/db0e2e2ed88c95528c81a46db074c6a7.php 第 405 行.
NOTIC: [8] Undefined variable: profiles /var/www/html/DomainSystem/Application/Runtime/Cache/Admin/db0e2e2ed88c95528c81a46db074c6a7.php 第 407 行.
NOTIC: [8] Undefined variable: profiles /var/www/html/DomainSystem/Application/Runtime/Cache/Admin/db0e2e2ed88c95528c81a46db074c6a7.php 第 417 行.
NOTIC: [8] Undefined variable: profiles /var/www/html/DomainSystem/Application/Runtime/Cache/Admin/db0e2e2ed88c95528c81a46db074c6a7.php 第 419 行.
NOTIC: [8] Undefined variable: profiles /var/www/html/DomainSystem/Application/Runtime/Cache/Admin/db0e2e2ed88c95528c81a46db074c6a7.php 第 422 行.
NOTIC: [8] Undefined variable: profiles /var/www/html/DomainSystem/Application/Runtime/Cache/Admin/db0e2e2ed88c95528c81a46db074c6a7.php 第 424 行.
NOTIC: [8] Undefined variable: profiles /var/www/html/DomainSystem/Application/Runtime/Cache/Admin/db0e2e2ed88c95528c81a46db074c6a7.php 第 426 行.
NOTIC: [8] Undefined variable: profiles /var/www/html/DomainSystem/Application/Runtime/Cache/Admin/db0e2e2ed88c95528c81a46db074c6a7.php 第 428 行.
NOTIC: [8] Undefined variable: profiles /var/www/html/DomainSystem/Application/Runtime/Cache/Admin/db0e2e2ed88c95528c81a46db074c6a7.php 第 430 行.
NOTIC: [8] Undefined variable: profiles /var/www/html/DomainSystem/Application/Runtime/Cache/Admin/db0e2e2ed88c95528c81a46db074c6a7.php 第 432 行.
NOTIC: [8] Undefined variable: cusid /var/www/html/DomainSystem/Application/Runtime/Cache/Admin/db0e2e2ed88c95528c81a46db074c6a7.php 第 472 行.
INFO: Run Behavior\ParseTemplateBehavior [ RunTime:0.011657s ]
INFO: [ view_parse ] --END-- [ RunTime:0.011679s ]
INFO: [ view_filter ] --START--
INFO: Run Behavior\WriteHtmlCacheBehavior [ RunTime:0.000031s ]
INFO: [ view_filter ] --END-- [ RunTime:0.000046s ]
INFO: [ app_end ] --START--
INFO: Run Behavior\ShowPageTraceBehavior [ RunTime:0.000021s ]
INFO: [ app_end ] --END-- [ RunTime:0.000040s ]

[ 2017-03-29T23:51:52+08:00 ] 127.0.0.1 /DomainSystem/index.php/Admin/Customer/customerlist
INFO: [ app_init ] --START--
INFO: Run Behavior\BuildLiteBehavior [ RunTime:0.000007s ]
INFO: [ app_init ] --END-- [ RunTime:0.000054s ]
INFO: [ app_begin ] --START--
INFO: Run Behavior\ReadHtmlCacheBehavior [ RunTime:0.000026s ]
INFO: [ app_begin ] --END-- [ RunTime:0.000047s ]
NOTIC: [8192] mysql_connect(): The mysql extension is deprecated and will be removed in the future: use mysqli or PDO instead /var/www/html/DomainSystem/ThinkPHP/Library/Think/Db/Driver/Mysql.class.php 第 52 行.
SQL: SHOW COLUMNS FROM `db_users` [ RunTime:0.000418s ]
NOTIC: [8] Undefined index: limit /var/www/html/DomainSystem/ThinkPHP/Library/Think/Db.class.php 第 788 行.
SQL: SELECT * FROM `db_users` WHERE ( id>=0 ) ORDER BY regtime desc LIMIT 0,20   [ RunTime:0.000046s ]
SQL: SELECT COUNT(*) AS tp_count FROM `db_users` WHERE ( id>=0 ) LIMIT 1   [ RunTime:0.000031s ]
INFO: [ view_parse ] --START--
INFO: [ template_filter ] --START--
INFO: Run Behavior\ContentReplaceBehavior [ RunTime:0.000066s ]
INFO: [ template_filter ] --END-- [ RunTime:0.000093s ]
INFO: Run Behavior\ParseTemplateBehavior [ RunTime:0.007826s ]
INFO: [ view_parse ] --END-- [ RunTime:0.007856s ]
INFO: [ view_filter ] --START--
INFO: Run Behavior\WriteHtmlCacheBehavior [ RunTime:0.000036s ]
INFO: [ view_filter ] --END-- [ RunTime:0.000053s ]
INFO: [ app_end ] --START--
INFO: Run Behavior\ShowPageTraceBehavior [ RunTime:0.000028s ]
INFO: [ app_end ] --END-- [ RunTime:0.000048s ]

[ 2017-03-29T23:51:54+08:00 ] 127.0.0.1 /DomainSystem/index.php/Admin/Profile/index
INFO: [ app_init ] --START--
INFO: Run Behavior\BuildLiteBehavior [ RunTime:0.000007s ]
INFO: [ app_init ] --END-- [ RunTime:0.000048s ]
INFO: [ app_begin ] --START--
INFO: Run Behavior\ReadHtmlCacheBehavior [ RunTime:0.000019s ]
INFO: [ app_begin ] --END-- [ RunTime:0.000037s ]
NOTIC: [8192] mysql_connect(): The mysql extension is deprecated and will be removed in the future: use mysqli or PDO instead /var/www/html/DomainSystem/ThinkPHP/Library/Think/Db/Driver/Mysql.class.php 第 52 行.
SQL: SHOW COLUMNS FROM `db_admins` [ RunTime:0.000309s ]
SQL: SELECT * FROM `db_admins` WHERE `uid` = 1 LIMIT 1   [ RunTime:0.000045s ]
SQL: SHOW COLUMNS FROM `db_auth_group` [ RunTime:0.000214s ]
SQL: SELECT * FROM `db_auth_group` WHERE `id` = 5 LIMIT 1   [ RunTime:0.000032s ]
INFO: [ view_parse ] --START--
INFO: [ template_filter ] --START--
INFO: Run Behavior\ContentReplaceBehavior [ RunTime:0.000072s ]
INFO: [ template_filter ] --END-- [ RunTime:0.000113s ]
INFO: Run Behavior\ParseTemplateBehavior [ RunTime:0.012533s ]
INFO: [ view_parse ] --END-- [ RunTime:0.012561s ]
INFO: [ view_filter ] --START--
INFO: Run Behavior\WriteHtmlCacheBehavior [ RunTime:0.000031s ]
INFO: [ view_filter ] --END-- [ RunTime:0.000046s ]
INFO: [ app_end ] --START--
INFO: Run Behavior\ShowPageTraceBehavior [ RunTime:0.000021s ]
INFO: [ app_end ] --END-- [ RunTime:0.000040s ]

[ 2017-03-29T23:51:57+08:00 ] 127.0.0.1 /DomainSystem/index.php/Admin/Transaction/translist
INFO: [ app_init ] --START--
INFO: Run Behavior\BuildLiteBehavior [ RunTime:0.000010s ]
INFO: [ app_init ] --END-- [ RunTime:0.000144s ]
INFO: [ app_begin ] --START--
INFO: Run Behavior\ReadHtmlCacheBehavior [ RunTime:0.000033s ]
INFO: [ app_begin ] --END-- [ RunTime:0.000061s ]
NOTIC: [8192] mysql_connect(): The mysql extension is deprecated and will be removed in the future: use mysqli or PDO instead /var/www/html/DomainSystem/ThinkPHP/Library/Think/Db/Driver/Mysql.class.php 第 52 行.
SQL: SHOW COLUMNS FROM `db_transaction` [ RunTime:0.000309s ]
NOTIC: [8] Undefined index: limit /var/www/html/DomainSystem/ThinkPHP/Library/Think/Db.class.php 第 788 行.
SQL: SELECT * FROM `db_transaction` WHERE ( id>=0 ) ORDER BY paydate desc LIMIT 0,20   [ RunTime:0.000039s ]
SQL: SELECT COUNT(*) AS tp_count FROM `db_transaction` WHERE ( id>=0 ) LIMIT 1   [ RunTime:0.000028s ]
INFO: [ view_parse ] --START--
INFO: [ template_filter ] --START--
INFO: Run Behavior\ContentReplaceBehavior [ RunTime:0.000082s ]
INFO: [ template_filter ] --END-- [ RunTime:0.000118s ]
INFO: Run Behavior\ParseTemplateBehavior [ RunTime:0.012208s ]
INFO: [ view_parse ] --END-- [ RunTime:0.012232s ]
INFO: [ view_filter ] --START--
INFO: Run Behavior\WriteHtmlCacheBehavior [ RunTime:0.000036s ]
INFO: [ view_filter ] --END-- [ RunTime:0.000050s ]
INFO: [ app_end ] --START--
INFO: Run Behavior\ShowPageTraceBehavior [ RunTime:0.000027s ]
INFO: [ app_end ] --END-- [ RunTime:0.000045s ]

[ 2017-03-29T23:53:13+08:00 ] 127.0.0.1 /DomainSystem/index.php/Admin/Transaction/translist
INFO: [ app_init ] --START--
INFO: Run Behavior\BuildLiteBehavior [ RunTime:0.000008s ]
INFO: [ app_init ] --END-- [ RunTime:0.000261s ]
INFO: [ app_begin ] --START--
INFO: Run Behavior\ReadHtmlCacheBehavior [ RunTime:0.000022s ]
INFO: [ app_begin ] --END-- [ RunTime:0.000042s ]
NOTIC: [8192] mysql_connect(): The mysql extension is deprecated and will be removed in the future: use mysqli or PDO instead /var/www/html/DomainSystem/ThinkPHP/Library/Think/Db/Driver/Mysql.class.php 第 52 行.
SQL: SHOW COLUMNS FROM `db_transaction` [ RunTime:0.000643s ]
NOTIC: [8] Undefined index: limit /var/www/html/DomainSystem/ThinkPHP/Library/Think/Db.class.php 第 788 行.
SQL: SELECT * FROM `db_transaction` WHERE ( id>=0 ) ORDER BY paydate desc LIMIT 0,20   [ RunTime:0.000045s ]
SQL: SELECT COUNT(*) AS tp_count FROM `db_transaction` WHERE ( id>=0 ) LIMIT 1   [ RunTime:0.000030s ]
INFO: [ view_parse ] --START--
INFO: [ template_filter ] --START--
INFO: Run Behavior\ContentReplaceBehavior [ RunTime:0.000074s ]
INFO: [ template_filter ] --END-- [ RunTime:0.000113s ]
INFO: Run Behavior\ParseTemplateBehavior [ RunTime:0.014769s ]
INFO: [ view_parse ] --END-- [ RunTime:0.014880s ]
INFO: [ view_filter ] --START--
INFO: Run Behavior\WriteHtmlCacheBehavior [ RunTime:0.000041s ]
INFO: [ view_filter ] --END-- [ RunTime:0.000056s ]
INFO: [ app_end ] --START--
INFO: Run Behavior\ShowPageTraceBehavior [ RunTime:0.000034s ]
INFO: [ app_end ] --END-- [ RunTime:0.000157s ]

[ 2017-03-29T23:53:15+08:00 ] 127.0.0.1 /DomainSystem/index.php/Admin/Transaction/translist
INFO: [ app_init ] --START--
INFO: Run Behavior\BuildLiteBehavior [ RunTime:0.000008s ]
INFO: [ app_init ] --END-- [ RunTime:0.000049s ]
INFO: [ app_begin ] --START--
INFO: Run Behavior\ReadHtmlCacheBehavior [ RunTime:0.000019s ]
INFO: [ app_begin ] --END-- [ RunTime:0.000150s ]
NOTIC: [8192] mysql_connect(): The mysql extension is deprecated and will be removed in the future: use mysqli or PDO instead /var/www/html/DomainSystem/ThinkPHP/Library/Think/Db/Driver/Mysql.class.php 第 52 行.
SQL: SHOW COLUMNS FROM `db_transaction` [ RunTime:0.000443s ]
NOTIC: [8] Undefined index: limit /var/www/html/DomainSystem/ThinkPHP/Library/Think/Db.class.php 第 788 行.
SQL: SELECT * FROM `db_transaction` WHERE ( id>=0 ) ORDER BY paydate desc LIMIT 0,20   [ RunTime:0.000044s ]
SQL: SELECT COUNT(*) AS tp_count FROM `db_transaction` WHERE ( id>=0 ) LIMIT 1   [ RunTime:0.000030s ]
INFO: [ view_parse ] --START--
INFO: [ template_filter ] --START--
INFO: Run Behavior\ContentReplaceBehavior [ RunTime:0.000072s ]
INFO: [ template_filter ] --END-- [ RunTime:0.000106s ]
INFO: Run Behavior\ParseTemplateBehavior [ RunTime:0.012337s ]
INFO: [ view_parse ] --END-- [ RunTime:0.012376s ]
INFO: [ view_filter ] --START--
INFO: Run Behavior\WriteHtmlCacheBehavior [ RunTime:0.000163s ]
INFO: [ view_filter ] --END-- [ RunTime:0.000182s ]
INFO: [ app_end ] --START--
INFO: Run Behavior\ShowPageTraceBehavior [ RunTime:0.000024s ]
INFO: [ app_end ] --END-- [ RunTime:0.000044s ]

[ 2017-03-29T23:53:19+08:00 ] 127.0.0.1 /DomainSystem/index.php/Admin/Transaction/transdetail/transid/1490795949
INFO: [ app_init ] --START--
INFO: Run Behavior\BuildLiteBehavior [ RunTime:0.000007s ]
INFO: [ app_init ] --END-- [ RunTime:0.000051s ]
INFO: [ app_begin ] --START--
INFO: Run Behavior\ReadHtmlCacheBehavior [ RunTime:0.000021s ]
INFO: [ app_begin ] --END-- [ RunTime:0.000040s ]
NOTIC: [8192] mysql_connect(): The mysql extension is deprecated and will be removed in the future: use mysqli or PDO instead /var/www/html/DomainSystem/ThinkPHP/Library/Think/Db/Driver/Mysql.class.php 第 52 行.
SQL: SHOW COLUMNS FROM `db_transaction` [ RunTime:0.000321s ]
SQL: SELECT * FROM `db_transaction` WHERE ( 1490795949 ) LIMIT 1   [ RunTime:0.000132s ]
SQL: SHOW COLUMNS FROM `db_paymethod` [ RunTime:0.000374s ]
SQL: SELECT `method` FROM `db_paymethod` WHERE `useable` = 'Y'  [ RunTime:0.000069s ]
INFO: [ view_parse ] --START--
INFO: [ template_filter ] --START--
INFO: Run Behavior\ContentReplaceBehavior [ RunTime:0.000192s ]
INFO: [ template_filter ] --END-- [ RunTime:0.000297s ]
INFO: Run Behavior\ParseTemplateBehavior [ RunTime:0.022001s ]
INFO: [ view_parse ] --END-- [ RunTime:0.022036s ]
INFO: [ view_filter ] --START--
INFO: Run Behavior\WriteHtmlCacheBehavior [ RunTime:0.000035s ]
INFO: [ view_filter ] --END-- [ RunTime:0.000050s ]
INFO: [ app_end ] --START--
INFO: Run Behavior\ShowPageTraceBehavior [ RunTime:0.000028s ]
INFO: [ app_end ] --END-- [ RunTime:0.000050s ]

[ 2017-03-29T23:53:26+08:00 ] 127.0.0.1 /DomainSystem/index.php/Admin/Transaction/translist
INFO: [ app_init ] --START--
INFO: Run Behavior\BuildLiteBehavior [ RunTime:0.000008s ]
INFO: [ app_init ] --END-- [ RunTime:0.000050s ]
INFO: [ app_begin ] --START--
INFO: Run Behavior\ReadHtmlCacheBehavior [ RunTime:0.000021s ]
INFO: [ app_begin ] --END-- [ RunTime:0.000038s ]
NOTIC: [8192] mysql_connect(): The mysql extension is deprecated and will be removed in the future: use mysqli or PDO instead /var/www/html/DomainSystem/ThinkPHP/Library/Think/Db/Driver/Mysql.class.php 第 52 行.
SQL: SHOW COLUMNS FROM `db_transaction` [ RunTime:0.000300s ]
NOTIC: [8] Undefined index: limit /var/www/html/DomainSystem/ThinkPHP/Library/Think/Db.class.php 第 788 行.
SQL: SELECT * FROM `db_transaction` WHERE ( id>=0 ) ORDER BY paydate desc LIMIT 0,20   [ RunTime:0.000041s ]
SQL: SELECT COUNT(*) AS tp_count FROM `db_transaction` WHERE ( id>=0 ) LIMIT 1   [ RunTime:0.000031s ]
INFO: [ view_parse ] --START--
INFO: [ template_filter ] --START--
INFO: Run Behavior\ContentReplaceBehavior [ RunTime:0.000066s ]
INFO: [ template_filter ] --END-- [ RunTime:0.000095s ]
INFO: Run Behavior\ParseTemplateBehavior [ RunTime:0.008065s ]
INFO: [ view_parse ] --END-- [ RunTime:0.008090s ]
INFO: [ view_filter ] --START--
INFO: Run Behavior\WriteHtmlCacheBehavior [ RunTime:0.000030s ]
INFO: [ view_filter ] --END-- [ RunTime:0.000044s ]
INFO: [ app_end ] --START--
INFO: Run Behavior\ShowPageTraceBehavior [ RunTime:0.000029s ]
INFO: [ app_end ] --END-- [ RunTime:0.000050s ]

[ 2017-03-29T23:53:29+08:00 ] 127.0.0.1 /DomainSystem/index.php/Admin/Transaction/transdetail/transid/1490795949
INFO: [ app_init ] --START--
INFO: Run Behavior\BuildLiteBehavior [ RunTime:0.000008s ]
INFO: [ app_init ] --END-- [ RunTime:0.000051s ]
INFO: [ app_begin ] --START--
INFO: Run Behavior\ReadHtmlCacheBehavior [ RunTime:0.000021s ]
INFO: [ app_begin ] --END-- [ RunTime:0.000041s ]
NOTIC: [8192] mysql_connect(): The mysql extension is deprecated and will be removed in the future: use mysqli or PDO instead /var/www/html/DomainSystem/ThinkPHP/Library/Think/Db/Driver/Mysql.class.php 第 52 行.
SQL: SHOW COLUMNS FROM `db_transaction` [ RunTime:0.000391s ]
SQL: SELECT * FROM `db_transaction` WHERE ( 1490795949 ) LIMIT 1   [ RunTime:0.000043s ]
SQL: SHOW COLUMNS FROM `db_paymethod` [ RunTime:0.000197s ]
SQL: SELECT `method` FROM `db_paymethod` WHERE `useable` = 'Y'  [ RunTime:0.000032s ]
INFO: [ view_parse ] --START--
INFO: [ template_filter ] --START--
INFO: Run Behavior\ContentReplaceBehavior [ RunTime:0.000110s ]
INFO: [ template_filter ] --END-- [ RunTime:0.000148s ]
INFO: Run Behavior\ParseTemplateBehavior [ RunTime:0.015787s ]
INFO: [ view_parse ] --END-- [ RunTime:0.015817s ]
INFO: [ view_filter ] --START--
INFO: Run Behavior\WriteHtmlCacheBehavior [ RunTime:0.000033s ]
INFO: [ view_filter ] --END-- [ RunTime:0.000048s ]
INFO: [ app_end ] --START--
INFO: Run Behavior\ShowPageTraceBehavior [ RunTime:0.000028s ]
INFO: [ app_end ] --END-- [ RunTime:0.000050s ]

[ 2017-03-29T23:54:55+08:00 ] 127.0.0.1 /DomainSystem/index.php/Admin/Domain/domainlist
INFO: [ app_init ] --START--
INFO: Run Behavior\BuildLiteBehavior [ RunTime:0.000007s ]
INFO: [ app_init ] --END-- [ RunTime:0.000056s ]
INFO: [ app_begin ] --START--
INFO: Run Behavior\ReadHtmlCacheBehavior [ RunTime:0.000024s ]
INFO: [ app_begin ] --END-- [ RunTime:0.000044s ]
NOTIC: [8192] mysql_connect(): The mysql extension is deprecated and will be removed in the future: use mysqli or PDO instead /var/www/html/DomainSystem/ThinkPHP/Library/Think/Db/Driver/Mysql.class.php 第 52 行.
SQL: SHOW COLUMNS FROM `db_domainmgr` [ RunTime:0.000382s ]
NOTIC: [8] Undefined index: limit /var/www/html/DomainSystem/ThinkPHP/Library/Think/Db.class.php 第 788 行.
SQL: SELECT * FROM `db_domainmgr` WHERE ( id>=0 ) ORDER BY id desc LIMIT 0,20   [ RunTime:0.000049s ]
SQL: SELECT COUNT(*) AS tp_count FROM `db_domainmgr` WHERE ( id>=0 ) LIMIT 1   [ RunTime:0.000031s ]
INFO: [ view_parse ] --START--
INFO: [ template_filter ] --START--
INFO: Run Behavior\ContentReplaceBehavior [ RunTime:0.000078s ]
INFO: [ template_filter ] --END-- [ RunTime:0.000116s ]
INFO: Run Behavior\ParseTemplateBehavior [ RunTime:0.013806s ]
INFO: [ view_parse ] --END-- [ RunTime:0.013833s ]
INFO: [ view_filter ] --START--
INFO: Run Behavior\WriteHtmlCacheBehavior [ RunTime:0.000038s ]
INFO: [ view_filter ] --END-- [ RunTime:0.000108s ]
INFO: [ app_end ] --START--
INFO: Run Behavior\ShowPageTraceBehavior [ RunTime:0.000032s ]
INFO: [ app_end ] --END-- [ RunTime:0.000053s ]

[ 2017-03-29T23:55:03+08:00 ] 127.0.0.1 /DomainSystem/index.php/Admin/Domain/domaindetail/domainid/7
INFO: [ app_init ] --START--
INFO: Run Behavior\BuildLiteBehavior [ RunTime:0.000008s ]
INFO: [ app_init ] --END-- [ RunTime:0.000051s ]
INFO: [ app_begin ] --START--
INFO: Run Behavior\ReadHtmlCacheBehavior [ RunTime:0.000019s ]
INFO: [ app_begin ] --END-- [ RunTime:0.000037s ]
NOTIC: [8192] mysql_connect(): The mysql extension is deprecated and will be removed in the future: use mysqli or PDO instead /var/www/html/DomainSystem/ThinkPHP/Library/Think/Db/Driver/Mysql.class.php 第 52 行.
SQL: SHOW COLUMNS FROM `db_domainmgr` [ RunTime:0.000561s ]
SQL: SELECT * FROM `db_domainmgr` WHERE `id` = 7 LIMIT 1   [ RunTime:0.000043s ]
SQL: SHOW COLUMNS FROM `db_item` [ RunTime:0.000370s ]
SQL: SELECT * FROM `db_item` WHERE `domainname` = 'hikcidef.com' LIMIT 1   [ RunTime:0.000031s ]
INFO: [ view_parse ] --START--
INFO: [ template_filter ] --START--
INFO: Run Behavior\ContentReplaceBehavior [ RunTime:0.000151s ]
INFO: [ template_filter ] --END-- [ RunTime:0.000208s ]
NOTIC: [8] Undefined variable: transid /var/www/html/DomainSystem/Application/Runtime/Cache/Admin/afb51c88e0ad1e9ee26418486bb6f565.php 第 385 行.
INFO: Run Behavior\ParseTemplateBehavior [ RunTime:0.017034s ]
INFO: [ view_parse ] --END-- [ RunTime:0.017077s ]
INFO: [ view_filter ] --START--
INFO: Run Behavior\WriteHtmlCacheBehavior [ RunTime:0.004205s ]
INFO: [ view_filter ] --END-- [ RunTime:0.004239s ]
INFO: [ app_end ] --START--
INFO: Run Behavior\ShowPageTraceBehavior [ RunTime:0.000026s ]
INFO: [ app_end ] --END-- [ RunTime:0.000046s ]

[ 2017-03-29T23:56:30+08:00 ] 127.0.0.1 /DomainSystem/index.php/Admin/Domain/domaindetail/domainid/7
INFO: [ app_init ] --START--
INFO: Run Behavior\BuildLiteBehavior [ RunTime:0.000008s ]
INFO: [ app_init ] --END-- [ RunTime:0.000054s ]
INFO: [ app_begin ] --START--
INFO: Run Behavior\ReadHtmlCacheBehavior [ RunTime:0.000033s ]
INFO: [ app_begin ] --END-- [ RunTime:0.000055s ]
NOTIC: [8192] mysql_connect(): The mysql extension is deprecated and will be removed in the future: use mysqli or PDO instead /var/www/html/DomainSystem/ThinkPHP/Library/Think/Db/Driver/Mysql.class.php 第 52 行.
SQL: SHOW COLUMNS FROM `db_domainmgr` [ RunTime:0.000481s ]
SQL: SELECT * FROM `db_domainmgr` WHERE `id` = 7 LIMIT 1   [ RunTime:0.000059s ]
SQL: SHOW COLUMNS FROM `db_item` [ RunTime:0.000226s ]
SQL: SELECT * FROM `db_item` WHERE `domainname` = 'hikcidef.com' LIMIT 1   [ RunTime:0.000035s ]
INFO: [ view_parse ] --START--
INFO: [ template_filter ] --START--
INFO: Run Behavior\ContentReplaceBehavior [ RunTime:0.000182s ]
INFO: [ template_filter ] --END-- [ RunTime:0.000466s ]
INFO: Run Behavior\ParseTemplateBehavior [ RunTime:0.025086s ]
INFO: [ view_parse ] --END-- [ RunTime:0.025276s ]
INFO: [ view_filter ] --START--
INFO: Run Behavior\WriteHtmlCacheBehavior [ RunTime:0.000083s ]
INFO: [ view_filter ] --END-- [ RunTime:0.000116s ]
INFO: [ app_end ] --START--
INFO: Run Behavior\ShowPageTraceBehavior [ RunTime:0.000202s ]
INFO: [ app_end ] --END-- [ RunTime:0.000257s ]

[ 2017-03-29T23:57:26+08:00 ] 127.0.0.1 /DomainSystem/index.php/Admin/Configure/general_web
INFO: [ app_init ] --START--
INFO: Run Behavior\BuildLiteBehavior [ RunTime:0.000007s ]
INFO: [ app_init ] --END-- [ RunTime:0.000052s ]
INFO: [ app_begin ] --START--
INFO: Run Behavior\ReadHtmlCacheBehavior [ RunTime:0.000022s ]
INFO: [ app_begin ] --END-- [ RunTime:0.000043s ]
INFO: [ view_parse ] --START--
INFO: [ template_filter ] --START--
INFO: Run Behavior\ContentReplaceBehavior [ RunTime:0.000157s ]
INFO: [ template_filter ] --END-- [ RunTime:0.000303s ]
INFO: Run Behavior\ParseTemplateBehavior [ RunTime:0.035317s ]
INFO: [ view_parse ] --END-- [ RunTime:0.035377s ]
INFO: [ view_filter ] --START--
INFO: Run Behavior\WriteHtmlCacheBehavior [ RunTime:0.000142s ]
INFO: [ view_filter ] --END-- [ RunTime:0.000165s ]
INFO: [ app_end ] --START--
INFO: Run Behavior\ShowPageTraceBehavior [ RunTime:0.000030s ]
INFO: [ app_end ] --END-- [ RunTime:0.000056s ]

[ 2017-03-29T23:57:35+08:00 ] 127.0.0.1 /DomainSystem/index.php/Admin/Profile/index
INFO: [ app_init ] --START--
INFO: Run Behavior\BuildLiteBehavior [ RunTime:0.000007s ]
INFO: [ app_init ] --END-- [ RunTime:0.000052s ]
INFO: [ app_begin ] --START--
INFO: Run Behavior\ReadHtmlCacheBehavior [ RunTime:0.000023s ]
INFO: [ app_begin ] --END-- [ RunTime:0.000041s ]
NOTIC: [8192] mysql_connect(): The mysql extension is deprecated and will be removed in the future: use mysqli or PDO instead /var/www/html/DomainSystem/ThinkPHP/Library/Think/Db/Driver/Mysql.class.php 第 52 行.
SQL: SHOW COLUMNS FROM `db_admins` [ RunTime:0.000297s ]
SQL: SELECT * FROM `db_admins` WHERE `uid` = 1 LIMIT 1   [ RunTime:0.000072s ]
SQL: SHOW COLUMNS FROM `db_auth_group` [ RunTime:0.000206s ]
SQL: SELECT * FROM `db_auth_group` WHERE `id` = 5 LIMIT 1   [ RunTime:0.000031s ]
INFO: [ view_parse ] --START--
INFO: [ template_filter ] --START--
INFO: Run Behavior\ContentReplaceBehavior [ RunTime:0.000068s ]
INFO: [ template_filter ] --END-- [ RunTime:0.000101s ]
INFO: Run Behavior\ParseTemplateBehavior [ RunTime:0.009879s ]
INFO: [ view_parse ] --END-- [ RunTime:0.009903s ]
INFO: [ view_filter ] --START--
INFO: Run Behavior\WriteHtmlCacheBehavior [ RunTime:0.000032s ]
INFO: [ view_filter ] --END-- [ RunTime:0.000047s ]
INFO: [ app_end ] --START--
INFO: Run Behavior\ShowPageTraceBehavior [ RunTime:0.000110s ]
INFO: [ app_end ] --END-- [ RunTime:0.000196s ]

[ 2017-03-29T23:57:41+08:00 ] 127.0.0.1 /DomainSystem/index.php/Admin/Domain/domainlist
INFO: [ app_init ] --START--
INFO: Run Behavior\BuildLiteBehavior [ RunTime:0.000007s ]
INFO: [ app_init ] --END-- [ RunTime:0.000051s ]
INFO: [ app_begin ] --START--
INFO: Run Behavior\ReadHtmlCacheBehavior [ RunTime:0.000021s ]
INFO: [ app_begin ] --END-- [ RunTime:0.000040s ]
NOTIC: [8192] mysql_connect(): The mysql extension is deprecated and will be removed in the future: use mysqli or PDO instead /var/www/html/DomainSystem/ThinkPHP/Library/Think/Db/Driver/Mysql.class.php 第 52 行.
SQL: SHOW COLUMNS FROM `db_domainmgr` [ RunTime:0.000509s ]
NOTIC: [8] Undefined index: limit /var/www/html/DomainSystem/ThinkPHP/Library/Think/Db.class.php 第 788 行.
SQL: SELECT * FROM `db_domainmgr` WHERE ( id>=0 ) ORDER BY id desc LIMIT 0,20   [ RunTime:0.000050s ]
SQL: SELECT COUNT(*) AS tp_count FROM `db_domainmgr` WHERE ( id>=0 ) LIMIT 1   [ RunTime:0.000030s ]
INFO: [ view_parse ] --START--
INFO: [ template_filter ] --START--
INFO: Run Behavior\ContentReplaceBehavior [ RunTime:0.000155s ]
INFO: [ template_filter ] --END-- [ RunTime:0.000222s ]
INFO: Run Behavior\ParseTemplateBehavior [ RunTime:0.016380s ]
INFO: [ view_parse ] --END-- [ RunTime:0.016436s ]
INFO: [ view_filter ] --START--
INFO: Run Behavior\WriteHtmlCacheBehavior [ RunTime:0.000076s ]
INFO: [ view_filter ] --END-- [ RunTime:0.000094s ]
INFO: [ app_end ] --START--
INFO: Run Behavior\ShowPageTraceBehavior [ RunTime:0.000033s ]
INFO: [ app_end ] --END-- [ RunTime:0.000055s ]

[ 2017-03-29T23:58:09+08:00 ] 127.0.0.1 /DomainSystem/index.php/Admin/Profile/index
INFO: [ app_init ] --START--
INFO: Run Behavior\BuildLiteBehavior [ RunTime:0.000008s ]
INFO: [ app_init ] --END-- [ RunTime:0.000056s ]
INFO: [ app_begin ] --START--
INFO: Run Behavior\ReadHtmlCacheBehavior [ RunTime:0.000024s ]
INFO: [ app_begin ] --END-- [ RunTime:0.000044s ]
NOTIC: [8192] mysql_connect(): The mysql extension is deprecated and will be removed in the future: use mysqli or PDO instead /var/www/html/DomainSystem/ThinkPHP/Library/Think/Db/Driver/Mysql.class.php 第 52 行.
SQL: SHOW COLUMNS FROM `db_admins` [ RunTime:0.000317s ]
SQL: SELECT * FROM `db_admins` WHERE `uid` = 1 LIMIT 1   [ RunTime:0.000046s ]
SQL: SHOW COLUMNS FROM `db_auth_group` [ RunTime:0.000217s ]
SQL: SELECT * FROM `db_auth_group` WHERE `id` = 5 LIMIT 1   [ RunTime:0.000034s ]
INFO: [ view_parse ] --START--
INFO: [ template_filter ] --START--
INFO: Run Behavior\ContentReplaceBehavior [ RunTime:0.000072s ]
INFO: [ template_filter ] --END-- [ RunTime:0.000110s ]
INFO: Run Behavior\ParseTemplateBehavior [ RunTime:0.010971s ]
INFO: [ view_parse ] --END-- [ RunTime:0.010996s ]
INFO: [ view_filter ] --START--
INFO: Run Behavior\WriteHtmlCacheBehavior [ RunTime:0.000123s ]
INFO: [ view_filter ] --END-- [ RunTime:0.000141s ]
INFO: [ app_end ] --START--
INFO: Run Behavior\ShowPageTraceBehavior [ RunTime:0.000033s ]
INFO: [ app_end ] --END-- [ RunTime:0.000055s ]

