[ 2017-04-12T18:38:04+08:00 ] 127.0.0.1 /DomainSystem/index.php/Admin/
INFO: [ app_init ] --START--
INFO: Run Behavior\BuildLiteBehavior [ RunTime:0.000019s ]
INFO: [ app_init ] --END-- [ RunTime:0.006892s ]
INFO: [ app_begin ] --START--
INFO: Run Behavior\ReadHtmlCacheBehavior [ RunTime:0.002408s ]
INFO: [ app_begin ] --END-- [ RunTime:0.003055s ]
INFO: [ view_parse ] --START--
INFO: [ template_filter ] --START--
INFO: Run Behavior\ContentReplaceBehavior [ RunTime:0.000073s ]
INFO: [ template_filter ] --END-- [ RunTime:0.000149s ]
INFO: Run Behavior\ParseTemplateBehavior [ RunTime:0.036021s ]
INFO: [ view_parse ] --END-- [ RunTime:0.036107s ]
INFO: [ view_filter ] --START--
INFO: Run Behavior\WriteHtmlCacheBehavior [ RunTime:0.000905s ]
INFO: [ view_filter ] --END-- [ RunTime:0.000969s ]
INFO: [ app_end ] --START--
INFO: Run Behavior\ShowPageTraceBehavior [ RunTime:0.001677s ]
INFO: [ app_end ] --END-- [ RunTime:0.001741s ]

[ 2017-04-12T18:38:10+08:00 ] 127.0.0.1 /DomainSystem/index.php/Admin/Login/checkLog
INFO: [ app_init ] --START--
INFO: Run Behavior\BuildLiteBehavior [ RunTime:0.000015s ]
INFO: [ app_init ] --END-- [ RunTime:0.000121s ]
INFO: [ app_begin ] --START--
INFO: Run Behavior\ReadHtmlCacheBehavior [ RunTime:0.000052s ]
INFO: [ app_begin ] --END-- [ RunTime:0.000080s ]
NOTIC: [8192] mysql_connect(): The mysql extension is deprecated and will be removed in the future: use mysqli or PDO instead /var/www/html/DomainSystem/ThinkPHP/Library/Think/Db/Driver/Mysql.class.php 第 52 行.
SQL: SHOW COLUMNS FROM `db_admins` [ RunTime:0.000793s ]
SQL: SELECT `uid`,`username`,`regtime` FROM `db_admins` WHERE `username` = 'root' AND `password` = 'root' LIMIT 1   [ RunTime:0.000200s ]
INFO: [ view_parse ] --START--
INFO: [ template_filter ] --START--
INFO: Run Behavior\ContentReplaceBehavior [ RunTime:0.000031s ]
INFO: [ template_filter ] --END-- [ RunTime:0.000066s ]
INFO: Run Behavior\ParseTemplateBehavior [ RunTime:0.025588s ]
INFO: [ view_parse ] --END-- [ RunTime:0.025620s ]
INFO: [ view_filter ] --START--
INFO: Run Behavior\WriteHtmlCacheBehavior [ RunTime:0.000029s ]
INFO: [ view_filter ] --END-- [ RunTime:0.000043s ]
INFO: [ app_end ] --START--
INFO: Run Behavior\ShowPageTraceBehavior [ RunTime:0.000033s ]
INFO: [ app_end ] --END-- [ RunTime:0.000048s ]

[ 2017-04-12T18:38:13+08:00 ] 127.0.0.1 /DomainSystem/index.php/Admin/Profile/index
INFO: [ app_init ] --START--
INFO: Run Behavior\BuildLiteBehavior [ RunTime:0.000007s ]
INFO: [ app_init ] --END-- [ RunTime:0.000054s ]
INFO: [ app_begin ] --START--
INFO: Run Behavior\ReadHtmlCacheBehavior [ RunTime:0.000024s ]
INFO: [ app_begin ] --END-- [ RunTime:0.000042s ]
NOTIC: [8192] mysql_connect(): The mysql extension is deprecated and will be removed in the future: use mysqli or PDO instead /var/www/html/DomainSystem/ThinkPHP/Library/Think/Db/Driver/Mysql.class.php 第 52 行.
SQL: SHOW COLUMNS FROM `db_admins` [ RunTime:0.000395s ]
SQL: SELECT * FROM `db_admins` WHERE `uid` = 1 LIMIT 1   [ RunTime:0.000181s ]
SQL: SHOW COLUMNS FROM `db_auth_group` [ RunTime:0.000231s ]
SQL: SELECT * FROM `db_auth_group` WHERE `id` = 1 LIMIT 1   [ RunTime:0.000096s ]
INFO: [ view_parse ] --START--
INFO: [ template_filter ] --START--
INFO: Run Behavior\ContentReplaceBehavior [ RunTime:0.000053s ]
INFO: [ template_filter ] --END-- [ RunTime:0.000077s ]
INFO: Run Behavior\ParseTemplateBehavior [ RunTime:0.004765s ]
INFO: [ view_parse ] --END-- [ RunTime:0.004793s ]
INFO: [ view_filter ] --START--
INFO: Run Behavior\WriteHtmlCacheBehavior [ RunTime:0.000029s ]
INFO: [ view_filter ] --END-- [ RunTime:0.000043s ]
INFO: [ app_end ] --START--
INFO: Run Behavior\ShowPageTraceBehavior [ RunTime:0.000026s ]
INFO: [ app_end ] --END-- [ RunTime:0.000044s ]

[ 2017-04-12T18:38:19+08:00 ] 127.0.0.1 /DomainSystem/index.php/Admin/Customer/customerlist
INFO: [ app_init ] --START--
INFO: Run Behavior\BuildLiteBehavior [ RunTime:0.000024s ]
INFO: [ app_init ] --END-- [ RunTime:0.000183s ]
INFO: [ app_begin ] --START--
INFO: Run Behavior\ReadHtmlCacheBehavior [ RunTime:0.000117s ]
INFO: [ app_begin ] --END-- [ RunTime:0.000206s ]
NOTIC: [8192] mysql_connect(): The mysql extension is deprecated and will be removed in the future: use mysqli or PDO instead /var/www/html/DomainSystem/ThinkPHP/Library/Think/Db/Driver/Mysql.class.php 第 52 行.
SQL: SHOW COLUMNS FROM `db_users` [ RunTime:0.000729s ]
NOTIC: [8] Undefined index: limit /var/www/html/DomainSystem/ThinkPHP/Library/Think/Db.class.php 第 788 行.
SQL: SELECT * FROM `db_users` WHERE ( id>=0 ) ORDER BY regtime desc LIMIT 0,20   [ RunTime:0.000593s ]
SQL: SELECT COUNT(*) AS tp_count FROM `db_users` WHERE ( id>=0 ) LIMIT 1   [ RunTime:0.000293s ]
INFO: [ view_parse ] --START--
INFO: [ template_filter ] --START--
INFO: Run Behavior\ContentReplaceBehavior [ RunTime:0.000185s ]
INFO: [ template_filter ] --END-- [ RunTime:0.000256s ]
INFO: Run Behavior\ParseTemplateBehavior [ RunTime:0.048420s ]
INFO: [ view_parse ] --END-- [ RunTime:0.048482s ]
INFO: [ view_filter ] --START--
INFO: Run Behavior\WriteHtmlCacheBehavior [ RunTime:0.000075s ]
INFO: [ view_filter ] --END-- [ RunTime:0.000108s ]
INFO: [ app_end ] --START--
INFO: Run Behavior\ShowPageTraceBehavior [ RunTime:0.000087s ]
INFO: [ app_end ] --END-- [ RunTime:0.000138s ]

[ 2017-04-12T18:38:21+08:00 ] 127.0.0.1 /DomainSystem/index.php/Admin/Customer/customerdetail/id/5
INFO: [ app_init ] --START--
INFO: Run Behavior\BuildLiteBehavior [ RunTime:0.000008s ]
INFO: [ app_init ] --END-- [ RunTime:0.000050s ]
INFO: [ app_begin ] --START--
INFO: Run Behavior\ReadHtmlCacheBehavior [ RunTime:0.000019s ]
INFO: [ app_begin ] --END-- [ RunTime:0.000038s ]
NOTIC: [8192] mysql_connect(): The mysql extension is deprecated and will be removed in the future: use mysqli or PDO instead /var/www/html/DomainSystem/ThinkPHP/Library/Think/Db/Driver/Mysql.class.php 第 52 行.
SQL: SHOW COLUMNS FROM `db_users` [ RunTime:0.000358s ]
SQL: SELECT * FROM `db_users` WHERE `id` = 5 LIMIT 1   [ RunTime:0.000141s ]
SQL: SHOW COLUMNS FROM `db_domainmgr` [ RunTime:0.000361s ]
SQL: SELECT * FROM `db_domainmgr` WHERE `username` = 'walkerman' AND `status` = 'active' ORDER BY id desc  [ RunTime:0.000124s ]
SQL: SHOW COLUMNS FROM `db_order` [ RunTime:0.000277s ]
SQL: SELECT * FROM `db_order` WHERE `username` = 'walkerman' ORDER BY issuedate desc  [ RunTime:0.000105s ]
INFO: [ view_parse ] --START--
INFO: [ template_filter ] --START--
INFO: Run Behavior\ContentReplaceBehavior [ RunTime:0.000141s ]
INFO: [ template_filter ] --END-- [ RunTime:0.000179s ]
NOTIC: [8] Undefined index: question /var/www/html/DomainSystem/Application/Runtime/Cache/Admin/63409da7b17cd8d2f27e15d4f5e235b9.php 第 340 行.
NOTIC: [8] Undefined index: answer /var/www/html/DomainSystem/Application/Runtime/Cache/Admin/63409da7b17cd8d2f27e15d4f5e235b9.php 第 341 行.
NOTIC: [8] Undefined variable: page /var/www/html/DomainSystem/Application/Runtime/Cache/Admin/63409da7b17cd8d2f27e15d4f5e235b9.php 第 477 行.
NOTIC: [8] Undefined variable: page /var/www/html/DomainSystem/Application/Runtime/Cache/Admin/63409da7b17cd8d2f27e15d4f5e235b9.php 第 518 行.
INFO: Run Behavior\ParseTemplateBehavior [ RunTime:0.016678s ]
INFO: [ view_parse ] --END-- [ RunTime:0.016700s ]
INFO: [ view_filter ] --START--
INFO: Run Behavior\WriteHtmlCacheBehavior [ RunTime:0.000025s ]
INFO: [ view_filter ] --END-- [ RunTime:0.000088s ]
INFO: [ app_end ] --START--
INFO: Run Behavior\ShowPageTraceBehavior [ RunTime:0.000024s ]
INFO: [ app_end ] --END-- [ RunTime:0.000044s ]

[ 2017-04-12T18:46:35+08:00 ] 127.0.0.1 /DomainSystem/index.php/Admin/Customer/customerlist
INFO: [ app_init ] --START--
INFO: Run Behavior\BuildLiteBehavior [ RunTime:0.000009s ]
INFO: [ app_init ] --END-- [ RunTime:0.000061s ]
INFO: [ app_begin ] --START--
INFO: Run Behavior\ReadHtmlCacheBehavior [ RunTime:0.000033s ]
INFO: [ app_begin ] --END-- [ RunTime:0.000055s ]
NOTIC: [8192] mysql_connect(): The mysql extension is deprecated and will be removed in the future: use mysqli or PDO instead /var/www/html/DomainSystem/ThinkPHP/Library/Think/Db/Driver/Mysql.class.php 第 52 行.
SQL: SHOW COLUMNS FROM `db_users` [ RunTime:0.009703s ]
NOTIC: [8] Undefined index: limit /var/www/html/DomainSystem/ThinkPHP/Library/Think/Db.class.php 第 788 行.
SQL: SELECT * FROM `db_users` WHERE ( id>=0 ) ORDER BY regtime desc LIMIT 0,20   [ RunTime:0.000076s ]
SQL: SELECT COUNT(*) AS tp_count FROM `db_users` WHERE ( id>=0 ) LIMIT 1   [ RunTime:0.000033s ]
INFO: [ view_parse ] --START--
INFO: [ template_filter ] --START--
INFO: Run Behavior\ContentReplaceBehavior [ RunTime:0.000112s ]
INFO: [ template_filter ] --END-- [ RunTime:0.000185s ]
INFO: Run Behavior\ParseTemplateBehavior [ RunTime:0.008611s ]
INFO: [ view_parse ] --END-- [ RunTime:0.008666s ]
INFO: [ view_filter ] --START--
INFO: Run Behavior\WriteHtmlCacheBehavior [ RunTime:0.000067s ]
INFO: [ view_filter ] --END-- [ RunTime:0.000089s ]
INFO: [ app_end ] --START--
INFO: Run Behavior\ShowPageTraceBehavior [ RunTime:0.000056s ]
INFO: [ app_end ] --END-- [ RunTime:0.000137s ]

[ 2017-04-12T18:46:38+08:00 ] 127.0.0.1 /DomainSystem/index.php/Admin/Customer/customerdetail/id/5
INFO: [ app_init ] --START--
INFO: Run Behavior\BuildLiteBehavior [ RunTime:0.000007s ]
INFO: [ app_init ] --END-- [ RunTime:0.000057s ]
INFO: [ app_begin ] --START--
INFO: Run Behavior\ReadHtmlCacheBehavior [ RunTime:0.000027s ]
INFO: [ app_begin ] --END-- [ RunTime:0.000048s ]
NOTIC: [8192] mysql_connect(): The mysql extension is deprecated and will be removed in the future: use mysqli or PDO instead /var/www/html/DomainSystem/ThinkPHP/Library/Think/Db/Driver/Mysql.class.php 第 52 行.
SQL: SHOW COLUMNS FROM `db_users` [ RunTime:0.000464s ]
SQL: SELECT * FROM `db_users` WHERE `id` = 5 LIMIT 1   [ RunTime:0.000047s ]
SQL: SHOW COLUMNS FROM `db_domainmgr` [ RunTime:0.000315s ]
SQL: SELECT * FROM `db_domainmgr` WHERE `username` = 'walkerman' AND `status` = 'active' ORDER BY id desc  [ RunTime:0.000043s ]
SQL: SHOW COLUMNS FROM `db_order` [ RunTime:0.000264s ]
SQL: SELECT * FROM `db_order` WHERE `username` = 'walkerman' ORDER BY issuedate desc  [ RunTime:0.000035s ]
INFO: [ view_parse ] --START--
INFO: [ template_filter ] --START--
INFO: Run Behavior\ContentReplaceBehavior [ RunTime:0.000118s ]
INFO: [ template_filter ] --END-- [ RunTime:0.000153s ]
NOTIC: [8] Undefined variable: page /var/www/html/DomainSystem/Application/Runtime/Cache/Admin/63409da7b17cd8d2f27e15d4f5e235b9.php 第 468 行.
NOTIC: [8] Undefined variable: page /var/www/html/DomainSystem/Application/Runtime/Cache/Admin/63409da7b17cd8d2f27e15d4f5e235b9.php 第 509 行.
INFO: Run Behavior\ParseTemplateBehavior [ RunTime:0.017144s ]
INFO: [ view_parse ] --END-- [ RunTime:0.017168s ]
INFO: [ view_filter ] --START--
INFO: Run Behavior\WriteHtmlCacheBehavior [ RunTime:0.000038s ]
INFO: [ view_filter ] --END-- [ RunTime:0.000055s ]
INFO: [ app_end ] --START--
INFO: Run Behavior\ShowPageTraceBehavior [ RunTime:0.000037s ]
INFO: [ app_end ] --END-- [ RunTime:0.000061s ]

[ 2017-04-12T19:20:50+08:00 ] 127.0.0.1 /DomainSystem/index.php/Admin/Domain/domainlist
INFO: [ app_init ] --START--
INFO: Run Behavior\BuildLiteBehavior [ RunTime:0.000008s ]
INFO: [ app_init ] --END-- [ RunTime:0.000064s ]
INFO: [ app_begin ] --START--
INFO: Run Behavior\ReadHtmlCacheBehavior [ RunTime:0.000057s ]
INFO: [ app_begin ] --END-- [ RunTime:0.000080s ]
NOTIC: [8192] mysql_connect(): The mysql extension is deprecated and will be removed in the future: use mysqli or PDO instead /var/www/html/DomainSystem/ThinkPHP/Library/Think/Db/Driver/Mysql.class.php 第 52 行.
SQL: SHOW COLUMNS FROM `db_domainmgr` [ RunTime:0.000409s ]
NOTIC: [8] Undefined index: limit /var/www/html/DomainSystem/ThinkPHP/Library/Think/Db.class.php 第 788 行.
SQL: SELECT * FROM `db_domainmgr` WHERE ( id>=0 ) ORDER BY id desc LIMIT 0,20   [ RunTime:0.000181s ]
SQL: SELECT COUNT(*) AS tp_count FROM `db_domainmgr` WHERE ( id>=0 ) LIMIT 1   [ RunTime:0.000117s ]
SQL: SHOW COLUMNS FROM `db_users` [ RunTime:0.000272s ]
SQL: SELECT * FROM `db_users` WHERE `status` = 'active'  [ RunTime:0.000115s ]
SQL: SHOW COLUMNS FROM `db_paymethod` [ RunTime:0.000214s ]
SQL: SELECT `method` FROM `db_paymethod` WHERE `useable` = 'Y'  [ RunTime:0.000100s ]
INFO: [ view_parse ] --START--
INFO: [ template_filter ] --START--
INFO: Run Behavior\ContentReplaceBehavior [ RunTime:0.000069s ]
INFO: [ template_filter ] --END-- [ RunTime:0.000105s ]
INFO: Run Behavior\ParseTemplateBehavior [ RunTime:0.036294s ]
INFO: [ view_parse ] --END-- [ RunTime:0.036322s ]
INFO: [ view_filter ] --START--
INFO: Run Behavior\WriteHtmlCacheBehavior [ RunTime:0.000031s ]
INFO: [ view_filter ] --END-- [ RunTime:0.000046s ]
INFO: [ app_end ] --START--
INFO: Run Behavior\ShowPageTraceBehavior [ RunTime:0.000034s ]
INFO: [ app_end ] --END-- [ RunTime:0.000056s ]

[ 2017-04-12T22:27:39+08:00 ] 127.0.0.1 /DomainSystem/index.php/Admin/Order/orderlist
INFO: [ app_init ] --START--
INFO: Run Behavior\BuildLiteBehavior [ RunTime:0.000007s ]
INFO: [ app_init ] --END-- [ RunTime:0.000051s ]
INFO: [ app_begin ] --START--
INFO: Run Behavior\ReadHtmlCacheBehavior [ RunTime:0.000022s ]
INFO: [ app_begin ] --END-- [ RunTime:0.000042s ]
NOTIC: [8192] mysql_connect(): The mysql extension is deprecated and will be removed in the future: use mysqli or PDO instead /var/www/html/DomainSystem/ThinkPHP/Library/Think/Db/Driver/Mysql.class.php 第 52 行.
SQL: SHOW COLUMNS FROM `db_order` [ RunTime:0.000316s ]
NOTIC: [8] Undefined index: limit /var/www/html/DomainSystem/ThinkPHP/Library/Think/Db.class.php 第 788 行.
SQL: SELECT * FROM `db_order` WHERE ( id>=0 ) ORDER BY issuedate desc LIMIT 0,20   [ RunTime:0.000759s ]
SQL: SELECT COUNT(*) AS tp_count FROM `db_order` WHERE ( id>=0 ) LIMIT 1   [ RunTime:0.000105s ]
INFO: [ view_parse ] --START--
INFO: [ template_filter ] --START--
INFO: Run Behavior\ContentReplaceBehavior [ RunTime:0.000116s ]
INFO: [ template_filter ] --END-- [ RunTime:0.000204s ]
INFO: Run Behavior\ParseTemplateBehavior [ RunTime:0.009617s ]
INFO: [ view_parse ] --END-- [ RunTime:0.009666s ]
INFO: [ view_filter ] --START--
INFO: Run Behavior\WriteHtmlCacheBehavior [ RunTime:0.000077s ]
INFO: [ view_filter ] --END-- [ RunTime:0.000103s ]
INFO: [ app_end ] --START--
INFO: Run Behavior\ShowPageTraceBehavior [ RunTime:0.000073s ]
INFO: [ app_end ] --END-- [ RunTime:0.000116s ]

[ 2017-04-12T22:27:40+08:00 ] 127.0.0.1 /DomainSystem/index.php/Admin/Order/orderdetail/orderid/1492007246
INFO: [ app_init ] --START--
INFO: Run Behavior\BuildLiteBehavior [ RunTime:0.000008s ]
INFO: [ app_init ] --END-- [ RunTime:0.000048s ]
INFO: [ app_begin ] --START--
INFO: Run Behavior\ReadHtmlCacheBehavior [ RunTime:0.000019s ]
INFO: [ app_begin ] --END-- [ RunTime:0.000038s ]
NOTIC: [8192] mysql_connect(): The mysql extension is deprecated and will be removed in the future: use mysqli or PDO instead /var/www/html/DomainSystem/ThinkPHP/Library/Think/Db/Driver/Mysql.class.php 第 52 行.
SQL: SHOW COLUMNS FROM `db_order` [ RunTime:0.000366s ]
SQL: SELECT * FROM `db_order` WHERE `orderID` = '1492007246' LIMIT 1   [ RunTime:0.000250s ]
SQL: SHOW COLUMNS FROM `db_transaction` [ RunTime:0.000273s ]
SQL: SELECT * FROM `db_transaction` WHERE `orderID` = '1492007246' LIMIT 1   [ RunTime:0.000111s ]
SQL: SHOW COLUMNS FROM `db_item` [ RunTime:0.000232s ]
SQL: SELECT * FROM `db_item` WHERE `orderID` = 1492007246  [ RunTime:0.000128s ]
INFO: [ view_parse ] --START--
INFO: [ template_filter ] --START--
INFO: Run Behavior\ContentReplaceBehavior [ RunTime:0.000082s ]
INFO: [ template_filter ] --END-- [ RunTime:0.000114s ]
NOTIC: [8] Undefined variable: orderid /var/www/html/DomainSystem/Application/Runtime/Cache/Admin/6dcf12ba6872a6af8ecf0dec4d527447.php 第 309 行.
INFO: Run Behavior\ParseTemplateBehavior [ RunTime:0.015774s ]
INFO: [ view_parse ] --END-- [ RunTime:0.015841s ]
INFO: [ view_filter ] --START--
INFO: Run Behavior\WriteHtmlCacheBehavior [ RunTime:0.000072s ]
INFO: [ view_filter ] --END-- [ RunTime:0.000093s ]
INFO: [ app_end ] --START--
INFO: Run Behavior\ShowPageTraceBehavior [ RunTime:0.000027s ]
INFO: [ app_end ] --END-- [ RunTime:0.000049s ]

[ 2017-04-12T22:27:42+08:00 ] 127.0.0.1 /DomainSystem/index.php/Admin/Order/orderaccept/orderid/1492007246
INFO: [ app_init ] --START--
INFO: Run Behavior\BuildLiteBehavior [ RunTime:0.000010s ]
INFO: [ app_init ] --END-- [ RunTime:0.000093s ]
INFO: [ app_begin ] --START--
INFO: Run Behavior\ReadHtmlCacheBehavior [ RunTime:0.000022s ]
INFO: [ app_begin ] --END-- [ RunTime:0.000042s ]
NOTIC: [8192] mysql_connect(): The mysql extension is deprecated and will be removed in the future: use mysqli or PDO instead /var/www/html/DomainSystem/ThinkPHP/Library/Think/Db/Driver/Mysql.class.php 第 52 行.
SQL: SHOW COLUMNS FROM `db_order` [ RunTime:0.000372s ]
SQL: SELECT * FROM `db_order` WHERE `orderID` = '1492007246' LIMIT 1   [ RunTime:0.000044s ]
SQL: UPDATE `db_order` SET `status`='active' WHERE `orderID` = '1492007246' [ RunTime:0.002199s ]
SQL: UPDATE `db_order` SET `duedate`='2017-04-12 22:27:42' WHERE `orderID` = '1492007246' [ RunTime:0.000976s ]
SQL: SHOW COLUMNS FROM `db_item` [ RunTime:0.000372s ]
SQL: SELECT * FROM `db_item` WHERE `orderID` = 1492007246  [ RunTime:0.000034s ]
SQL: SHOW COLUMNS FROM `db_domainmgr` [ RunTime:0.000299s ]
SQL: SELECT * FROM `db_domainmgr` WHERE `domainname` = 'adfef.hk' AND `renew` = 1 LIMIT 1   [ RunTime:0.000153s ]
SQL: UPDATE `db_domainmgr` SET `status`='active' WHERE `domainname` = 'adfef.hk' [ RunTime:0.000406s ]
SQL: UPDATE `db_domainmgr` SET `registrationdate`='2017-04-12 22:27:42' WHERE `domainname` = 'adfef.hk' [ RunTime:0.000415s ]
SQL: UPDATE `db_domainmgr` SET `expirydate`='2018-04-12' WHERE `domainname` = 'adfef.hk' [ RunTime:0.001370s ]
SQL: UPDATE `db_domainmgr` SET `nextduedate`='2018-04-12' WHERE `domainname` = 'adfef.hk' [ RunTime:0.000923s ]
INFO: [ view_parse ] --START--
INFO: [ template_filter ] --START--
INFO: Run Behavior\ContentReplaceBehavior [ RunTime:0.000030s ]
INFO: [ template_filter ] --END-- [ RunTime:0.000080s ]
INFO: Run Behavior\ParseTemplateBehavior [ RunTime:0.001301s ]
INFO: [ view_parse ] --END-- [ RunTime:0.001334s ]
INFO: [ view_filter ] --START--
INFO: Run Behavior\WriteHtmlCacheBehavior [ RunTime:0.000026s ]
INFO: [ view_filter ] --END-- [ RunTime:0.000040s ]
INFO: [ app_end ] --START--
INFO: Run Behavior\ShowPageTraceBehavior [ RunTime:0.000019s ]
INFO: [ app_end ] --END-- [ RunTime:0.000033s ]

[ 2017-04-12T22:27:43+08:00 ] 127.0.0.1 /DomainSystem/index.php/Admin/Order/orderdetail/orderid/1492007246
INFO: [ app_init ] --START--
INFO: Run Behavior\BuildLiteBehavior [ RunTime:0.000024s ]
INFO: [ app_init ] --END-- [ RunTime:0.000166s ]
INFO: [ app_begin ] --START--
INFO: Run Behavior\ReadHtmlCacheBehavior [ RunTime:0.000073s ]
INFO: [ app_begin ] --END-- [ RunTime:0.000153s ]
NOTIC: [8192] mysql_connect(): The mysql extension is deprecated and will be removed in the future: use mysqli or PDO instead /var/www/html/DomainSystem/ThinkPHP/Library/Think/Db/Driver/Mysql.class.php 第 52 行.
SQL: SHOW COLUMNS FROM `db_order` [ RunTime:0.002701s ]
SQL: SELECT * FROM `db_order` WHERE `orderID` = '1492007246' LIMIT 1   [ RunTime:0.002312s ]
SQL: SHOW COLUMNS FROM `db_transaction` [ RunTime:0.001055s ]
SQL: SELECT * FROM `db_transaction` WHERE `orderID` = '1492007246' LIMIT 1   [ RunTime:0.000127s ]
SQL: SHOW COLUMNS FROM `db_item` [ RunTime:0.000933s ]
SQL: SELECT * FROM `db_item` WHERE `orderID` = 1492007246  [ RunTime:0.000136s ]
INFO: [ view_parse ] --START--
INFO: [ template_filter ] --START--
INFO: Run Behavior\ContentReplaceBehavior [ RunTime:0.000097s ]
INFO: [ template_filter ] --END-- [ RunTime:0.000144s ]
NOTIC: [8] Undefined variable: orderid /var/www/html/DomainSystem/Application/Runtime/Cache/Admin/6dcf12ba6872a6af8ecf0dec4d527447.php 第 309 行.
INFO: Run Behavior\ParseTemplateBehavior [ RunTime:0.027083s ]
INFO: [ view_parse ] --END-- [ RunTime:0.027140s ]
INFO: [ view_filter ] --START--
INFO: Run Behavior\WriteHtmlCacheBehavior [ RunTime:0.000041s ]
INFO: [ view_filter ] --END-- [ RunTime:0.000062s ]
INFO: [ app_end ] --START--
INFO: Run Behavior\ShowPageTraceBehavior [ RunTime:0.000048s ]
INFO: [ app_end ] --END-- [ RunTime:0.000089s ]

[ 2017-04-12T22:28:40+08:00 ] 127.0.0.1 /DomainSystem/index.php/Admin/Order/orderlist
INFO: [ app_init ] --START--
INFO: Run Behavior\BuildLiteBehavior [ RunTime:0.000008s ]
INFO: [ app_init ] --END-- [ RunTime:0.000055s ]
INFO: [ app_begin ] --START--
INFO: Run Behavior\ReadHtmlCacheBehavior [ RunTime:0.000029s ]
INFO: [ app_begin ] --END-- [ RunTime:0.000054s ]
NOTIC: [8192] mysql_connect(): The mysql extension is deprecated and will be removed in the future: use mysqli or PDO instead /var/www/html/DomainSystem/ThinkPHP/Library/Think/Db/Driver/Mysql.class.php 第 52 行.
SQL: SHOW COLUMNS FROM `db_order` [ RunTime:0.000392s ]
NOTIC: [8] Undefined index: limit /var/www/html/DomainSystem/ThinkPHP/Library/Think/Db.class.php 第 788 行.
SQL: SELECT * FROM `db_order` WHERE ( id>=0 ) ORDER BY issuedate desc LIMIT 0,20   [ RunTime:0.000317s ]
SQL: SELECT COUNT(*) AS tp_count FROM `db_order` WHERE ( id>=0 ) LIMIT 1   [ RunTime:0.000120s ]
INFO: [ view_parse ] --START--
INFO: [ template_filter ] --START--
INFO: Run Behavior\ContentReplaceBehavior [ RunTime:0.000068s ]
INFO: [ template_filter ] --END-- [ RunTime:0.000103s ]
INFO: Run Behavior\ParseTemplateBehavior [ RunTime:0.011311s ]
INFO: [ view_parse ] --END-- [ RunTime:0.011342s ]
INFO: [ view_filter ] --START--
INFO: Run Behavior\WriteHtmlCacheBehavior [ RunTime:0.000035s ]
INFO: [ view_filter ] --END-- [ RunTime:0.000050s ]
INFO: [ app_end ] --START--
INFO: Run Behavior\ShowPageTraceBehavior [ RunTime:0.000028s ]
INFO: [ app_end ] --END-- [ RunTime:0.000047s ]

[ 2017-04-12T22:28:43+08:00 ] 127.0.0.1 /DomainSystem/index.php/Admin/Order/orderdetail/orderid/1492007282
INFO: [ app_init ] --START--
INFO: Run Behavior\BuildLiteBehavior [ RunTime:0.000007s ]
INFO: [ app_init ] --END-- [ RunTime:0.000052s ]
INFO: [ app_begin ] --START--
INFO: Run Behavior\ReadHtmlCacheBehavior [ RunTime:0.000025s ]
INFO: [ app_begin ] --END-- [ RunTime:0.000046s ]
NOTIC: [8192] mysql_connect(): The mysql extension is deprecated and will be removed in the future: use mysqli or PDO instead /var/www/html/DomainSystem/ThinkPHP/Library/Think/Db/Driver/Mysql.class.php 第 52 行.
SQL: SHOW COLUMNS FROM `db_order` [ RunTime:0.000391s ]
SQL: SELECT * FROM `db_order` WHERE `orderID` = '1492007282' LIMIT 1   [ RunTime:0.000046s ]
SQL: SHOW COLUMNS FROM `db_transaction` [ RunTime:0.000250s ]
SQL: SELECT * FROM `db_transaction` WHERE `orderID` = '1492007282' LIMIT 1   [ RunTime:0.000036s ]
SQL: SHOW COLUMNS FROM `db_item` [ RunTime:0.000236s ]
SQL: SELECT * FROM `db_item` WHERE `orderID` = 1492007282  [ RunTime:0.000037s ]
INFO: [ view_parse ] --START--
INFO: [ template_filter ] --START--
INFO: Run Behavior\ContentReplaceBehavior [ RunTime:0.000069s ]
INFO: [ template_filter ] --END-- [ RunTime:0.000104s ]
NOTIC: [8] Undefined variable: orderid /var/www/html/DomainSystem/Application/Runtime/Cache/Admin/6dcf12ba6872a6af8ecf0dec4d527447.php 第 309 行.
INFO: Run Behavior\ParseTemplateBehavior [ RunTime:0.013860s ]
INFO: [ view_parse ] --END-- [ RunTime:0.013886s ]
INFO: [ view_filter ] --START--
INFO: Run Behavior\WriteHtmlCacheBehavior [ RunTime:0.000034s ]
INFO: [ view_filter ] --END-- [ RunTime:0.000049s ]
INFO: [ app_end ] --START--
INFO: Run Behavior\ShowPageTraceBehavior [ RunTime:0.000026s ]
INFO: [ app_end ] --END-- [ RunTime:0.000045s ]

[ 2017-04-12T22:28:45+08:00 ] 127.0.0.1 /DomainSystem/index.php/Admin/Order/orderaccept/orderid/1492007282
INFO: [ app_init ] --START--
INFO: Run Behavior\BuildLiteBehavior [ RunTime:0.000008s ]
INFO: [ app_init ] --END-- [ RunTime:0.000054s ]
INFO: [ app_begin ] --START--
INFO: Run Behavior\ReadHtmlCacheBehavior [ RunTime:0.000021s ]
INFO: [ app_begin ] --END-- [ RunTime:0.000041s ]
NOTIC: [8192] mysql_connect(): The mysql extension is deprecated and will be removed in the future: use mysqli or PDO instead /var/www/html/DomainSystem/ThinkPHP/Library/Think/Db/Driver/Mysql.class.php 第 52 行.
SQL: SHOW COLUMNS FROM `db_order` [ RunTime:0.000367s ]
SQL: SELECT * FROM `db_order` WHERE `orderID` = '1492007282' LIMIT 1   [ RunTime:0.000046s ]
SQL: UPDATE `db_order` SET `status`='active' WHERE `orderID` = '1492007282' [ RunTime:0.001546s ]
SQL: UPDATE `db_order` SET `duedate`='2017-04-12 22:28:45' WHERE `orderID` = '1492007282' [ RunTime:0.040549s ]
SQL: SHOW COLUMNS FROM `db_item` [ RunTime:0.000391s ]
SQL: SELECT * FROM `db_item` WHERE `orderID` = 1492007282  [ RunTime:0.000043s ]
SQL: SHOW COLUMNS FROM `db_domainmgr` [ RunTime:0.000349s ]
SQL: SELECT * FROM `db_domainmgr` WHERE `domainname` = 'adfef.hk' AND `renew` = 1 LIMIT 1   [ RunTime:0.000181s ]
SQL: UPDATE `db_domainmgr` SET `renew`=0 WHERE `domainname` = 'adfef.hk' [ RunTime:0.001283s ]
SQL: UPDATE `db_domainmgr` SET `status`='active' WHERE `domainname` = 'adfef.hk' [ RunTime:0.000533s ]
SQL: UPDATE `db_domainmgr` SET `expirydate`='2019-04-12' WHERE `domainname` = 'adfef.hk' [ RunTime:0.000411s ]
SQL: UPDATE `db_domainmgr` SET `nextduedate`='2019-04-12' WHERE `domainname` = 'adfef.hk' [ RunTime:0.000451s ]
INFO: [ view_parse ] --START--
INFO: [ template_filter ] --START--
INFO: Run Behavior\ContentReplaceBehavior [ RunTime:0.000028s ]
INFO: [ template_filter ] --END-- [ RunTime:0.000057s ]
INFO: Run Behavior\ParseTemplateBehavior [ RunTime:0.001191s ]
INFO: [ view_parse ] --END-- [ RunTime:0.001222s ]
INFO: [ view_filter ] --START--
INFO: Run Behavior\WriteHtmlCacheBehavior [ RunTime:0.000024s ]
INFO: [ view_filter ] --END-- [ RunTime:0.000039s ]
INFO: [ app_end ] --START--
INFO: Run Behavior\ShowPageTraceBehavior [ RunTime:0.000018s ]
INFO: [ app_end ] --END-- [ RunTime:0.000031s ]

[ 2017-04-12T22:28:46+08:00 ] 127.0.0.1 /DomainSystem/index.php/Admin/Order/orderdetail/orderid/1492007282
INFO: [ app_init ] --START--
INFO: Run Behavior\BuildLiteBehavior [ RunTime:0.000024s ]
INFO: [ app_init ] --END-- [ RunTime:0.000212s ]
INFO: [ app_begin ] --START--
INFO: Run Behavior\ReadHtmlCacheBehavior [ RunTime:0.000074s ]
INFO: [ app_begin ] --END-- [ RunTime:0.000147s ]
NOTIC: [8192] mysql_connect(): The mysql extension is deprecated and will be removed in the future: use mysqli or PDO instead /var/www/html/DomainSystem/ThinkPHP/Library/Think/Db/Driver/Mysql.class.php 第 52 行.
SQL: SHOW COLUMNS FROM `db_order` [ RunTime:0.001178s ]
SQL: SELECT * FROM `db_order` WHERE `orderID` = '1492007282' LIMIT 1   [ RunTime:0.000482s ]
SQL: SHOW COLUMNS FROM `db_transaction` [ RunTime:0.001013s ]
SQL: SELECT * FROM `db_transaction` WHERE `orderID` = '1492007282' LIMIT 1   [ RunTime:0.000092s ]
SQL: SHOW COLUMNS FROM `db_item` [ RunTime:0.000579s ]
SQL: SELECT * FROM `db_item` WHERE `orderID` = 1492007282  [ RunTime:0.001687s ]
INFO: [ view_parse ] --START--
INFO: [ template_filter ] --START--
INFO: Run Behavior\ContentReplaceBehavior [ RunTime:0.000156s ]
INFO: [ template_filter ] --END-- [ RunTime:0.000225s ]
NOTIC: [8] Undefined variable: orderid /var/www/html/DomainSystem/Application/Runtime/Cache/Admin/6dcf12ba6872a6af8ecf0dec4d527447.php 第 309 行.
INFO: Run Behavior\ParseTemplateBehavior [ RunTime:0.031863s ]
INFO: [ view_parse ] --END-- [ RunTime:0.031904s ]
INFO: [ view_filter ] --START--
INFO: Run Behavior\WriteHtmlCacheBehavior [ RunTime:0.000037s ]
INFO: [ view_filter ] --END-- [ RunTime:0.000054s ]
INFO: [ app_end ] --START--
INFO: Run Behavior\ShowPageTraceBehavior [ RunTime:0.000029s ]
INFO: [ app_end ] --END-- [ RunTime:0.000051s ]

[ 2017-04-12T22:29:35+08:00 ] 127.0.0.1 /DomainSystem/index.php/Admin/Order/orderlist
INFO: [ app_init ] --START--
INFO: Run Behavior\BuildLiteBehavior [ RunTime:0.000008s ]
INFO: [ app_init ] --END-- [ RunTime:0.000058s ]
INFO: [ app_begin ] --START--
INFO: Run Behavior\ReadHtmlCacheBehavior [ RunTime:0.000025s ]
INFO: [ app_begin ] --END-- [ RunTime:0.000045s ]
NOTIC: [8192] mysql_connect(): The mysql extension is deprecated and will be removed in the future: use mysqli or PDO instead /var/www/html/DomainSystem/ThinkPHP/Library/Think/Db/Driver/Mysql.class.php 第 52 行.
SQL: SHOW COLUMNS FROM `db_order` [ RunTime:0.000350s ]
NOTIC: [8] Undefined index: limit /var/www/html/DomainSystem/ThinkPHP/Library/Think/Db.class.php 第 788 行.
SQL: SELECT * FROM `db_order` WHERE ( id>=0 ) ORDER BY issuedate desc LIMIT 0,20   [ RunTime:0.000179s ]
SQL: SELECT COUNT(*) AS tp_count FROM `db_order` WHERE ( id>=0 ) LIMIT 1   [ RunTime:0.000162s ]
INFO: [ view_parse ] --START--
INFO: [ template_filter ] --START--
INFO: Run Behavior\ContentReplaceBehavior [ RunTime:0.000051s ]
INFO: [ template_filter ] --END-- [ RunTime:0.000073s ]
INFO: Run Behavior\ParseTemplateBehavior [ RunTime:0.006173s ]
INFO: [ view_parse ] --END-- [ RunTime:0.006199s ]
INFO: [ view_filter ] --START--
INFO: Run Behavior\WriteHtmlCacheBehavior [ RunTime:0.000030s ]
INFO: [ view_filter ] --END-- [ RunTime:0.000045s ]
INFO: [ app_end ] --START--
INFO: Run Behavior\ShowPageTraceBehavior [ RunTime:0.000030s ]
INFO: [ app_end ] --END-- [ RunTime:0.000050s ]

[ 2017-04-12T22:29:39+08:00 ] 127.0.0.1 /DomainSystem/index.php/Admin/Order/orderdetail/orderid/1492007366
INFO: [ app_init ] --START--
INFO: Run Behavior\BuildLiteBehavior [ RunTime:0.000008s ]
INFO: [ app_init ] --END-- [ RunTime:0.000059s ]
INFO: [ app_begin ] --START--
INFO: Run Behavior\ReadHtmlCacheBehavior [ RunTime:0.000026s ]
INFO: [ app_begin ] --END-- [ RunTime:0.000045s ]
NOTIC: [8192] mysql_connect(): The mysql extension is deprecated and will be removed in the future: use mysqli or PDO instead /var/www/html/DomainSystem/ThinkPHP/Library/Think/Db/Driver/Mysql.class.php 第 52 行.
SQL: SHOW COLUMNS FROM `db_order` [ RunTime:0.000345s ]
SQL: SELECT * FROM `db_order` WHERE `orderID` = '1492007366' LIMIT 1   [ RunTime:0.000158s ]
SQL: SHOW COLUMNS FROM `db_transaction` [ RunTime:0.000240s ]
SQL: SELECT * FROM `db_transaction` WHERE `orderID` = '1492007366' LIMIT 1   [ RunTime:0.000109s ]
SQL: SHOW COLUMNS FROM `db_item` [ RunTime:0.000211s ]
SQL: SELECT * FROM `db_item` WHERE `orderID` = 1492007366  [ RunTime:0.000094s ]
INFO: [ view_parse ] --START--
INFO: [ template_filter ] --START--
INFO: Run Behavior\ContentReplaceBehavior [ RunTime:0.000067s ]
INFO: [ template_filter ] --END-- [ RunTime:0.000093s ]
NOTIC: [8] Undefined variable: orderid /var/www/html/DomainSystem/Application/Runtime/Cache/Admin/6dcf12ba6872a6af8ecf0dec4d527447.php 第 309 行.
INFO: Run Behavior\ParseTemplateBehavior [ RunTime:0.012873s ]
INFO: [ view_parse ] --END-- [ RunTime:0.012902s ]
INFO: [ view_filter ] --START--
INFO: Run Behavior\WriteHtmlCacheBehavior [ RunTime:0.000039s ]
INFO: [ view_filter ] --END-- [ RunTime:0.000068s ]
INFO: [ app_end ] --START--
INFO: Run Behavior\ShowPageTraceBehavior [ RunTime:0.000036s ]
INFO: [ app_end ] --END-- [ RunTime:0.000056s ]

[ 2017-04-12T22:29:40+08:00 ] 127.0.0.1 /DomainSystem/index.php/Admin/Order/orderaccept/orderid/1492007366
INFO: [ app_init ] --START--
INFO: Run Behavior\BuildLiteBehavior [ RunTime:0.000009s ]
INFO: [ app_init ] --END-- [ RunTime:0.000053s ]
INFO: [ app_begin ] --START--
INFO: Run Behavior\ReadHtmlCacheBehavior [ RunTime:0.000020s ]
INFO: [ app_begin ] --END-- [ RunTime:0.000040s ]
NOTIC: [8192] mysql_connect(): The mysql extension is deprecated and will be removed in the future: use mysqli or PDO instead /var/www/html/DomainSystem/ThinkPHP/Library/Think/Db/Driver/Mysql.class.php 第 52 行.
SQL: SHOW COLUMNS FROM `db_order` [ RunTime:0.000357s ]
SQL: SELECT * FROM `db_order` WHERE `orderID` = '1492007366' LIMIT 1   [ RunTime:0.000050s ]
SQL: UPDATE `db_order` SET `status`='active' WHERE `orderID` = '1492007366' [ RunTime:0.035643s ]
SQL: UPDATE `db_order` SET `duedate`='2017-04-12 22:29:40' WHERE `orderID` = '1492007366' [ RunTime:0.002155s ]
SQL: SHOW COLUMNS FROM `db_item` [ RunTime:0.000821s ]
SQL: SELECT * FROM `db_item` WHERE `orderID` = 1492007366  [ RunTime:0.000107s ]
SQL: SHOW COLUMNS FROM `db_domainmgr` [ RunTime:0.001037s ]
SQL: SELECT * FROM `db_domainmgr` WHERE `domainname` = 'akiefkiu.club' AND `renew` = 1 LIMIT 1   [ RunTime:0.000519s ]
SQL: UPDATE `db_domainmgr` SET `status`='active' WHERE `domainname` = 'akiefkiu.club' [ RunTime:0.003421s ]
SQL: UPDATE `db_domainmgr` SET `registrationdate`='2017-04-12 22:29:40' WHERE `domainname` = 'akiefkiu.club' [ RunTime:0.001810s ]
SQL: UPDATE `db_domainmgr` SET `expirydate`='2018-04-12' WHERE `domainname` = 'akiefkiu.club' [ RunTime:0.001340s ]
SQL: UPDATE `db_domainmgr` SET `nextduedate`='2018-04-12' WHERE `domainname` = 'akiefkiu.club' [ RunTime:0.002285s ]
INFO: [ view_parse ] --START--
INFO: [ template_filter ] --START--
INFO: Run Behavior\ContentReplaceBehavior [ RunTime:0.000067s ]
INFO: [ template_filter ] --END-- [ RunTime:0.000246s ]
INFO: Run Behavior\ParseTemplateBehavior [ RunTime:0.003166s ]
INFO: [ view_parse ] --END-- [ RunTime:0.003277s ]
INFO: [ view_filter ] --START--
INFO: Run Behavior\WriteHtmlCacheBehavior [ RunTime:0.000061s ]
INFO: [ view_filter ] --END-- [ RunTime:0.000104s ]
INFO: [ app_end ] --START--
INFO: Run Behavior\ShowPageTraceBehavior [ RunTime:0.000046s ]
INFO: [ app_end ] --END-- [ RunTime:0.000086s ]

[ 2017-04-12T22:29:41+08:00 ] 127.0.0.1 /DomainSystem/index.php/Admin/Order/orderdetail/orderid/1492007366
INFO: [ app_init ] --START--
INFO: Run Behavior\BuildLiteBehavior [ RunTime:0.000023s ]
INFO: [ app_init ] --END-- [ RunTime:0.000154s ]
INFO: [ app_begin ] --START--
INFO: Run Behavior\ReadHtmlCacheBehavior [ RunTime:0.000065s ]
INFO: [ app_begin ] --END-- [ RunTime:0.000139s ]
NOTIC: [8192] mysql_connect(): The mysql extension is deprecated and will be removed in the future: use mysqli or PDO instead /var/www/html/DomainSystem/ThinkPHP/Library/Think/Db/Driver/Mysql.class.php 第 52 行.
SQL: SHOW COLUMNS FROM `db_order` [ RunTime:0.001119s ]
SQL: SELECT * FROM `db_order` WHERE `orderID` = '1492007366' LIMIT 1   [ RunTime:0.000463s ]
SQL: SHOW COLUMNS FROM `db_transaction` [ RunTime:0.001002s ]
SQL: SELECT * FROM `db_transaction` WHERE `orderID` = '1492007366' LIMIT 1   [ RunTime:0.000177s ]
SQL: SHOW COLUMNS FROM `db_item` [ RunTime:0.000944s ]
SQL: SELECT * FROM `db_item` WHERE `orderID` = 1492007366  [ RunTime:0.000904s ]
INFO: [ view_parse ] --START--
INFO: [ template_filter ] --START--
INFO: Run Behavior\ContentReplaceBehavior [ RunTime:0.000116s ]
INFO: [ template_filter ] --END-- [ RunTime:0.000170s ]
NOTIC: [8] Undefined variable: orderid /var/www/html/DomainSystem/Application/Runtime/Cache/Admin/6dcf12ba6872a6af8ecf0dec4d527447.php 第 309 行.
INFO: Run Behavior\ParseTemplateBehavior [ RunTime:0.026660s ]
INFO: [ view_parse ] --END-- [ RunTime:0.026719s ]
INFO: [ view_filter ] --START--
INFO: Run Behavior\WriteHtmlCacheBehavior [ RunTime:0.000045s ]
INFO: [ view_filter ] --END-- [ RunTime:0.000071s ]
INFO: [ app_end ] --START--
INFO: Run Behavior\ShowPageTraceBehavior [ RunTime:0.000036s ]
INFO: [ app_end ] --END-- [ RunTime:0.000069s ]

[ 2017-04-12T22:29:46+08:00 ] 127.0.0.1 /DomainSystem/index.php/Admin/Domain/domainlist
INFO: [ app_init ] --START--
INFO: Run Behavior\BuildLiteBehavior [ RunTime:0.000008s ]
INFO: [ app_init ] --END-- [ RunTime:0.000053s ]
INFO: [ app_begin ] --START--
INFO: Run Behavior\ReadHtmlCacheBehavior [ RunTime:0.000022s ]
INFO: [ app_begin ] --END-- [ RunTime:0.000040s ]
NOTIC: [8192] mysql_connect(): The mysql extension is deprecated and will be removed in the future: use mysqli or PDO instead /var/www/html/DomainSystem/ThinkPHP/Library/Think/Db/Driver/Mysql.class.php 第 52 行.
SQL: SHOW COLUMNS FROM `db_domainmgr` [ RunTime:0.000375s ]
NOTIC: [8] Undefined index: limit /var/www/html/DomainSystem/ThinkPHP/Library/Think/Db.class.php 第 788 行.
SQL: SELECT * FROM `db_domainmgr` WHERE ( id>=0 ) ORDER BY id desc LIMIT 0,20   [ RunTime:0.000181s ]
SQL: SELECT COUNT(*) AS tp_count FROM `db_domainmgr` WHERE ( id>=0 ) LIMIT 1   [ RunTime:0.001684s ]
SQL: SHOW COLUMNS FROM `db_users` [ RunTime:0.000301s ]
SQL: SELECT * FROM `db_users` WHERE `status` = 'active'  [ RunTime:0.000035s ]
SQL: SHOW COLUMNS FROM `db_paymethod` [ RunTime:0.000196s ]
SQL: SELECT `method` FROM `db_paymethod` WHERE `useable` = 'Y'  [ RunTime:0.000030s ]
INFO: [ view_parse ] --START--
INFO: [ template_filter ] --START--
INFO: Run Behavior\ContentReplaceBehavior [ RunTime:0.000065s ]
INFO: [ template_filter ] --END-- [ RunTime:0.000097s ]
INFO: Run Behavior\ParseTemplateBehavior [ RunTime:0.010431s ]
INFO: [ view_parse ] --END-- [ RunTime:0.010504s ]
INFO: [ view_filter ] --START--
INFO: Run Behavior\WriteHtmlCacheBehavior [ RunTime:0.000032s ]
INFO: [ view_filter ] --END-- [ RunTime:0.000047s ]
INFO: [ app_end ] --START--
INFO: Run Behavior\ShowPageTraceBehavior [ RunTime:0.000029s ]
INFO: [ app_end ] --END-- [ RunTime:0.000049s ]

[ 2017-04-12T22:30:16+08:00 ] 127.0.0.1 /DomainSystem/index.php/Admin/Domain/domainadd
INFO: [ app_init ] --START--
INFO: Run Behavior\BuildLiteBehavior [ RunTime:0.000008s ]
INFO: [ app_init ] --END-- [ RunTime:0.000071s ]
INFO: [ app_begin ] --START--
INFO: Run Behavior\ReadHtmlCacheBehavior [ RunTime:0.000022s ]
INFO: [ app_begin ] --END-- [ RunTime:0.000042s ]
NOTIC: [8192] mysql_connect(): The mysql extension is deprecated and will be removed in the future: use mysqli or PDO instead /var/www/html/DomainSystem/ThinkPHP/Library/Think/Db/Driver/Mysql.class.php 第 52 行.
SQL: SHOW COLUMNS FROM `db_premium` [ RunTime:0.000345s ]
SQL: SELECT * FROM `db_premium` WHERE `domainname` LIKE '%.cn' LIMIT 1   [ RunTime:0.000171s ]
SQL: SHOW COLUMNS FROM `db_fakedomains` [ RunTime:0.000259s ]
SQL: SELECT * FROM `db_fakedomains` WHERE `domainname` = 'ikdffejie.cn' LIMIT 1   [ RunTime:0.000093s ]
SQL: SHOW COLUMNS FROM `db_domainmgr` [ RunTime:0.001179s ]
SQL: SELECT `domainname`,`nextduedate`,`status` FROM `db_domainmgr` WHERE `domainname` = 'ikdffejie.cn' LIMIT 1   [ RunTime:0.000443s ]
SQL: SHOW COLUMNS FROM `db_registrar` [ RunTime:0.000647s ]
SQL: SELECT `registrar` FROM `db_registrar` WHERE `status` = 'Y'  [ RunTime:0.000085s ]
SQL: SHOW COLUMNS FROM `db_item` [ RunTime:0.000694s ]
SQL: INSERT INTO `db_item` (`domainname`,`orderID`,`registrar`,`price`,`years`) VALUES ('ikdffejie.cn',1492007416,'ResellerClub','10.00',2) [ RunTime:0.002327s ]
SQL: SHOW COLUMNS FROM `db_users` [ RunTime:0.002469s ]
SQL: SELECT * FROM `db_users` WHERE `username` = 'walkerman' LIMIT 1   [ RunTime:0.000985s ]
SQL: INSERT INTO `db_domainmgr` (`domainname`,`username`,`registrar`,`registrationdate`,`expirydate`,`nextduedate`,`status`,`mainforward`,`DNSmgr`,`orderID`,`email`,`firstname`,`lastname`,`company`,`jobtitle`,`address1`,`address2`,`city`,`state`,`postcode`,`country`,`phone`,`fax`,`ns1`,`ns2`,`ns3`,`ns4`) VALUES ('ikdffejie.cn','walkerman','ResellerClub','2017-04-12 22:30:16','2019-04-12','2019-04-12','active','','',1492007416,'mic_welker@arvinmeritor.info','Jerrie','Donner','Applied Industrial Technologies, Inc.','Property Assessor','4707 Archwood Avenue','4707 Archwood Avenue','Cheyenne','Wyoming',82001,'USA','307-777-3463','307-777-3463','ns1.namserver.com','ns2.namserver.com','ns3.namserver.com','ns4.namserver.com') [ RunTime:0.003021s ]
SQL: SHOW COLUMNS FROM `db_order` [ RunTime:0.001024s ]
SQL: INSERT INTO `db_order` (`orderID`,`transactionID`,`username`,`issuedate`,`status`,`refundamount`,`invoicedate`,`duedate`,`description`) VALUES (1492007416,1492007517,'walkerman','2017-04-12 22:30:16','pending',0,'2017-04-12 22:30:16','2017-04-12 22:30:16','Administrator add new order') [ RunTime:0.003850s ]
SQL: SHOW COLUMNS FROM `db_transaction` [ RunTime:0.001387s ]
SQL: INSERT INTO `db_transaction` (`transactionID`,`clientname`,`orderID`,`invoiceID`,`description`,`paydate`,`paymethod`,`accountnumber`,`settleamount`) VALUES (1492007517,'',1492007416,1492007416,'I use the Bank Transfer to pay for the order','2017-04-12 22:30:16','Bank Transfer','',20) [ RunTime:0.002383s ]
INFO: [ view_parse ] --START--
INFO: [ template_filter ] --START--
INFO: Run Behavior\ContentReplaceBehavior [ RunTime:0.000066s ]
INFO: [ template_filter ] --END-- [ RunTime:0.000133s ]
INFO: Run Behavior\ParseTemplateBehavior [ RunTime:0.003414s ]
INFO: [ view_parse ] --END-- [ RunTime:0.003608s ]
INFO: [ view_filter ] --START--
INFO: Run Behavior\WriteHtmlCacheBehavior [ RunTime:0.000087s ]
INFO: [ view_filter ] --END-- [ RunTime:0.000127s ]
INFO: [ app_end ] --START--
INFO: Run Behavior\ShowPageTraceBehavior [ RunTime:0.000069s ]
INFO: [ app_end ] --END-- [ RunTime:0.000109s ]

[ 2017-04-12T22:30:17+08:00 ] 127.0.0.1 /DomainSystem/index.php/Admin/Domain/domainlist
INFO: [ app_init ] --START--
INFO: Run Behavior\BuildLiteBehavior [ RunTime:0.000024s ]
INFO: [ app_init ] --END-- [ RunTime:0.000151s ]
INFO: [ app_begin ] --START--
INFO: Run Behavior\ReadHtmlCacheBehavior [ RunTime:0.000067s ]
INFO: [ app_begin ] --END-- [ RunTime:0.000141s ]
NOTIC: [8192] mysql_connect(): The mysql extension is deprecated and will be removed in the future: use mysqli or PDO instead /var/www/html/DomainSystem/ThinkPHP/Library/Think/Db/Driver/Mysql.class.php 第 52 行.
SQL: SHOW COLUMNS FROM `db_domainmgr` [ RunTime:0.001358s ]
NOTIC: [8] Undefined index: limit /var/www/html/DomainSystem/ThinkPHP/Library/Think/Db.class.php 第 788 行.
SQL: SELECT * FROM `db_domainmgr` WHERE ( id>=0 ) ORDER BY id desc LIMIT 0,20   [ RunTime:0.000589s ]
SQL: SELECT COUNT(*) AS tp_count FROM `db_domainmgr` WHERE ( id>=0 ) LIMIT 1   [ RunTime:0.000409s ]
SQL: SHOW COLUMNS FROM `db_users` [ RunTime:0.001148s ]
SQL: SELECT * FROM `db_users` WHERE `status` = 'active'  [ RunTime:0.000141s ]
SQL: SHOW COLUMNS FROM `db_paymethod` [ RunTime:0.000817s ]
SQL: SELECT `method` FROM `db_paymethod` WHERE `useable` = 'Y'  [ RunTime:0.000122s ]
INFO: [ view_parse ] --START--
INFO: [ template_filter ] --START--
INFO: Run Behavior\ContentReplaceBehavior [ RunTime:0.000092s ]
INFO: [ template_filter ] --END-- [ RunTime:0.000140s ]
INFO: Run Behavior\ParseTemplateBehavior [ RunTime:0.025007s ]
INFO: [ view_parse ] --END-- [ RunTime:0.025066s ]
INFO: [ view_filter ] --START--
INFO: Run Behavior\WriteHtmlCacheBehavior [ RunTime:0.000040s ]
INFO: [ view_filter ] --END-- [ RunTime:0.000067s ]
INFO: [ app_end ] --START--
INFO: Run Behavior\ShowPageTraceBehavior [ RunTime:0.000031s ]
INFO: [ app_end ] --END-- [ RunTime:0.000057s ]

[ 2017-04-12T22:30:25+08:00 ] 127.0.0.1 /DomainSystem/index.php/Admin/Domain/domaindetail/domainid/16
INFO: [ app_init ] --START--
INFO: Run Behavior\BuildLiteBehavior [ RunTime:0.000009s ]
INFO: [ app_init ] --END-- [ RunTime:0.000060s ]
INFO: [ app_begin ] --START--
INFO: Run Behavior\ReadHtmlCacheBehavior [ RunTime:0.000025s ]
INFO: [ app_begin ] --END-- [ RunTime:0.000045s ]
NOTIC: [8192] mysql_connect(): The mysql extension is deprecated and will be removed in the future: use mysqli or PDO instead /var/www/html/DomainSystem/ThinkPHP/Library/Think/Db/Driver/Mysql.class.php 第 52 行.
SQL: SHOW COLUMNS FROM `db_domainmgr` [ RunTime:0.000424s ]
SQL: SELECT * FROM `db_domainmgr` WHERE `id` = 16 LIMIT 1   [ RunTime:0.000163s ]
SQL: SHOW COLUMNS FROM `db_item` [ RunTime:0.000248s ]
SQL: SELECT * FROM `db_item` WHERE `domainname` = 'ikdffejie.cn' LIMIT 1   [ RunTime:0.000118s ]
SQL: SHOW COLUMNS FROM `db_registrar` [ RunTime:0.000409s ]
SQL: SELECT `registrar` FROM `db_registrar` WHERE `status` = 'Y'  [ RunTime:0.000041s ]
INFO: [ view_parse ] --START--
INFO: [ template_filter ] --START--
INFO: Run Behavior\ContentReplaceBehavior [ RunTime:0.000196s ]
INFO: [ template_filter ] --END-- [ RunTime:0.000308s ]
INFO: Run Behavior\ParseTemplateBehavior [ RunTime:0.012041s ]
INFO: [ view_parse ] --END-- [ RunTime:0.012120s ]
INFO: [ view_filter ] --START--
INFO: Run Behavior\WriteHtmlCacheBehavior [ RunTime:0.000104s ]
INFO: [ view_filter ] --END-- [ RunTime:0.000138s ]
INFO: [ app_end ] --START--
INFO: Run Behavior\ShowPageTraceBehavior [ RunTime:0.000041s ]
INFO: [ app_end ] --END-- [ RunTime:0.000064s ]

[ 2017-04-12T22:30:31+08:00 ] 127.0.0.1 /DomainSystem/index.php/Admin/Order/orderdetail/orderid/1492007416
INFO: [ app_init ] --START--
INFO: Run Behavior\BuildLiteBehavior [ RunTime:0.000008s ]
INFO: [ app_init ] --END-- [ RunTime:0.000069s ]
INFO: [ app_begin ] --START--
INFO: Run Behavior\ReadHtmlCacheBehavior [ RunTime:0.000052s ]
INFO: [ app_begin ] --END-- [ RunTime:0.000100s ]
NOTIC: [8192] mysql_connect(): The mysql extension is deprecated and will be removed in the future: use mysqli or PDO instead /var/www/html/DomainSystem/ThinkPHP/Library/Think/Db/Driver/Mysql.class.php 第 52 行.
SQL: SHOW COLUMNS FROM `db_order` [ RunTime:0.000380s ]
SQL: SELECT * FROM `db_order` WHERE `orderID` = '1492007416' LIMIT 1   [ RunTime:0.000170s ]
SQL: SHOW COLUMNS FROM `db_transaction` [ RunTime:0.000252s ]
SQL: SELECT * FROM `db_transaction` WHERE `orderID` = '1492007416' LIMIT 1   [ RunTime:0.000119s ]
SQL: SHOW COLUMNS FROM `db_item` [ RunTime:0.001200s ]
SQL: SELECT * FROM `db_item` WHERE `orderID` = 1492007416  [ RunTime:0.000149s ]
INFO: [ view_parse ] --START--
INFO: [ template_filter ] --START--
INFO: Run Behavior\ContentReplaceBehavior [ RunTime:0.000072s ]
INFO: [ template_filter ] --END-- [ RunTime:0.000105s ]
NOTIC: [8] Undefined variable: orderid /var/www/html/DomainSystem/Application/Runtime/Cache/Admin/6dcf12ba6872a6af8ecf0dec4d527447.php 第 309 行.
INFO: Run Behavior\ParseTemplateBehavior [ RunTime:0.012818s ]
INFO: [ view_parse ] --END-- [ RunTime:0.012844s ]
INFO: [ view_filter ] --START--
INFO: Run Behavior\WriteHtmlCacheBehavior [ RunTime:0.000036s ]
INFO: [ view_filter ] --END-- [ RunTime:0.000050s ]
INFO: [ app_end ] --START--
INFO: Run Behavior\ShowPageTraceBehavior [ RunTime:0.000059s ]
INFO: [ app_end ] --END-- [ RunTime:0.000082s ]

[ 2017-04-12T22:30:46+08:00 ] 127.0.0.1 /DomainSystem/index.php/Admin/Order/orderaccept/orderid/1492007416
INFO: [ app_init ] --START--
INFO: Run Behavior\BuildLiteBehavior [ RunTime:0.000008s ]
INFO: [ app_init ] --END-- [ RunTime:0.000059s ]
INFO: [ app_begin ] --START--
INFO: Run Behavior\ReadHtmlCacheBehavior [ RunTime:0.000027s ]
INFO: [ app_begin ] --END-- [ RunTime:0.000048s ]
NOTIC: [8192] mysql_connect(): The mysql extension is deprecated and will be removed in the future: use mysqli or PDO instead /var/www/html/DomainSystem/ThinkPHP/Library/Think/Db/Driver/Mysql.class.php 第 52 行.
SQL: SHOW COLUMNS FROM `db_order` [ RunTime:0.000388s ]
SQL: SELECT * FROM `db_order` WHERE `orderID` = '1492007416' LIMIT 1   [ RunTime:0.000045s ]
SQL: UPDATE `db_order` SET `status`='active' WHERE `orderID` = '1492007416' [ RunTime:0.001552s ]
SQL: UPDATE `db_order` SET `duedate`='2017-04-12 22:30:46' WHERE `orderID` = '1492007416' [ RunTime:0.000776s ]
SQL: SHOW COLUMNS FROM `db_item` [ RunTime:0.000278s ]
SQL: SELECT * FROM `db_item` WHERE `orderID` = 1492007416  [ RunTime:0.000037s ]
SQL: SHOW COLUMNS FROM `db_domainmgr` [ RunTime:0.000321s ]
SQL: SELECT * FROM `db_domainmgr` WHERE `domainname` = 'ikdffejie.cn' AND `renew` = 1 LIMIT 1   [ RunTime:0.000187s ]
SQL: UPDATE `db_domainmgr` SET `status`='active' WHERE `domainname` = 'ikdffejie.cn' [ RunTime:0.000399s ]
SQL: UPDATE `db_domainmgr` SET `registrationdate`='2017-04-12 22:30:46' WHERE `domainname` = 'ikdffejie.cn' [ RunTime:0.000456s ]
SQL: UPDATE `db_domainmgr` SET `expirydate`='2019-04-12' WHERE `domainname` = 'ikdffejie.cn' [ RunTime:0.000868s ]
SQL: UPDATE `db_domainmgr` SET `nextduedate`='2019-04-12' WHERE `domainname` = 'ikdffejie.cn' [ RunTime:0.000334s ]
INFO: [ view_parse ] --START--
INFO: [ template_filter ] --START--
INFO: Run Behavior\ContentReplaceBehavior [ RunTime:0.000026s ]
INFO: [ template_filter ] --END-- [ RunTime:0.000048s ]
INFO: Run Behavior\ParseTemplateBehavior [ RunTime:0.001145s ]
INFO: [ view_parse ] --END-- [ RunTime:0.001171s ]
INFO: [ view_filter ] --START--
INFO: Run Behavior\WriteHtmlCacheBehavior [ RunTime:0.000029s ]
INFO: [ view_filter ] --END-- [ RunTime:0.000044s ]
INFO: [ app_end ] --START--
INFO: Run Behavior\ShowPageTraceBehavior [ RunTime:0.000024s ]
INFO: [ app_end ] --END-- [ RunTime:0.000038s ]

[ 2017-04-12T22:30:47+08:00 ] 127.0.0.1 /DomainSystem/index.php/Admin/Order/orderdetail/orderid/1492007416
INFO: [ app_init ] --START--
INFO: Run Behavior\BuildLiteBehavior [ RunTime:0.000023s ]
INFO: [ app_init ] --END-- [ RunTime:0.000154s ]
INFO: [ app_begin ] --START--
INFO: Run Behavior\ReadHtmlCacheBehavior [ RunTime:0.000160s ]
INFO: [ app_begin ] --END-- [ RunTime:0.000239s ]
NOTIC: [8192] mysql_connect(): The mysql extension is deprecated and will be removed in the future: use mysqli or PDO instead /var/www/html/DomainSystem/ThinkPHP/Library/Think/Db/Driver/Mysql.class.php 第 52 行.
SQL: SHOW COLUMNS FROM `db_order` [ RunTime:0.001304s ]
SQL: SELECT * FROM `db_order` WHERE `orderID` = '1492007416' LIMIT 1   [ RunTime:0.000558s ]
SQL: SHOW COLUMNS FROM `db_transaction` [ RunTime:0.000510s ]
SQL: SELECT * FROM `db_transaction` WHERE `orderID` = '1492007416' LIMIT 1   [ RunTime:0.000076s ]
SQL: SHOW COLUMNS FROM `db_item` [ RunTime:0.000574s ]
SQL: SELECT * FROM `db_item` WHERE `orderID` = 1492007416  [ RunTime:0.000075s ]
INFO: [ view_parse ] --START--
INFO: [ template_filter ] --START--
INFO: Run Behavior\ContentReplaceBehavior [ RunTime:0.000149s ]
INFO: [ template_filter ] --END-- [ RunTime:0.000222s ]
NOTIC: [8] Undefined variable: orderid /var/www/html/DomainSystem/Application/Runtime/Cache/Admin/6dcf12ba6872a6af8ecf0dec4d527447.php 第 309 行.
INFO: Run Behavior\ParseTemplateBehavior [ RunTime:0.029580s ]
INFO: [ view_parse ] --END-- [ RunTime:0.029613s ]
INFO: [ view_filter ] --START--
INFO: Run Behavior\WriteHtmlCacheBehavior [ RunTime:0.000031s ]
INFO: [ view_filter ] --END-- [ RunTime:0.000047s ]
INFO: [ app_end ] --START--
INFO: Run Behavior\ShowPageTraceBehavior [ RunTime:0.000026s ]
INFO: [ app_end ] --END-- [ RunTime:0.000049s ]

[ 2017-04-12T22:30:55+08:00 ] 127.0.0.1 /DomainSystem/index.php/Admin/Order/orderRefund/orderid/1492007416
INFO: [ app_init ] --START--
INFO: Run Behavior\BuildLiteBehavior [ RunTime:0.000019s ]
INFO: [ app_init ] --END-- [ RunTime:0.000101s ]
INFO: [ app_begin ] --START--
INFO: Run Behavior\ReadHtmlCacheBehavior [ RunTime:0.000024s ]
INFO: [ app_begin ] --END-- [ RunTime:0.000045s ]
NOTIC: [8192] mysql_connect(): The mysql extension is deprecated and will be removed in the future: use mysqli or PDO instead /var/www/html/DomainSystem/ThinkPHP/Library/Think/Db/Driver/Mysql.class.php 第 52 行.
SQL: SHOW COLUMNS FROM `db_transaction` [ RunTime:0.000563s ]
SQL: SELECT * FROM `db_transaction` WHERE `orderID` = '1492007416' LIMIT 1   [ RunTime:0.000045s ]
SQL: SHOW COLUMNS FROM `db_order` [ RunTime:0.000269s ]
SQL: SELECT * FROM `db_order` WHERE `orderID` = '1492007416' LIMIT 1   [ RunTime:0.000035s ]
SQL: UPDATE `db_order` SET `status`='cancle' WHERE `orderID` = '1492007416' [ RunTime:0.001134s ]
SQL: UPDATE `db_order` SET `refund`='Y' WHERE `orderID` = '1492007416' [ RunTime:0.000932s ]
SQL: UPDATE `db_order` SET `refundamount`='20.00' WHERE `orderID` = '1492007416' [ RunTime:0.000384s ]
SQL: SHOW COLUMNS FROM `db_item` [ RunTime:0.000287s ]
SQL: SELECT * FROM `db_item` WHERE `orderID` = 1492007416  [ RunTime:0.000032s ]
SQL: SHOW COLUMNS FROM `db_domainmgr` [ RunTime:0.000279s ]
SQL: UPDATE `db_domainmgr` SET `status`='suspend' WHERE `domainname` = 'ikdffejie.cn' [ RunTime:0.046120s ]
INFO: [ view_parse ] --START--
INFO: [ template_filter ] --START--
INFO: Run Behavior\ContentReplaceBehavior [ RunTime:0.000029s ]
INFO: [ template_filter ] --END-- [ RunTime:0.000055s ]
INFO: Run Behavior\ParseTemplateBehavior [ RunTime:0.001216s ]
INFO: [ view_parse ] --END-- [ RunTime:0.001245s ]
INFO: [ view_filter ] --START--
INFO: Run Behavior\WriteHtmlCacheBehavior [ RunTime:0.000032s ]
INFO: [ view_filter ] --END-- [ RunTime:0.000046s ]
INFO: [ app_end ] --START--
INFO: Run Behavior\ShowPageTraceBehavior [ RunTime:0.000025s ]
INFO: [ app_end ] --END-- [ RunTime:0.000039s ]

[ 2017-04-12T22:30:56+08:00 ] 127.0.0.1 /DomainSystem/index.php/Admin/Order/orderdetail/orderid/1492007416
INFO: [ app_init ] --START--
INFO: Run Behavior\BuildLiteBehavior [ RunTime:0.000023s ]
INFO: [ app_init ] --END-- [ RunTime:0.000152s ]
INFO: [ app_begin ] --START--
INFO: Run Behavior\ReadHtmlCacheBehavior [ RunTime:0.000066s ]
INFO: [ app_begin ] --END-- [ RunTime:0.000141s ]
NOTIC: [8192] mysql_connect(): The mysql extension is deprecated and will be removed in the future: use mysqli or PDO instead /var/www/html/DomainSystem/ThinkPHP/Library/Think/Db/Driver/Mysql.class.php 第 52 行.
SQL: SHOW COLUMNS FROM `db_order` [ RunTime:0.001162s ]
SQL: SELECT * FROM `db_order` WHERE `orderID` = '1492007416' LIMIT 1   [ RunTime:0.003061s ]
SQL: SHOW COLUMNS FROM `db_transaction` [ RunTime:0.000960s ]
SQL: SELECT * FROM `db_transaction` WHERE `orderID` = '1492007416' LIMIT 1   [ RunTime:0.000138s ]
SQL: SHOW COLUMNS FROM `db_item` [ RunTime:0.000880s ]
SQL: SELECT * FROM `db_item` WHERE `orderID` = 1492007416  [ RunTime:0.002404s ]
INFO: [ view_parse ] --START--
INFO: [ template_filter ] --START--
INFO: Run Behavior\ContentReplaceBehavior [ RunTime:0.000179s ]
INFO: [ template_filter ] --END-- [ RunTime:0.000284s ]
NOTIC: [8] Undefined variable: orderid /var/www/html/DomainSystem/Application/Runtime/Cache/Admin/6dcf12ba6872a6af8ecf0dec4d527447.php 第 309 行.
INFO: Run Behavior\ParseTemplateBehavior [ RunTime:0.057911s ]
INFO: [ view_parse ] --END-- [ RunTime:0.057989s ]
INFO: [ view_filter ] --START--
INFO: Run Behavior\WriteHtmlCacheBehavior [ RunTime:0.000069s ]
INFO: [ view_filter ] --END-- [ RunTime:0.000106s ]
INFO: [ app_end ] --START--
INFO: Run Behavior\ShowPageTraceBehavior [ RunTime:0.000060s ]
INFO: [ app_end ] --END-- [ RunTime:0.000109s ]

[ 2017-04-12T22:30:57+08:00 ] 127.0.0.1 /DomainSystem/index.php/Admin/Domain/domainlist
INFO: [ app_init ] --START--
INFO: Run Behavior\BuildLiteBehavior [ RunTime:0.000008s ]
INFO: [ app_init ] --END-- [ RunTime:0.000048s ]
INFO: [ app_begin ] --START--
INFO: Run Behavior\ReadHtmlCacheBehavior [ RunTime:0.000037s ]
INFO: [ app_begin ] --END-- [ RunTime:0.000078s ]
NOTIC: [8192] mysql_connect(): The mysql extension is deprecated and will be removed in the future: use mysqli or PDO instead /var/www/html/DomainSystem/ThinkPHP/Library/Think/Db/Driver/Mysql.class.php 第 52 行.
SQL: SHOW COLUMNS FROM `db_domainmgr` [ RunTime:0.000447s ]
NOTIC: [8] Undefined index: limit /var/www/html/DomainSystem/ThinkPHP/Library/Think/Db.class.php 第 788 行.
SQL: SELECT * FROM `db_domainmgr` WHERE ( id>=0 ) ORDER BY id desc LIMIT 0,20   [ RunTime:0.000202s ]
SQL: SELECT COUNT(*) AS tp_count FROM `db_domainmgr` WHERE ( id>=0 ) LIMIT 1   [ RunTime:0.000159s ]
SQL: SHOW COLUMNS FROM `db_users` [ RunTime:0.000272s ]
SQL: SELECT * FROM `db_users` WHERE `status` = 'active'  [ RunTime:0.000035s ]
SQL: SHOW COLUMNS FROM `db_paymethod` [ RunTime:0.000196s ]
SQL: SELECT `method` FROM `db_paymethod` WHERE `useable` = 'Y'  [ RunTime:0.000041s ]
INFO: [ view_parse ] --START--
INFO: [ template_filter ] --START--
INFO: Run Behavior\ContentReplaceBehavior [ RunTime:0.000064s ]
INFO: [ template_filter ] --END-- [ RunTime:0.000097s ]
INFO: Run Behavior\ParseTemplateBehavior [ RunTime:0.012573s ]
INFO: [ view_parse ] --END-- [ RunTime:0.012603s ]
INFO: [ view_filter ] --START--
INFO: Run Behavior\WriteHtmlCacheBehavior [ RunTime:0.000032s ]
INFO: [ view_filter ] --END-- [ RunTime:0.000047s ]
INFO: [ app_end ] --START--
INFO: Run Behavior\ShowPageTraceBehavior [ RunTime:0.000027s ]
INFO: [ app_end ] --END-- [ RunTime:0.000048s ]

[ 2017-04-12T22:31:03+08:00 ] 127.0.0.1 /DomainSystem/index.php/Admin/Domain/domaindetail/domainid/16
INFO: [ app_init ] --START--
INFO: Run Behavior\BuildLiteBehavior [ RunTime:0.000008s ]
INFO: [ app_init ] --END-- [ RunTime:0.000058s ]
INFO: [ app_begin ] --START--
INFO: Run Behavior\ReadHtmlCacheBehavior [ RunTime:0.000026s ]
INFO: [ app_begin ] --END-- [ RunTime:0.000047s ]
NOTIC: [8192] mysql_connect(): The mysql extension is deprecated and will be removed in the future: use mysqli or PDO instead /var/www/html/DomainSystem/ThinkPHP/Library/Think/Db/Driver/Mysql.class.php 第 52 行.
SQL: SHOW COLUMNS FROM `db_domainmgr` [ RunTime:0.000480s ]
SQL: SELECT * FROM `db_domainmgr` WHERE `id` = 16 LIMIT 1   [ RunTime:0.000232s ]
SQL: SHOW COLUMNS FROM `db_item` [ RunTime:0.000242s ]
SQL: SELECT * FROM `db_item` WHERE `domainname` = 'ikdffejie.cn' LIMIT 1   [ RunTime:0.000035s ]
SQL: SHOW COLUMNS FROM `db_registrar` [ RunTime:0.000471s ]
SQL: SELECT `registrar` FROM `db_registrar` WHERE `status` = 'Y'  [ RunTime:0.000045s ]
INFO: [ view_parse ] --START--
INFO: [ template_filter ] --START--
INFO: Run Behavior\ContentReplaceBehavior [ RunTime:0.000079s ]
INFO: [ template_filter ] --END-- [ RunTime:0.000108s ]
INFO: Run Behavior\ParseTemplateBehavior [ RunTime:0.034317s ]
INFO: [ view_parse ] --END-- [ RunTime:0.034414s ]
INFO: [ view_filter ] --START--
INFO: Run Behavior\WriteHtmlCacheBehavior [ RunTime:0.000672s ]
INFO: [ view_filter ] --END-- [ RunTime:0.000735s ]
INFO: [ app_end ] --START--
INFO: Run Behavior\ShowPageTraceBehavior [ RunTime:0.000052s ]
INFO: [ app_end ] --END-- [ RunTime:0.000081s ]

